======================================================================
 CBT 기출문제 변환 엔진 V11.3 - 초정밀 디버깅 로그
 [날짜/시간] : 2026-06-28 14:11:52
 [Input 파일]: gas_CBT_2017_2025.docx
 [Output 파일]: data/gas/gas_questions.json
======================================================================

[2026-06-28 14:11:52] [INFO] 
⏳ [가스기능사] 문서 선형화 및 파싱을 시작합니다...
[2026-06-28 14:11:54] [INFO] 
🔍 [1단계] 문서 내 연도/회차 타이틀 스캔 중...
[2026-06-28 14:11:54] [INFO]   📌 [회차 발견] 문서 내 텍스트에서 '2017년 1회' 타이틀 추출 완료!
[2026-06-28 14:11:54] [INFO]   📌 [회차 발견] 문서 내 텍스트에서 '2017년 3회' 타이틀 추출 완료!
[2026-06-28 14:11:54] [INFO]   📌 [회차 발견] 문서 내 텍스트에서 '2018년 1회' 타이틀 추출 완료!
[2026-06-28 14:11:54] [INFO]   📌 [회차 발견] 문서 내 텍스트에서 '2018년 3회' 타이틀 추출 완료!
[2026-06-28 14:11:54] [INFO]   📌 [회차 발견] 문서 내 텍스트에서 '2019년 1회' 타이틀 추출 완료!
[2026-06-28 14:11:54] [INFO]   📌 [회차 발견] 문서 내 텍스트에서 '2019년 3회' 타이틀 추출 완료!
[2026-06-28 14:11:54] [INFO]   📌 [회차 발견] 문서 내 텍스트에서 '2020년 1회' 타이틀 추출 완료!
[2026-06-28 14:11:54] [INFO]   📌 [회차 발견] 문서 내 텍스트에서 '2020년 3회' 타이틀 추출 완료!
[2026-06-28 14:11:54] [INFO]   📌 [회차 발견] 문서 내 텍스트에서 '2021년 1회' 타이틀 추출 완료!
[2026-06-28 14:11:54] [INFO]   📌 [회차 발견] 문서 내 텍스트에서 '2021년 3회' 타이틀 추출 완료!
[2026-06-28 14:11:54] [INFO]   📌 [회차 발견] 문서 내 텍스트에서 '2022년 1회' 타이틀 추출 완료!
[2026-06-28 14:11:54] [INFO]   📌 [회차 발견] 문서 내 텍스트에서 '2022년 3회' 타이틀 추출 완료!
[2026-06-28 14:11:54] [INFO]   📌 [회차 발견] 문서 내 텍스트에서 '2023년 1회' 타이틀 추출 완료!
[2026-06-28 14:11:54] [INFO]   📌 [회차 발견] 문서 내 텍스트에서 '2023년 3회' 타이틀 추출 완료!
[2026-06-28 14:11:54] [INFO]   📌 [회차 발견] 문서 내 텍스트에서 '2024년 1회' 타이틀 추출 완료!
[2026-06-28 14:11:54] [INFO]   📌 [회차 발견] 문서 내 텍스트에서 '2024년 3회' 타이틀 추출 완료!
[2026-06-28 14:11:54] [INFO]   📌 [회차 발견] 문서 내 텍스트에서 '2025년 1회' 타이틀 추출 완료!
[2026-06-28 14:11:54] [INFO]   📌 [회차 발견] 문서 내 텍스트에서 '2025년 3회' 타이틀 추출 완료!
[2026-06-28 14:11:54] [INFO]    -> 총 18개의 회차 타이틀을 확보했습니다!

[2026-06-28 14:11:54] [INFO] -----------------------------------------------------------------
[2026-06-28 14:11:54] [INFO] 🛠️ [2단계] 실시간 문제 추출 및 에러 감지 로그
