======================================================================
 CBT 기출문제 변환 엔진 V11.1 - 상세 디버깅 로그
 [날짜/시간] : 2026-06-28 13:40:53
 [Input 파일]: gas_CBT_2017_2025.docx
 [Output 파일]: data/gas/gas_questions.json
======================================================================

[2026-06-28 13:40:53] [INFO] ⏳ [가스기능사] 문서 선형화 및 파싱을 시작합니다...
[2026-06-28 13:40:53] [DEBUG]   🔍 [표 분석] 레이아웃용 껍데기(래퍼) 표 감지 -> 해체 진행
[2026-06-28 13:40:53] [DEBUG]   🔍 [표 분석] 실제 데이터/지문용 표 감지 -> HTML <table>로 보존
[2026-06-28 13:40:53] [DEBUG]   🔍 [표 분석] 실제 데이터/지문용 표 감지 -> HTML <table>로 보존
[2026-06-28 13:40:53] [DEBUG]   🔍 [표 분석] 실제 데이터/지문용 표 감지 -> HTML <table>로 보존
[2026-06-28 13:40:53] [DEBUG]   🔍 [표 분석] 실제 데이터/지문용 표 감지 -> HTML <table>로 보존
[2026-06-28 13:40:53] [DEBUG]   🔍 [표 분석] 레이아웃용 껍데기(래퍼) 표 감지 -> 해체 진행
[2026-06-28 13:40:53] [DEBUG]   🔍 [표 분석] 레이아웃용 껍데기(래퍼) 표 감지 -> 해체 진행
[2026-06-28 13:40:53] [DEBUG]   🔍 [표 분석] 실제 데이터/지문용 표 감지 -> HTML <table>로 보존
[2026-06-28 13:40:53] [DEBUG]   🔍 [표 분석] 실제 데이터/지문용 표 감지 -> HTML <table>로 보존
[2026-06-28 13:40:53] [DEBUG]   🔍 [표 분석] 실제 데이터/지문용 표 감지 -> HTML <table>로 보존
[2026-06-28 13:40:53] [DEBUG]   🔍 [표 분석] 레이아웃용 껍데기(래퍼) 표 감지 -> 해체 진행
[2026-06-28 13:40:53] [DEBUG]   🔍 [표 분석] 레이아웃용 껍데기(래퍼) 표 감지 -> 해체 진행
[2026-06-28 13:40:53] [DEBUG]   🔍 [표 분석] 실제 데이터/지문용 표 감지 -> HTML <table>로 보존
[2026-06-28 13:40:53] [DEBUG]   🔍 [표 분석] 레이아웃용 껍데기(래퍼) 표 감지 -> 해체 진행
[2026-06-28 13:40:53] [DEBUG]   🔍 [표 분석] 실제 데이터/지문용 표 감지 -> HTML <table>로 보존
[2026-06-28 13:40:53] [DEBUG]   🔍 [표 분석] 실제 데이터/지문용 표 감지 -> HTML <table>로 보존
[2026-06-28 13:40:53] [DEBUG]   🔍 [표 분석] 레이아웃용 껍데기(래퍼) 표 감지 -> 해체 진행
[2026-06-28 13:40:53] [DEBUG]   🔍 [표 분석] 레이아웃용 껍데기(래퍼) 표 감지 -> 해체 진행
[2026-06-28 13:40:53] [DEBUG]   🔍 [표 분석] 실제 데이터/지문용 표 감지 -> HTML <table>로 보존
[2026-06-28 13:40:53] [DEBUG]   🔍 [표 분석] 실제 데이터/지문용 표 감지 -> HTML <table>로 보존
[2026-06-28 13:40:54] [DEBUG]   🔍 [표 분석] 레이아웃용 껍데기(래퍼) 표 감지 -> 해체 진행
[2026-06-28 13:40:54] [DEBUG]   🔍 [표 분석] 레이아웃용 껍데기(래퍼) 표 감지 -> 해체 진행
[2026-06-28 13:40:54] [DEBUG]   🔍 [표 분석] 레이아웃용 껍데기(래퍼) 표 감지 -> 해체 진행
[2026-06-28 13:40:54] [DEBUG]   🔍 [표 분석] 레이아웃용 껍데기(래퍼) 표 감지 -> 해체 진행
[2026-06-28 13:40:54] [DEBUG]   🔍 [표 분석] 레이아웃용 껍데기(래퍼) 표 감지 -> 해체 진행
[2026-06-28 13:40:54] [DEBUG]   🔍 [표 분석] 실제 데이터/지문용 표 감지 -> HTML <table>로 보존
[2026-06-28 13:40:54] [DEBUG]   🔍 [표 분석] 레이아웃용 껍데기(래퍼) 표 감지 -> 해체 진행
[2026-06-28 13:40:54] [DEBUG]   🔍 [표 분석] 레이아웃용 껍데기(래퍼) 표 감지 -> 해체 진행
[2026-06-28 13:40:54] [DEBUG]   🔍 [표 분석] 레이아웃용 껍데기(래퍼) 표 감지 -> 해체 진행
[2026-06-28 13:40:54] [DEBUG]   🔍 [표 분석] 레이아웃용 껍데기(래퍼) 표 감지 -> 해체 진행
[2026-06-28 13:40:54] [INFO]   📌 [회차 발견] 2017년 1회
[2026-06-28 13:40:54] [INFO]   📌 [회차 발견] 2017년 3회
[2026-06-28 13:40:54] [INFO]   📌 [회차 발견] 2018년 1회
[2026-06-28 13:40:54] [INFO]   📌 [회차 발견] 2018년 3회
[2026-06-28 13:40:54] [INFO]   📌 [회차 발견] 2019년 1회
[2026-06-28 13:40:54] [INFO]   📌 [회차 발견] 2019년 3회
[2026-06-28 13:40:54] [INFO]   📌 [회차 발견] 2020년 1회
[2026-06-28 13:40:54] [INFO]   📌 [회차 발견] 2020년 3회
[2026-06-28 13:40:54] [INFO]   📌 [회차 발견] 2021년 1회
[2026-06-28 13:40:54] [INFO]   📌 [회차 발견] 2021년 3회
[2026-06-28 13:40:54] [INFO]   📌 [회차 발견] 2022년 1회
[2026-06-28 13:40:54] [INFO]   📌 [회차 발견] 2022년 3회
[2026-06-28 13:40:54] [INFO]   📌 [회차 발견] 2023년 1회
[2026-06-28 13:40:54] [INFO]   📌 [회차 발견] 2023년 3회
[2026-06-28 13:40:54] [INFO]   📌 [회차 발견] 2024년 1회
[2026-06-28 13:40:54] [INFO]   📌 [회차 발견] 2024년 3회
[2026-06-28 13:40:54] [INFO]   📌 [회차 발견] 2025년 1회
[2026-06-28 13:40:54] [INFO]   📌 [회차 발견] 2025년 3회
[2026-06-28 13:40:54] [INFO]    -> 총 18개의 회차(연도) 타이틀을 확보했습니다!
[2026-06-28 13:40:54] [INFO] -----------------------------------------------------------------
[2026-06-28 13:40:54] [INFO] 🛠️ [실시간 파싱 에러/누락 의심 로그]
[2026-06-28 13:40:54] [DEBUG]   ✅ [파싱 성공] 1번 문제 성공적으로 추출됨
[2026-06-28 13:40:54] [DEBUG]   ✅ [파싱 성공] 2번 문제 성공적으로 추출됨
[2026-06-28 13:40:54] [DEBUG]   ✅ [파싱 성공] 3번 문제 성공적으로 추출됨
[2026-06-28 13:40:54] [DEBUG]   ✅ [파싱 성공] 4번 문제 성공적으로 추출됨
[2026-06-28 13:40:54] [DEBUG]   ✅ [파싱 성공] 5번 문제 성공적으로 추출됨
[2026-06-28 13:40:54] [DEBUG]   ✅ [파싱 성공] 6번 문제 성공적으로 추출됨
[2026-06-28 13:40:54] [DEBUG]   ✅ [파싱 성공] 7번 문제 성공적으로 추출됨
[2026-06-28 13:40:54] [DEBUG]   ✅ [파싱 성공] 8번 문제 성공적으로 추출됨
[2026-06-28 13:40:54] [DEBUG]   ✅ [파싱 성공] 9번 문제 성공적으로 추출됨
[2026-06-28 13:40:54] [DEBUG]   ✅ [파싱 성공] 10번 문제 성공적으로 추출됨
[2026-06-28 13:40:54] [DEBUG]   ✅ [파싱 성공] 11번 문제 성공적으로 추출됨
[2026-06-28 13:40:54] [DEBUG]   ✅ [파싱 성공] 12번 문제 성공적으로 추출됨
[2026-06-28 13:40:54] [DEBUG]   ✅ [파싱 성공] 13번 문제 성공적으로 추출됨
[2026-06-28 13:40:54] [DEBUG]   ✅ [파싱 성공] 14번 문제 성공적으로 추출됨
[2026-06-28 13:40:54] [DEBUG]   ✅ [파싱 성공] 15번 문제 성공적으로 추출됨
[2026-06-28 13:40:54] [DEBUG]   ✅ [파싱 성공] 16번 문제 성공적으로 추출됨
[2026-06-28 13:40:54] [DEBUG]   ✅ [파싱 성공] 17번 문제 성공적으로 추출됨
[2026-06-28 13:40:54] [DEBUG]   ✅ [파싱 성공] 18번 문제 성공적으로 추출됨
[2026-06-28 13:40:54] [DEBUG]   ✅ [파싱 성공] 19번 문제 성공적으로 추출됨
[2026-06-28 13:40:54] [DEBUG]   ✅ [파싱 성공] 20번 문제 성공적으로 추출됨
[2026-06-28 13:40:54] [DEBUG]   ✅ [파싱 성공] 21번 문제 성공적으로 추출됨
[2026-06-28 13:40:54] [DEBUG]   ✅ [파싱 성공] 22번 문제 성공적으로 추출됨
[2026-06-28 13:40:54] [DEBUG]   ✅ [파싱 성공] 23번 문제 성공적으로 추출됨
[2026-06-28 13:40:54] [DEBUG]   ✅ [파싱 성공] 24번 문제 성공적으로 추출됨
[2026-06-28 13:40:54] [DEBUG]   ✅ [파싱 성공] 25번 문제 성공적으로 추출됨
[2026-06-28 13:40:54] [ERROR]   ❌ [누락/폐기] 500번 문항 폐기됨 (사유: 보기 없음) -> "500 × 427 / 3,600 = 59.3[kgf·m/s] 1[kcal..."
[2026-06-28 13:40:54] [DEBUG]   ✅ [파싱 성공] 26번 문제 성공적으로 추출됨
[2026-06-28 13:40:54] [DEBUG]   ✅ [파싱 성공] 27번 문제 성공적으로 추출됨
[2026-06-28 13:40:54] [DEBUG]   ✅ [파싱 성공] 28번 문제 성공적으로 추출됨
[2026-06-28 13:40:54] [DEBUG]   ✅ [파싱 성공] 29번 문제 성공적으로 추출됨
[2026-06-28 13:40:54] [DEBUG]   ✅ [파싱 성공] 30번 문제 성공적으로 추출됨
[2026-06-28 13:40:54] [DEBUG]   ✅ [파싱 성공] 31번 문제 성공적으로 추출됨
[2026-06-28 13:40:54] [DEBUG]   ✅ [파싱 성공] 32번 문제 성공적으로 추출됨
[2026-06-28 13:40:54] [DEBUG]   ✅ [파싱 성공] 33번 문제 성공적으로 추출됨
[2026-06-28 13:40:54] [DEBUG]   ✅ [파싱 성공] 34번 문제 성공적으로 추출됨
[2026-06-28 13:40:54] [DEBUG]   ✅ [파싱 성공] 35번 문제 성공적으로 추출됨
[2026-06-28 13:40:54] [DEBUG]   ✅ [파싱 성공] 36번 문제 성공적으로 추출됨
[2026-06-28 13:40:54] [DEBUG]   ✅ [파싱 성공] 37번 문제 성공적으로 추출됨
[2026-06-28 13:40:54] [DEBUG]   ✅ [파싱 성공] 38번 문제 성공적으로 추출됨
[2026-06-28 13:40:54] [DEBUG]   ✅ [파싱 성공] 39번 문제 성공적으로 추출됨
[2026-06-28 13:40:54] [DEBUG]   ✅ [파싱 성공] 40번 문제 성공적으로 추출됨
[2026-06-28 13:40:54] [DEBUG]   ✅ [파싱 성공] 41번 문제 성공적으로 추출됨
[2026-06-28 13:40:54] [DEBUG]   ✅ [파싱 성공] 42번 문제 성공적으로 추출됨
[2026-06-28 13:40:54] [DEBUG]   ✅ [파싱 성공] 43번 문제 성공적으로 추출됨
[2026-06-28 13:40:54] [DEBUG]   ✅ [파싱 성공] 44번 문제 성공적으로 추출됨
[2026-06-28 13:40:54] [DEBUG]   ✅ [파싱 성공] 45번 문제 성공적으로 추출됨
[2026-06-28 13:40:54] [DEBUG]   ✅ [파싱 성공] 46번 문제 성공적으로 추출됨
[2026-06-28 13:40:54] [DEBUG]   ✅ [파싱 성공] 47번 문제 성공적으로 추출됨
[2026-06-28 13:40:54] [DEBUG]   ✅ [파싱 성공] 48번 문제 성공적으로 추출됨
[2026-06-28 13:40:54] [DEBUG]   ✅ [파싱 성공] 49번 문제 성공적으로 추출됨
[2026-06-28 13:40:54] [DEBUG]   ✅ [파싱 성공] 50번 문제 성공적으로 추출됨
[2026-06-28 13:40:54] [DEBUG]   ✅ [파싱 성공] 51번 문제 성공적으로 추출됨
[2026-06-28 13:40:54] [DEBUG]   ✅ [파싱 성공] 52번 문제 성공적으로 추출됨
[2026-06-28 13:40:54] [DEBUG]   ✅ [파싱 성공] 53번 문제 성공적으로 추출됨
[2026-06-28 13:40:54] [DEBUG]   ✅ [파싱 성공] 54번 문제 성공적으로 추출됨
[2026-06-28 13:40:54] [DEBUG]   ✅ [파싱 성공] 55번 문제 성공적으로 추출됨
[2026-06-28 13:40:54] [DEBUG]   ✅ [파싱 성공] 56번 문제 성공적으로 추출됨
[2026-06-28 13:40:54] [DEBUG]   ✅ [파싱 성공] 57번 문제 성공적으로 추출됨
[2026-06-28 13:40:54] [DEBUG]   ✅ [파싱 성공] 58번 문제 성공적으로 추출됨
[2026-06-28 13:40:54] [DEBUG]   ✅ [파싱 성공] 59번 문제 성공적으로 추출됨
[2026-06-28 13:40:54] [DEBUG]   ✅ [파싱 성공] 60번 문제 성공적으로 추출됨
[2026-06-28 13:40:54] [DEBUG]   ✅ [파싱 성공] 1번 문제 성공적으로 추출됨
[2026-06-28 13:40:54] [DEBUG]   ✅ [파싱 성공] 2번 문제 성공적으로 추출됨
[2026-06-28 13:40:54] [DEBUG]   ✅ [파싱 성공] 3번 문제 성공적으로 추출됨
[2026-06-28 13:40:54] [DEBUG]   ✅ [파싱 성공] 4번 문제 성공적으로 추출됨
[2026-06-28 13:40:54] [DEBUG]   ✅ [파싱 성공] 5번 문제 성공적으로 추출됨
[2026-06-28 13:40:54] [DEBUG]   ✅ [파싱 성공] 6번 문제 성공적으로 추출됨
[2026-06-28 13:40:54] [DEBUG]   ✅ [파싱 성공] 7번 문제 성공적으로 추출됨
[2026-06-28 13:40:54] [DEBUG]   ✅ [파싱 성공] 8번 문제 성공적으로 추출됨
[2026-06-28 13:40:54] [DEBUG]   ✅ [파싱 성공] 9번 문제 성공적으로 추출됨
[2026-06-28 13:40:54] [ERROR]   ❌ [누락/폐기] 0번 문항 폐기됨 (사유: 보기 없음) -> "0.2[MPa] 미만 5[m]..."
[2026-06-28 13:40:54] [ERROR]   ❌ [누락/폐기] 0번 문항 폐기됨 (사유: 보기 없음) -> "0.2[MPa] 이상 1[MPa] 미만 9[m] 1[MPa] 이상 15[..."
[2026-06-28 13:40:54] [DEBUG]   ✅ [파싱 성공] 10번 문제 성공적으로 추출됨
[2026-06-28 13:40:54] [DEBUG]   ✅ [파싱 성공] 11번 문제 성공적으로 추출됨
[2026-06-28 13:40:54] [DEBUG]   ✅ [파싱 성공] 12번 문제 성공적으로 추출됨
[2026-06-28 13:40:54] [DEBUG]   ✅ [파싱 성공] 13번 문제 성공적으로 추출됨
[2026-06-28 13:40:54] [DEBUG]   ✅ [파싱 성공] 14번 문제 성공적으로 추출됨
[2026-06-28 13:40:54] [DEBUG]   ✅ [파싱 성공] 15번 문제 성공적으로 추출됨
[2026-06-28 13:40:54] [DEBUG]   ✅ [파싱 성공] 16번 문제 성공적으로 추출됨
[2026-06-28 13:40:54] [DEBUG]   ✅ [파싱 성공] 17번 문제 성공적으로 추출됨
[2026-06-28 13:40:54] [DEBUG]   ✅ [파싱 성공] 18번 문제 성공적으로 추출됨
[2026-06-28 13:40:54] [DEBUG]   ✅ [파싱 성공] 19번 문제 성공적으로 추출됨
[2026-06-28 13:40:54] [DEBUG]   ✅ [파싱 성공] 20번 문제 성공적으로 추출됨
[2026-06-28 13:40:54] [DEBUG]   ✅ [파싱 성공] 21번 문제 성공적으로 추출됨
[2026-06-28 13:40:54] [DEBUG]   ✅ [파싱 성공] 22번 문제 성공적으로 추출됨
[2026-06-28 13:40:54] [DEBUG]   ✅ [파싱 성공] 23번 문제 성공적으로 추출됨
[2026-06-28 13:40:54] [DEBUG]   ✅ [파싱 성공] 24번 문제 성공적으로 추출됨
[2026-06-28 13:40:54] [DEBUG]   ✅ [파싱 성공] 25번 문제 성공적으로 추출됨
[2026-06-28 13:40:54] [DEBUG]   ✅ [파싱 성공] 26번 문제 성공적으로 추출됨
[2026-06-28 13:40:54] [DEBUG]   ✅ [파싱 성공] 27번 문제 성공적으로 추출됨
[2026-06-28 13:40:54] [DEBUG]   ✅ [파싱 성공] 28번 문제 성공적으로 추출됨
[2026-06-28 13:40:54] [DEBUG]   ✅ [파싱 성공] 29번 문제 성공적으로 추출됨
[2026-06-28 13:40:54] [DEBUG]   ✅ [파싱 성공] 30번 문제 성공적으로 추출됨
[2026-06-28 13:40:54] [DEBUG]   ✅ [파싱 성공] 31번 문제 성공적으로 추출됨
[2026-06-28 13:40:54] [DEBUG]   ✅ [파싱 성공] 32번 문제 성공적으로 추출됨
[2026-06-28 13:40:54] [DEBUG]   ✅ [파싱 성공] 33번 문제 성공적으로 추출됨
[2026-06-28 13:40:54] [DEBUG]   ✅ [파싱 성공] 34번 문제 성공적으로 추출됨
[2026-06-28 13:40:54] [DEBUG]   ✅ [파싱 성공] 35번 문제 성공적으로 추출됨
[2026-06-28 13:40:54] [ERROR]   ❌ [누락/폐기] 1번 문항 폐기됨 (사유: 보기 없음) -> "1. 회전수 1,000[rpm] 펌프의 동력 계산 [PS] = (γ × ..."
[2026-06-28 13:40:54] [ERROR]   ❌ [누락/폐기] 2번 문항 폐기됨 (사유: 보기 없음) -> "2. 상사법칙 적용 : 동력은 회전수 세제곱에 비례한다. (1,100/1..."
[2026-06-28 13:40:54] [DEBUG]   ✅ [파싱 성공] 36번 문제 성공적으로 추출됨
[2026-06-28 13:40:54] [DEBUG]   ✅ [파싱 성공] 37번 문제 성공적으로 추출됨
[2026-06-28 13:40:54] [DEBUG]   ✅ [파싱 성공] 38번 문제 성공적으로 추출됨
[2026-06-28 13:40:54] [DEBUG]   ✅ [파싱 성공] 39번 문제 성공적으로 추출됨
[2026-06-28 13:40:54] [DEBUG]   ✅ [파싱 성공] 40번 문제 성공적으로 추출됨
[2026-06-28 13:40:54] [DEBUG]   ✅ [파싱 성공] 41번 문제 성공적으로 추출됨
[2026-06-28 13:40:54] [DEBUG]   ✅ [파싱 성공] 42번 문제 성공적으로 추출됨
[2026-06-28 13:40:54] [DEBUG]   ✅ [파싱 성공] 43번 문제 성공적으로 추출됨
[2026-06-28 13:40:54] [DEBUG]   ✅ [파싱 성공] 44번 문제 성공적으로 추출됨
[2026-06-28 13:40:54] [DEBUG]   ✅ [파싱 성공] 45번 문제 성공적으로 추출됨
[2026-06-28 13:40:54] [DEBUG]   ✅ [파싱 성공] 46번 문제 성공적으로 추출됨
[2026-06-28 13:40:54] [DEBUG]   ✅ [파싱 성공] 47번 문제 성공적으로 추출됨
[2026-06-28 13:40:54] [DEBUG]   ✅ [파싱 성공] 48번 문제 성공적으로 추출됨
[2026-06-28 13:40:54] [DEBUG]   ✅ [파싱 성공] 49번 문제 성공적으로 추출됨
[2026-06-28 13:40:54] [DEBUG]   ✅ [파싱 성공] 50번 문제 성공적으로 추출됨
[2026-06-28 13:40:54] [DEBUG]   ✅ [파싱 성공] 51번 문제 성공적으로 추출됨
[2026-06-28 13:40:54] [DEBUG]   ✅ [파싱 성공] 52번 문제 성공적으로 추출됨
[2026-06-28 13:40:54] [DEBUG]   ✅ [파싱 성공] 53번 문제 성공적으로 추출됨
[2026-06-28 13:40:54] [DEBUG]   ✅ [파싱 성공] 54번 문제 성공적으로 추출됨
[2026-06-28 13:40:54] [DEBUG]   ✅ [파싱 성공] 55번 문제 성공적으로 추출됨
[2026-06-28 13:40:54] [DEBUG]   ✅ [파싱 성공] 56번 문제 성공적으로 추출됨
[2026-06-28 13:40:54] [DEBUG]   ✅ [파싱 성공] 57번 문제 성공적으로 추출됨
[2026-06-28 13:40:54] [DEBUG]   ✅ [파싱 성공] 58번 문제 성공적으로 추출됨
[2026-06-28 13:40:54] [DEBUG]   ✅ [파싱 성공] 59번 문제 성공적으로 추출됨
[2026-06-28 13:40:54] [DEBUG]   ✅ [파싱 성공] 60번 문제 성공적으로 추출됨
[2026-06-28 13:40:54] [DEBUG]   ✅ [파싱 성공] 1번 문제 성공적으로 추출됨
[2026-06-28 13:40:54] [DEBUG]   ✅ [파싱 성공] 2번 문제 성공적으로 추출됨
[2026-06-28 13:40:54] [DEBUG]   ✅ [파싱 성공] 3번 문제 성공적으로 추출됨
[2026-06-28 13:40:54] [DEBUG]   ✅ [파싱 성공] 4번 문제 성공적으로 추출됨
[2026-06-28 13:40:54] [DEBUG]   ✅ [파싱 성공] 5번 문제 성공적으로 추출됨
[2026-06-28 13:40:54] [DEBUG]   ✅ [파싱 성공] 6번 문제 성공적으로 추출됨
[2026-06-28 13:40:54] [DEBUG]   ✅ [파싱 성공] 7번 문제 성공적으로 추출됨
[2026-06-28 13:40:54] [DEBUG]   ✅ [파싱 성공] 8번 문제 성공적으로 추출됨
[2026-06-28 13:40:54] [DEBUG]   ✅ [파싱 성공] 9번 문제 성공적으로 추출됨
[2026-06-28 13:40:54] [DEBUG]   ✅ [파싱 성공] 10번 문제 성공적으로 추출됨
[2026-06-28 13:40:54] [DEBUG]   ✅ [파싱 성공] 11번 문제 성공적으로 추출됨
[2026-06-28 13:40:54] [DEBUG]   ✅ [파싱 성공] 12번 문제 성공적으로 추출됨
[2026-06-28 13:40:54] [DEBUG]   ✅ [파싱 성공] 13번 문제 성공적으로 추출됨
[2026-06-28 13:40:54] [DEBUG]   ✅ [파싱 성공] 14번 문제 성공적으로 추출됨
[2026-06-28 13:40:54] [DEBUG]   ✅ [파싱 성공] 15번 문제 성공적으로 추출됨
[2026-06-28 13:40:54] [DEBUG]   ✅ [파싱 성공] 16번 문제 성공적으로 추출됨
[2026-06-28 13:40:54] [DEBUG]   ✅ [파싱 성공] 17번 문제 성공적으로 추출됨
[2026-06-28 13:40:54] [DEBUG]   ✅ [파싱 성공] 18번 문제 성공적으로 추출됨
[2026-06-28 13:40:54] [DEBUG]   ✅ [파싱 성공] 19번 문제 성공적으로 추출됨
[2026-06-28 13:40:54] [DEBUG]   ✅ [파싱 성공] 20번 문제 성공적으로 추출됨
[2026-06-28 13:40:54] [DEBUG]   ✅ [파싱 성공] 21번 문제 성공적으로 추출됨
[2026-06-28 13:40:54] [DEBUG]   ✅ [파싱 성공] 22번 문제 성공적으로 추출됨
[2026-06-28 13:40:54] [DEBUG]   ✅ [파싱 성공] 23번 문제 성공적으로 추출됨
[2026-06-28 13:40:54] [DEBUG]   ✅ [파싱 성공] 24번 문제 성공적으로 추출됨
[2026-06-28 13:40:54] [DEBUG]   ✅ [파싱 성공] 25번 문제 성공적으로 추출됨
[2026-06-28 13:40:54] [DEBUG]   ✅ [파싱 성공] 26번 문제 성공적으로 추출됨
[2026-06-28 13:40:54] [DEBUG]   ✅ [파싱 성공] 27번 문제 성공적으로 추출됨
[2026-06-28 13:40:54] [DEBUG]   ✅ [파싱 성공] 28번 문제 성공적으로 추출됨
[2026-06-28 13:40:54] [DEBUG]   ✅ [파싱 성공] 29번 문제 성공적으로 추출됨
[2026-06-28 13:40:54] [DEBUG]   ✅ [파싱 성공] 30번 문제 성공적으로 추출됨
[2026-06-28 13:40:54] [DEBUG]   ✅ [파싱 성공] 31번 문제 성공적으로 추출됨
[2026-06-28 13:40:54] [DEBUG]   ✅ [파싱 성공] 32번 문제 성공적으로 추출됨
[2026-06-28 13:40:54] [DEBUG]   ✅ [파싱 성공] 33번 문제 성공적으로 추출됨
[2026-06-28 13:40:54] [DEBUG]   ✅ [파싱 성공] 34번 문제 성공적으로 추출됨
[2026-06-28 13:40:54] [DEBUG]   ✅ [파싱 성공] 35번 문제 성공적으로 추출됨
[2026-06-28 13:40:54] [DEBUG]   ✅ [파싱 성공] 36번 문제 성공적으로 추출됨
[2026-06-28 13:40:54] [DEBUG]   ✅ [파싱 성공] 37번 문제 성공적으로 추출됨
[2026-06-28 13:40:54] [DEBUG]   ✅ [파싱 성공] 38번 문제 성공적으로 추출됨
[2026-06-28 13:40:54] [ERROR]   ❌ [누락/폐기] 0번 문항 폐기됨 (사유: 보기 없음) -> "0.1[ppm] 185[ppm] 다른책에서는 시안화수소 수치가 약 355..."
[2026-06-28 13:40:54] [DEBUG]   ✅ [파싱 성공] 39번 문제 성공적으로 추출됨
[2026-06-28 13:40:54] [DEBUG]   ✅ [파싱 성공] 40번 문제 성공적으로 추출됨
[2026-06-28 13:40:54] [DEBUG]   ✅ [파싱 성공] 41번 문제 성공적으로 추출됨
[2026-06-28 13:40:54] [DEBUG]   ✅ [파싱 성공] 42번 문제 성공적으로 추출됨
[2026-06-28 13:40:54] [DEBUG]   ✅ [파싱 성공] 43번 문제 성공적으로 추출됨
[2026-06-28 13:40:54] [DEBUG]   ✅ [파싱 성공] 44번 문제 성공적으로 추출됨
[2026-06-28 13:40:54] [DEBUG]   ✅ [파싱 성공] 45번 문제 성공적으로 추출됨
[2026-06-28 13:40:54] [DEBUG]   ✅ [파싱 성공] 46번 문제 성공적으로 추출됨
[2026-06-28 13:40:54] [DEBUG]   ✅ [파싱 성공] 47번 문제 성공적으로 추출됨
[2026-06-28 13:40:54] [DEBUG]   ✅ [파싱 성공] 48번 문제 성공적으로 추출됨
[2026-06-28 13:40:54] [DEBUG]   ✅ [파싱 성공] 49번 문제 성공적으로 추출됨
[2026-06-28 13:40:54] [DEBUG]   ✅ [파싱 성공] 50번 문제 성공적으로 추출됨
[2026-06-28 13:40:54] [DEBUG]   ✅ [파싱 성공] 51번 문제 성공적으로 추출됨
[2026-06-28 13:40:54] [DEBUG]   ✅ [파싱 성공] 52번 문제 성공적으로 추출됨
[2026-06-28 13:40:54] [DEBUG]   ✅ [파싱 성공] 53번 문제 성공적으로 추출됨
[2026-06-28 13:40:54] [DEBUG]   ✅ [파싱 성공] 54번 문제 성공적으로 추출됨
[2026-06-28 13:40:54] [DEBUG]   ✅ [파싱 성공] 55번 문제 성공적으로 추출됨
[2026-06-28 13:40:54] [DEBUG]   ✅ [파싱 성공] 56번 문제 성공적으로 추출됨
[2026-06-28 13:40:54] [ERROR]   ❌ [누락/폐기] 44번 문항 폐기됨 (사유: 보기 없음) -> "44 : 80 = 1 : x x = 80/44 = 1.82[kg] 정답 ..."
[2026-06-28 13:40:54] [DEBUG]   ✅ [파싱 성공] 57번 문제 성공적으로 추출됨
[2026-06-28 13:40:54] [DEBUG]   ✅ [파싱 성공] 58번 문제 성공적으로 추출됨
[2026-06-28 13:40:54] [DEBUG]   ✅ [파싱 성공] 59번 문제 성공적으로 추출됨
[2026-06-28 13:40:54] [DEBUG]   ✅ [파싱 성공] 60번 문제 성공적으로 추출됨
[2026-06-28 13:40:54] [DEBUG]   ✅ [파싱 성공] 1번 문제 성공적으로 추출됨
[2026-06-28 13:40:54] [DEBUG]   ✅ [파싱 성공] 2번 문제 성공적으로 추출됨
[2026-06-28 13:40:54] [DEBUG]   ✅ [파싱 성공] 3번 문제 성공적으로 추출됨
[2026-06-28 13:40:54] [DEBUG]   ✅ [파싱 성공] 4번 문제 성공적으로 추출됨
[2026-06-28 13:40:54] [DEBUG]   ✅ [파싱 성공] 5번 문제 성공적으로 추출됨
[2026-06-28 13:40:54] [DEBUG]   ✅ [파싱 성공] 6번 문제 성공적으로 추출됨
[2026-06-28 13:40:54] [DEBUG]   ✅ [파싱 성공] 7번 문제 성공적으로 추출됨
[2026-06-28 13:40:54] [DEBUG]   ✅ [파싱 성공] 8번 문제 성공적으로 추출됨
[2026-06-28 13:40:54] [DEBUG]   ✅ [파싱 성공] 9번 문제 성공적으로 추출됨
[2026-06-28 13:40:54] [DEBUG]   ✅ [파싱 성공] 10번 문제 성공적으로 추출됨
[2026-06-28 13:40:54] [DEBUG]   ✅ [파싱 성공] 11번 문제 성공적으로 추출됨
[2026-06-28 13:40:54] [DEBUG]   ✅ [파싱 성공] 12번 문제 성공적으로 추출됨
[2026-06-28 13:40:54] [DEBUG]   ✅ [파싱 성공] 13번 문제 성공적으로 추출됨
[2026-06-28 13:40:54] [DEBUG]   ✅ [파싱 성공] 14번 문제 성공적으로 추출됨
[2026-06-28 13:40:54] [DEBUG]   ✅ [파싱 성공] 15번 문제 성공적으로 추출됨
[2026-06-28 13:40:54] [DEBUG]   ✅ [파싱 성공] 16번 문제 성공적으로 추출됨
[2026-06-28 13:40:54] [DEBUG]   ✅ [파싱 성공] 17번 문제 성공적으로 추출됨
[2026-06-28 13:40:54] [DEBUG]   ✅ [파싱 성공] 18번 문제 성공적으로 추출됨
[2026-06-28 13:40:54] [DEBUG]   ✅ [파싱 성공] 19번 문제 성공적으로 추출됨
[2026-06-28 13:40:54] [DEBUG]   ✅ [파싱 성공] 20번 문제 성공적으로 추출됨
[2026-06-28 13:40:54] [DEBUG]   ✅ [파싱 성공] 21번 문제 성공적으로 추출됨
[2026-06-28 13:40:54] [DEBUG]   ✅ [파싱 성공] 22번 문제 성공적으로 추출됨
[2026-06-28 13:40:54] [DEBUG]   ✅ [파싱 성공] 23번 문제 성공적으로 추출됨
[2026-06-28 13:40:54] [DEBUG]   ✅ [파싱 성공] 24번 문제 성공적으로 추출됨
[2026-06-28 13:40:54] [DEBUG]   ✅ [파싱 성공] 25번 문제 성공적으로 추출됨
[2026-06-28 13:40:54] [DEBUG]   ✅ [파싱 성공] 26번 문제 성공적으로 추출됨
[2026-06-28 13:40:54] [DEBUG]   ✅ [파싱 성공] 27번 문제 성공적으로 추출됨
[2026-06-28 13:40:54] [DEBUG]   ✅ [파싱 성공] 28번 문제 성공적으로 추출됨
[2026-06-28 13:40:54] [DEBUG]   ✅ [파싱 성공] 29번 문제 성공적으로 추출됨
[2026-06-28 13:40:54] [DEBUG]   ✅ [파싱 성공] 30번 문제 성공적으로 추출됨
[2026-06-28 13:40:54] [DEBUG]   ✅ [파싱 성공] 31번 문제 성공적으로 추출됨
[2026-06-28 13:40:54] [DEBUG]   ✅ [파싱 성공] 32번 문제 성공적으로 추출됨
[2026-06-28 13:40:54] [DEBUG]   ✅ [파싱 성공] 33번 문제 성공적으로 추출됨
[2026-06-28 13:40:54] [DEBUG]   ✅ [파싱 성공] 34번 문제 성공적으로 추출됨
[2026-06-28 13:40:54] [DEBUG]   ✅ [파싱 성공] 35번 문제 성공적으로 추출됨
[2026-06-28 13:40:54] [DEBUG]   ✅ [파싱 성공] 36번 문제 성공적으로 추출됨
[2026-06-28 13:40:54] [DEBUG]   ✅ [파싱 성공] 37번 문제 성공적으로 추출됨
[2026-06-28 13:40:54] [DEBUG]   ✅ [파싱 성공] 38번 문제 성공적으로 추출됨
[2026-06-28 13:40:54] [DEBUG]   ✅ [파싱 성공] 39번 문제 성공적으로 추출됨
[2026-06-28 13:40:54] [DEBUG]   ✅ [파싱 성공] 40번 문제 성공적으로 추출됨
[2026-06-28 13:40:54] [DEBUG]   ✅ [파싱 성공] 41번 문제 성공적으로 추출됨
[2026-06-28 13:40:54] [DEBUG]   ✅ [파싱 성공] 42번 문제 성공적으로 추출됨
[2026-06-28 13:40:54] [DEBUG]   ✅ [파싱 성공] 43번 문제 성공적으로 추출됨
[2026-06-28 13:40:54] [DEBUG]   ✅ [파싱 성공] 44번 문제 성공적으로 추출됨
[2026-06-28 13:40:54] [DEBUG]   ✅ [파싱 성공] 45번 문제 성공적으로 추출됨
[2026-06-28 13:40:54] [DEBUG]   ✅ [파싱 성공] 46번 문제 성공적으로 추출됨
[2026-06-28 13:40:54] [DEBUG]   ✅ [파싱 성공] 47번 문제 성공적으로 추출됨
[2026-06-28 13:40:54] [DEBUG]   ✅ [파싱 성공] 48번 문제 성공적으로 추출됨
[2026-06-28 13:40:54] [DEBUG]   ✅ [파싱 성공] 49번 문제 성공적으로 추출됨
[2026-06-28 13:40:54] [DEBUG]   ✅ [파싱 성공] 50번 문제 성공적으로 추출됨
[2026-06-28 13:40:54] [DEBUG]   ✅ [파싱 성공] 51번 문제 성공적으로 추출됨
[2026-06-28 13:40:54] [DEBUG]   ✅ [파싱 성공] 52번 문제 성공적으로 추출됨
[2026-06-28 13:40:54] [DEBUG]   ✅ [파싱 성공] 53번 문제 성공적으로 추출됨
[2026-06-28 13:40:54] [DEBUG]   ✅ [파싱 성공] 54번 문제 성공적으로 추출됨
[2026-06-28 13:40:54] [DEBUG]   ✅ [파싱 성공] 55번 문제 성공적으로 추출됨
[2026-06-28 13:40:54] [DEBUG]   ✅ [파싱 성공] 56번 문제 성공적으로 추출됨
[2026-06-28 13:40:54] [DEBUG]   ✅ [파싱 성공] 57번 문제 성공적으로 추출됨
[2026-06-28 13:40:54] [DEBUG]   ✅ [파싱 성공] 58번 문제 성공적으로 추출됨
[2026-06-28 13:40:54] [DEBUG]   ✅ [파싱 성공] 59번 문제 성공적으로 추출됨
[2026-06-28 13:40:54] [DEBUG]   ✅ [파싱 성공] 60번 문제 성공적으로 추출됨
[2026-06-28 13:40:54] [DEBUG]   ✅ [파싱 성공] 1번 문제 성공적으로 추출됨
[2026-06-28 13:40:54] [DEBUG]   ✅ [파싱 성공] 2번 문제 성공적으로 추출됨
[2026-06-28 13:40:54] [DEBUG]   ✅ [파싱 성공] 3번 문제 성공적으로 추출됨
[2026-06-28 13:40:54] [DEBUG]   ✅ [파싱 성공] 4번 문제 성공적으로 추출됨
[2026-06-28 13:40:54] [DEBUG]   ✅ [파싱 성공] 5번 문제 성공적으로 추출됨
[2026-06-28 13:40:54] [DEBUG]   ✅ [파싱 성공] 6번 문제 성공적으로 추출됨
[2026-06-28 13:40:54] [DEBUG]   ✅ [파싱 성공] 7번 문제 성공적으로 추출됨
[2026-06-28 13:40:54] [DEBUG]   ✅ [파싱 성공] 8번 문제 성공적으로 추출됨
[2026-06-28 13:40:54] [DEBUG]   ✅ [파싱 성공] 9번 문제 성공적으로 추출됨
[2026-06-28 13:40:54] [DEBUG]   ✅ [파싱 성공] 10번 문제 성공적으로 추출됨
[2026-06-28 13:40:54] [DEBUG]   ✅ [파싱 성공] 11번 문제 성공적으로 추출됨
[2026-06-28 13:40:54] [DEBUG]   ✅ [파싱 성공] 12번 문제 성공적으로 추출됨
[2026-06-28 13:40:54] [DEBUG]   ✅ [파싱 성공] 13번 문제 성공적으로 추출됨
[2026-06-28 13:40:54] [DEBUG]   ✅ [파싱 성공] 14번 문제 성공적으로 추출됨
[2026-06-28 13:40:54] [DEBUG]   ✅ [파싱 성공] 15번 문제 성공적으로 추출됨
[2026-06-28 13:40:54] [DEBUG]   ✅ [파싱 성공] 16번 문제 성공적으로 추출됨
[2026-06-28 13:40:54] [DEBUG]   ✅ [파싱 성공] 17번 문제 성공적으로 추출됨
[2026-06-28 13:40:54] [DEBUG]   ✅ [파싱 성공] 18번 문제 성공적으로 추출됨
[2026-06-28 13:40:54] [DEBUG]   ✅ [파싱 성공] 19번 문제 성공적으로 추출됨
[2026-06-28 13:40:54] [DEBUG]   ✅ [파싱 성공] 20번 문제 성공적으로 추출됨
[2026-06-28 13:40:54] [DEBUG]   ✅ [파싱 성공] 21번 문제 성공적으로 추출됨
[2026-06-28 13:40:54] [DEBUG]   ✅ [파싱 성공] 22번 문제 성공적으로 추출됨
[2026-06-28 13:40:54] [DEBUG]   ✅ [파싱 성공] 23번 문제 성공적으로 추출됨
[2026-06-28 13:40:54] [DEBUG]   ✅ [파싱 성공] 24번 문제 성공적으로 추출됨
[2026-06-28 13:40:54] [DEBUG]   ✅ [파싱 성공] 25번 문제 성공적으로 추출됨
[2026-06-28 13:40:54] [DEBUG]   ✅ [파싱 성공] 26번 문제 성공적으로 추출됨
[2026-06-28 13:40:54] [DEBUG]   ✅ [파싱 성공] 27번 문제 성공적으로 추출됨
[2026-06-28 13:40:54] [DEBUG]   ✅ [파싱 성공] 28번 문제 성공적으로 추출됨
[2026-06-28 13:40:54] [DEBUG]   ✅ [파싱 성공] 29번 문제 성공적으로 추출됨
[2026-06-28 13:40:54] [DEBUG]   ✅ [파싱 성공] 30번 문제 성공적으로 추출됨
[2026-06-28 13:40:54] [DEBUG]   ✅ [파싱 성공] 31번 문제 성공적으로 추출됨
[2026-06-28 13:40:54] [DEBUG]   ✅ [파싱 성공] 32번 문제 성공적으로 추출됨
[2026-06-28 13:40:54] [DEBUG]   ✅ [파싱 성공] 33번 문제 성공적으로 추출됨
[2026-06-28 13:40:54] [DEBUG]   ✅ [파싱 성공] 34번 문제 성공적으로 추출됨
[2026-06-28 13:40:54] [DEBUG]   ✅ [파싱 성공] 35번 문제 성공적으로 추출됨
[2026-06-28 13:40:54] [DEBUG]   ✅ [파싱 성공] 36번 문제 성공적으로 추출됨
[2026-06-28 13:40:54] [DEBUG]   ✅ [파싱 성공] 37번 문제 성공적으로 추출됨
[2026-06-28 13:40:54] [DEBUG]   ✅ [파싱 성공] 38번 문제 성공적으로 추출됨
[2026-06-28 13:40:54] [DEBUG]   ✅ [파싱 성공] 39번 문제 성공적으로 추출됨
[2026-06-28 13:40:54] [DEBUG]   ✅ [파싱 성공] 40번 문제 성공적으로 추출됨
[2026-06-28 13:40:54] [DEBUG]   ✅ [파싱 성공] 41번 문제 성공적으로 추출됨
[2026-06-28 13:40:54] [DEBUG]   ✅ [파싱 성공] 42번 문제 성공적으로 추출됨
[2026-06-28 13:40:54] [DEBUG]   ✅ [파싱 성공] 43번 문제 성공적으로 추출됨
[2026-06-28 13:40:54] [DEBUG]   ✅ [파싱 성공] 44번 문제 성공적으로 추출됨
[2026-06-28 13:40:54] [DEBUG]   ✅ [파싱 성공] 45번 문제 성공적으로 추출됨
[2026-06-28 13:40:54] [DEBUG]   ✅ [파싱 성공] 46번 문제 성공적으로 추출됨
[2026-06-28 13:40:54] [DEBUG]   ✅ [파싱 성공] 47번 문제 성공적으로 추출됨
[2026-06-28 13:40:54] [DEBUG]   ✅ [파싱 성공] 48번 문제 성공적으로 추출됨
[2026-06-28 13:40:54] [DEBUG]   ✅ [파싱 성공] 49번 문제 성공적으로 추출됨
[2026-06-28 13:40:54] [DEBUG]   ✅ [파싱 성공] 50번 문제 성공적으로 추출됨
[2026-06-28 13:40:54] [DEBUG]   ✅ [파싱 성공] 51번 문제 성공적으로 추출됨
[2026-06-28 13:40:54] [DEBUG]   ✅ [파싱 성공] 52번 문제 성공적으로 추출됨
[2026-06-28 13:40:54] [DEBUG]   ✅ [파싱 성공] 53번 문제 성공적으로 추출됨
[2026-06-28 13:40:54] [DEBUG]   ✅ [파싱 성공] 54번 문제 성공적으로 추출됨
[2026-06-28 13:40:54] [DEBUG]   ✅ [파싱 성공] 55번 문제 성공적으로 추출됨
[2026-06-28 13:40:55] [DEBUG]   ✅ [파싱 성공] 56번 문제 성공적으로 추출됨
[2026-06-28 13:40:55] [DEBUG]   ✅ [파싱 성공] 57번 문제 성공적으로 추출됨
[2026-06-28 13:40:55] [DEBUG]   ✅ [파싱 성공] 58번 문제 성공적으로 추출됨
[2026-06-28 13:40:55] [DEBUG]   ✅ [파싱 성공] 59번 문제 성공적으로 추출됨
[2026-06-28 13:40:55] [DEBUG]   ✅ [파싱 성공] 60번 문제 성공적으로 추출됨
[2026-06-28 13:40:55] [DEBUG]   ✅ [파싱 성공] 1번 문제 성공적으로 추출됨
[2026-06-28 13:40:55] [DEBUG]   ✅ [파싱 성공] 2번 문제 성공적으로 추출됨
[2026-06-28 13:40:55] [DEBUG]   ✅ [파싱 성공] 3번 문제 성공적으로 추출됨
[2026-06-28 13:40:55] [DEBUG]   ✅ [파싱 성공] 4번 문제 성공적으로 추출됨
[2026-06-28 13:40:55] [DEBUG]   ✅ [파싱 성공] 5번 문제 성공적으로 추출됨
[2026-06-28 13:40:55] [DEBUG]   ✅ [파싱 성공] 6번 문제 성공적으로 추출됨
[2026-06-28 13:40:55] [DEBUG]   ✅ [파싱 성공] 7번 문제 성공적으로 추출됨
[2026-06-28 13:40:55] [DEBUG]   ✅ [파싱 성공] 8번 문제 성공적으로 추출됨
[2026-06-28 13:40:55] [DEBUG]   ✅ [파싱 성공] 9번 문제 성공적으로 추출됨
[2026-06-28 13:40:55] [DEBUG]   ✅ [파싱 성공] 10번 문제 성공적으로 추출됨
[2026-06-28 13:40:55] [DEBUG]   ✅ [파싱 성공] 11번 문제 성공적으로 추출됨
[2026-06-28 13:40:55] [DEBUG]   ✅ [파싱 성공] 12번 문제 성공적으로 추출됨
[2026-06-28 13:40:55] [DEBUG]   ✅ [파싱 성공] 13번 문제 성공적으로 추출됨
[2026-06-28 13:40:55] [DEBUG]   ✅ [파싱 성공] 14번 문제 성공적으로 추출됨
[2026-06-28 13:40:55] [DEBUG]   ✅ [파싱 성공] 15번 문제 성공적으로 추출됨
[2026-06-28 13:40:55] [DEBUG]   ✅ [파싱 성공] 16번 문제 성공적으로 추출됨
[2026-06-28 13:40:55] [DEBUG]   ✅ [파싱 성공] 17번 문제 성공적으로 추출됨
[2026-06-28 13:40:55] [DEBUG]   ✅ [파싱 성공] 18번 문제 성공적으로 추출됨
[2026-06-28 13:40:55] [DEBUG]   ✅ [파싱 성공] 19번 문제 성공적으로 추출됨
[2026-06-28 13:40:55] [DEBUG]   ✅ [파싱 성공] 20번 문제 성공적으로 추출됨
[2026-06-28 13:40:55] [DEBUG]   ✅ [파싱 성공] 21번 문제 성공적으로 추출됨
[2026-06-28 13:40:55] [DEBUG]   ✅ [파싱 성공] 22번 문제 성공적으로 추출됨
[2026-06-28 13:40:55] [DEBUG]   ✅ [파싱 성공] 23번 문제 성공적으로 추출됨
[2026-06-28 13:40:55] [DEBUG]   ✅ [파싱 성공] 24번 문제 성공적으로 추출됨
[2026-06-28 13:40:55] [DEBUG]   ✅ [파싱 성공] 25번 문제 성공적으로 추출됨
[2026-06-28 13:40:55] [DEBUG]   ✅ [파싱 성공] 26번 문제 성공적으로 추출됨
[2026-06-28 13:40:55] [DEBUG]   ✅ [파싱 성공] 27번 문제 성공적으로 추출됨
[2026-06-28 13:40:55] [DEBUG]   ✅ [파싱 성공] 28번 문제 성공적으로 추출됨
[2026-06-28 13:40:55] [DEBUG]   ✅ [파싱 성공] 29번 문제 성공적으로 추출됨
[2026-06-28 13:40:55] [DEBUG]   ✅ [파싱 성공] 30번 문제 성공적으로 추출됨
[2026-06-28 13:40:55] [DEBUG]   ✅ [파싱 성공] 31번 문제 성공적으로 추출됨
[2026-06-28 13:40:55] [DEBUG]   ✅ [파싱 성공] 32번 문제 성공적으로 추출됨
[2026-06-28 13:40:55] [DEBUG]   ✅ [파싱 성공] 33번 문제 성공적으로 추출됨
[2026-06-28 13:40:55] [DEBUG]   ✅ [파싱 성공] 34번 문제 성공적으로 추출됨
[2026-06-28 13:40:55] [DEBUG]   ✅ [파싱 성공] 35번 문제 성공적으로 추출됨
[2026-06-28 13:40:55] [DEBUG]   ✅ [파싱 성공] 36번 문제 성공적으로 추출됨
[2026-06-28 13:40:55] [DEBUG]   ✅ [파싱 성공] 37번 문제 성공적으로 추출됨
[2026-06-28 13:40:55] [DEBUG]   ✅ [파싱 성공] 38번 문제 성공적으로 추출됨
[2026-06-28 13:40:55] [DEBUG]   ✅ [파싱 성공] 39번 문제 성공적으로 추출됨
[2026-06-28 13:40:55] [DEBUG]   ✅ [파싱 성공] 40번 문제 성공적으로 추출됨
[2026-06-28 13:40:55] [DEBUG]   ✅ [파싱 성공] 41번 문제 성공적으로 추출됨
[2026-06-28 13:40:55] [DEBUG]   ✅ [파싱 성공] 42번 문제 성공적으로 추출됨
[2026-06-28 13:40:55] [DEBUG]   ✅ [파싱 성공] 43번 문제 성공적으로 추출됨
[2026-06-28 13:40:55] [DEBUG]   ✅ [파싱 성공] 44번 문제 성공적으로 추출됨
[2026-06-28 13:40:55] [DEBUG]   ✅ [파싱 성공] 45번 문제 성공적으로 추출됨
[2026-06-28 13:40:55] [DEBUG]   ✅ [파싱 성공] 46번 문제 성공적으로 추출됨
[2026-06-28 13:40:55] [DEBUG]   ✅ [파싱 성공] 47번 문제 성공적으로 추출됨
[2026-06-28 13:40:55] [DEBUG]   ✅ [파싱 성공] 48번 문제 성공적으로 추출됨
[2026-06-28 13:40:55] [DEBUG]   ✅ [파싱 성공] 49번 문제 성공적으로 추출됨
[2026-06-28 13:40:55] [DEBUG]   ✅ [파싱 성공] 50번 문제 성공적으로 추출됨
[2026-06-28 13:40:55] [DEBUG]   ✅ [파싱 성공] 51번 문제 성공적으로 추출됨
[2026-06-28 13:40:55] [DEBUG]   ✅ [파싱 성공] 52번 문제 성공적으로 추출됨
[2026-06-28 13:40:55] [DEBUG]   ✅ [파싱 성공] 53번 문제 성공적으로 추출됨
[2026-06-28 13:40:55] [DEBUG]   ✅ [파싱 성공] 54번 문제 성공적으로 추출됨
[2026-06-28 13:40:55] [DEBUG]   ✅ [파싱 성공] 55번 문제 성공적으로 추출됨
[2026-06-28 13:40:55] [DEBUG]   ✅ [파싱 성공] 56번 문제 성공적으로 추출됨
[2026-06-28 13:40:55] [DEBUG]   ✅ [파싱 성공] 57번 문제 성공적으로 추출됨
[2026-06-28 13:40:55] [DEBUG]   ✅ [파싱 성공] 58번 문제 성공적으로 추출됨
[2026-06-28 13:40:55] [DEBUG]   ✅ [파싱 성공] 59번 문제 성공적으로 추출됨
[2026-06-28 13:40:55] [DEBUG]   ✅ [파싱 성공] 60번 문제 성공적으로 추출됨
[2026-06-28 13:40:55] [DEBUG]   ✅ [파싱 성공] 1번 문제 성공적으로 추출됨
[2026-06-28 13:40:55] [DEBUG]   ✅ [파싱 성공] 2번 문제 성공적으로 추출됨
[2026-06-28 13:40:55] [DEBUG]   ✅ [파싱 성공] 3번 문제 성공적으로 추출됨
[2026-06-28 13:40:55] [DEBUG]   ✅ [파싱 성공] 4번 문제 성공적으로 추출됨
[2026-06-28 13:40:55] [DEBUG]   ✅ [파싱 성공] 5번 문제 성공적으로 추출됨
[2026-06-28 13:40:55] [DEBUG]   ✅ [파싱 성공] 6번 문제 성공적으로 추출됨
[2026-06-28 13:40:55] [DEBUG]   ✅ [파싱 성공] 7번 문제 성공적으로 추출됨
[2026-06-28 13:40:55] [DEBUG]   ✅ [파싱 성공] 8번 문제 성공적으로 추출됨
[2026-06-28 13:40:55] [DEBUG]   ✅ [파싱 성공] 9번 문제 성공적으로 추출됨
[2026-06-28 13:40:55] [DEBUG]   ✅ [파싱 성공] 10번 문제 성공적으로 추출됨
[2026-06-28 13:40:55] [DEBUG]   ✅ [파싱 성공] 11번 문제 성공적으로 추출됨
[2026-06-28 13:40:55] [DEBUG]   ✅ [파싱 성공] 12번 문제 성공적으로 추출됨
[2026-06-28 13:40:55] [DEBUG]   ✅ [파싱 성공] 13번 문제 성공적으로 추출됨
[2026-06-28 13:40:55] [DEBUG]   ✅ [파싱 성공] 14번 문제 성공적으로 추출됨
[2026-06-28 13:40:55] [DEBUG]   ✅ [파싱 성공] 15번 문제 성공적으로 추출됨
[2026-06-28 13:40:55] [DEBUG]   ✅ [파싱 성공] 16번 문제 성공적으로 추출됨
[2026-06-28 13:40:55] [DEBUG]   ✅ [파싱 성공] 17번 문제 성공적으로 추출됨
[2026-06-28 13:40:55] [DEBUG]   ✅ [파싱 성공] 18번 문제 성공적으로 추출됨
[2026-06-28 13:40:55] [DEBUG]   ✅ [파싱 성공] 19번 문제 성공적으로 추출됨
[2026-06-28 13:40:55] [DEBUG]   ✅ [파싱 성공] 20번 문제 성공적으로 추출됨
[2026-06-28 13:40:55] [DEBUG]   ✅ [파싱 성공] 21번 문제 성공적으로 추출됨
[2026-06-28 13:40:55] [DEBUG]   ✅ [파싱 성공] 22번 문제 성공적으로 추출됨
[2026-06-28 13:40:55] [DEBUG]   ✅ [파싱 성공] 23번 문제 성공적으로 추출됨
[2026-06-28 13:40:55] [DEBUG]   ✅ [파싱 성공] 24번 문제 성공적으로 추출됨
[2026-06-28 13:40:55] [DEBUG]   ✅ [파싱 성공] 25번 문제 성공적으로 추출됨
[2026-06-28 13:40:55] [DEBUG]   ✅ [파싱 성공] 26번 문제 성공적으로 추출됨
[2026-06-28 13:40:55] [DEBUG]   ✅ [파싱 성공] 27번 문제 성공적으로 추출됨
[2026-06-28 13:40:55] [DEBUG]   ✅ [파싱 성공] 28번 문제 성공적으로 추출됨
[2026-06-28 13:40:55] [DEBUG]   ✅ [파싱 성공] 29번 문제 성공적으로 추출됨
[2026-06-28 13:40:55] [DEBUG]   ✅ [파싱 성공] 30번 문제 성공적으로 추출됨
[2026-06-28 13:40:55] [DEBUG]   ✅ [파싱 성공] 31번 문제 성공적으로 추출됨
[2026-06-28 13:40:55] [DEBUG]   ✅ [파싱 성공] 32번 문제 성공적으로 추출됨
[2026-06-28 13:40:55] [DEBUG]   ✅ [파싱 성공] 33번 문제 성공적으로 추출됨
[2026-06-28 13:40:55] [DEBUG]   ✅ [파싱 성공] 34번 문제 성공적으로 추출됨
[2026-06-28 13:40:55] [DEBUG]   ✅ [파싱 성공] 35번 문제 성공적으로 추출됨
[2026-06-28 13:40:55] [DEBUG]   ✅ [파싱 성공] 36번 문제 성공적으로 추출됨
[2026-06-28 13:40:55] [DEBUG]   ✅ [파싱 성공] 37번 문제 성공적으로 추출됨
[2026-06-28 13:40:55] [DEBUG]   ✅ [파싱 성공] 38번 문제 성공적으로 추출됨
[2026-06-28 13:40:55] [DEBUG]   ✅ [파싱 성공] 39번 문제 성공적으로 추출됨
[2026-06-28 13:40:55] [DEBUG]   ✅ [파싱 성공] 40번 문제 성공적으로 추출됨
[2026-06-28 13:40:55] [DEBUG]   ✅ [파싱 성공] 41번 문제 성공적으로 추출됨
[2026-06-28 13:40:55] [DEBUG]   ✅ [파싱 성공] 42번 문제 성공적으로 추출됨
[2026-06-28 13:40:55] [DEBUG]   ✅ [파싱 성공] 43번 문제 성공적으로 추출됨
[2026-06-28 13:40:55] [DEBUG]   ✅ [파싱 성공] 44번 문제 성공적으로 추출됨
[2026-06-28 13:40:55] [DEBUG]   ✅ [파싱 성공] 45번 문제 성공적으로 추출됨
[2026-06-28 13:40:55] [DEBUG]   ✅ [파싱 성공] 46번 문제 성공적으로 추출됨
[2026-06-28 13:40:55] [DEBUG]   ✅ [파싱 성공] 47번 문제 성공적으로 추출됨
[2026-06-28 13:40:55] [DEBUG]   ✅ [파싱 성공] 48번 문제 성공적으로 추출됨
[2026-06-28 13:40:55] [DEBUG]   ✅ [파싱 성공] 49번 문제 성공적으로 추출됨
[2026-06-28 13:40:55] [DEBUG]   ✅ [파싱 성공] 50번 문제 성공적으로 추출됨
[2026-06-28 13:40:55] [DEBUG]   ✅ [파싱 성공] 51번 문제 성공적으로 추출됨
[2026-06-28 13:40:55] [DEBUG]   ✅ [파싱 성공] 52번 문제 성공적으로 추출됨
[2026-06-28 13:40:55] [DEBUG]   ✅ [파싱 성공] 53번 문제 성공적으로 추출됨
[2026-06-28 13:40:55] [DEBUG]   ✅ [파싱 성공] 54번 문제 성공적으로 추출됨
[2026-06-28 13:40:55] [DEBUG]   ✅ [파싱 성공] 55번 문제 성공적으로 추출됨
[2026-06-28 13:40:55] [DEBUG]   ✅ [파싱 성공] 56번 문제 성공적으로 추출됨
[2026-06-28 13:40:55] [DEBUG]   ✅ [파싱 성공] 57번 문제 성공적으로 추출됨
[2026-06-28 13:40:55] [DEBUG]   ✅ [파싱 성공] 58번 문제 성공적으로 추출됨
[2026-06-28 13:40:55] [DEBUG]   ✅ [파싱 성공] 59번 문제 성공적으로 추출됨
[2026-06-28 13:40:55] [DEBUG]   ✅ [파싱 성공] 60번 문제 성공적으로 추출됨
[2026-06-28 13:40:55] [DEBUG]   ✅ [파싱 성공] 1번 문제 성공적으로 추출됨
[2026-06-28 13:40:55] [DEBUG]   ✅ [파싱 성공] 2번 문제 성공적으로 추출됨
[2026-06-28 13:40:55] [DEBUG]   ✅ [파싱 성공] 3번 문제 성공적으로 추출됨
[2026-06-28 13:40:55] [DEBUG]   ✅ [파싱 성공] 4번 문제 성공적으로 추출됨
[2026-06-28 13:40:55] [DEBUG]   ✅ [파싱 성공] 5번 문제 성공적으로 추출됨
[2026-06-28 13:40:55] [DEBUG]   ✅ [파싱 성공] 6번 문제 성공적으로 추출됨
[2026-06-28 13:40:55] [DEBUG]   ✅ [파싱 성공] 7번 문제 성공적으로 추출됨
[2026-06-28 13:40:55] [DEBUG]   ✅ [파싱 성공] 8번 문제 성공적으로 추출됨
[2026-06-28 13:40:55] [DEBUG]   ✅ [파싱 성공] 9번 문제 성공적으로 추출됨
[2026-06-28 13:40:55] [DEBUG]   ✅ [파싱 성공] 10번 문제 성공적으로 추출됨
[2026-06-28 13:40:55] [DEBUG]   ✅ [파싱 성공] 11번 문제 성공적으로 추출됨
[2026-06-28 13:40:55] [DEBUG]   ✅ [파싱 성공] 12번 문제 성공적으로 추출됨
[2026-06-28 13:40:55] [DEBUG]   ✅ [파싱 성공] 13번 문제 성공적으로 추출됨
[2026-06-28 13:40:55] [DEBUG]   ✅ [파싱 성공] 14번 문제 성공적으로 추출됨
[2026-06-28 13:40:55] [DEBUG]   ✅ [파싱 성공] 15번 문제 성공적으로 추출됨
[2026-06-28 13:40:55] [DEBUG]   ✅ [파싱 성공] 16번 문제 성공적으로 추출됨
[2026-06-28 13:40:55] [DEBUG]   ✅ [파싱 성공] 17번 문제 성공적으로 추출됨
[2026-06-28 13:40:55] [DEBUG]   ✅ [파싱 성공] 18번 문제 성공적으로 추출됨
[2026-06-28 13:40:55] [DEBUG]   ✅ [파싱 성공] 19번 문제 성공적으로 추출됨
[2026-06-28 13:40:55] [DEBUG]   ✅ [파싱 성공] 20번 문제 성공적으로 추출됨
[2026-06-28 13:40:55] [DEBUG]   ✅ [파싱 성공] 21번 문제 성공적으로 추출됨
[2026-06-28 13:40:55] [DEBUG]   ✅ [파싱 성공] 22번 문제 성공적으로 추출됨
[2026-06-28 13:40:55] [DEBUG]   ✅ [파싱 성공] 23번 문제 성공적으로 추출됨
[2026-06-28 13:40:55] [DEBUG]   ✅ [파싱 성공] 24번 문제 성공적으로 추출됨
[2026-06-28 13:40:55] [DEBUG]   ✅ [파싱 성공] 25번 문제 성공적으로 추출됨
[2026-06-28 13:40:55] [DEBUG]   ✅ [파싱 성공] 26번 문제 성공적으로 추출됨
[2026-06-28 13:40:55] [DEBUG]   ✅ [파싱 성공] 27번 문제 성공적으로 추출됨
[2026-06-28 13:40:55] [DEBUG]   ✅ [파싱 성공] 28번 문제 성공적으로 추출됨
[2026-06-28 13:40:55] [DEBUG]   ✅ [파싱 성공] 29번 문제 성공적으로 추출됨
[2026-06-28 13:40:55] [DEBUG]   ✅ [파싱 성공] 30번 문제 성공적으로 추출됨
[2026-06-28 13:40:55] [DEBUG]   ✅ [파싱 성공] 31번 문제 성공적으로 추출됨
[2026-06-28 13:40:55] [DEBUG]   ✅ [파싱 성공] 32번 문제 성공적으로 추출됨
[2026-06-28 13:40:55] [DEBUG]   ✅ [파싱 성공] 33번 문제 성공적으로 추출됨
[2026-06-28 13:40:55] [DEBUG]   ✅ [파싱 성공] 34번 문제 성공적으로 추출됨
[2026-06-28 13:40:55] [DEBUG]   ✅ [파싱 성공] 35번 문제 성공적으로 추출됨
[2026-06-28 13:40:55] [DEBUG]   ✅ [파싱 성공] 36번 문제 성공적으로 추출됨
[2026-06-28 13:40:55] [DEBUG]   ✅ [파싱 성공] 37번 문제 성공적으로 추출됨
[2026-06-28 13:40:55] [DEBUG]   ✅ [파싱 성공] 38번 문제 성공적으로 추출됨
[2026-06-28 13:40:55] [DEBUG]   ✅ [파싱 성공] 39번 문제 성공적으로 추출됨
[2026-06-28 13:40:55] [DEBUG]   ✅ [파싱 성공] 40번 문제 성공적으로 추출됨
[2026-06-28 13:40:55] [DEBUG]   ✅ [파싱 성공] 41번 문제 성공적으로 추출됨
[2026-06-28 13:40:55] [DEBUG]   ✅ [파싱 성공] 42번 문제 성공적으로 추출됨
[2026-06-28 13:40:55] [DEBUG]   ✅ [파싱 성공] 43번 문제 성공적으로 추출됨
[2026-06-28 13:40:55] [DEBUG]   ✅ [파싱 성공] 44번 문제 성공적으로 추출됨
[2026-06-28 13:40:55] [DEBUG]   ✅ [파싱 성공] 45번 문제 성공적으로 추출됨
[2026-06-28 13:40:55] [DEBUG]   ✅ [파싱 성공] 46번 문제 성공적으로 추출됨
[2026-06-28 13:40:55] [DEBUG]   ✅ [파싱 성공] 47번 문제 성공적으로 추출됨
[2026-06-28 13:40:55] [DEBUG]   ✅ [파싱 성공] 48번 문제 성공적으로 추출됨
[2026-06-28 13:40:55] [DEBUG]   ✅ [파싱 성공] 49번 문제 성공적으로 추출됨
[2026-06-28 13:40:55] [DEBUG]   ✅ [파싱 성공] 50번 문제 성공적으로 추출됨
[2026-06-28 13:40:55] [DEBUG]   ✅ [파싱 성공] 51번 문제 성공적으로 추출됨
[2026-06-28 13:40:55] [DEBUG]   ✅ [파싱 성공] 52번 문제 성공적으로 추출됨
[2026-06-28 13:40:55] [DEBUG]   ✅ [파싱 성공] 53번 문제 성공적으로 추출됨
[2026-06-28 13:40:55] [DEBUG]   ✅ [파싱 성공] 54번 문제 성공적으로 추출됨
[2026-06-28 13:40:55] [DEBUG]   ✅ [파싱 성공] 55번 문제 성공적으로 추출됨
[2026-06-28 13:40:55] [DEBUG]   ✅ [파싱 성공] 56번 문제 성공적으로 추출됨
[2026-06-28 13:40:55] [DEBUG]   ✅ [파싱 성공] 57번 문제 성공적으로 추출됨
[2026-06-28 13:40:55] [DEBUG]   ✅ [파싱 성공] 58번 문제 성공적으로 추출됨
[2026-06-28 13:40:55] [DEBUG]   ✅ [파싱 성공] 59번 문제 성공적으로 추출됨
[2026-06-28 13:40:55] [DEBUG]   ✅ [파싱 성공] 60번 문제 성공적으로 추출됨
[2026-06-28 13:40:55] [DEBUG]   ✅ [파싱 성공] 1번 문제 성공적으로 추출됨
[2026-06-28 13:40:55] [DEBUG]   ✅ [파싱 성공] 2번 문제 성공적으로 추출됨
[2026-06-28 13:40:55] [DEBUG]   ✅ [파싱 성공] 3번 문제 성공적으로 추출됨
[2026-06-28 13:40:55] [DEBUG]   ✅ [파싱 성공] 4번 문제 성공적으로 추출됨
[2026-06-28 13:40:55] [DEBUG]   ✅ [파싱 성공] 5번 문제 성공적으로 추출됨
[2026-06-28 13:40:55] [DEBUG]   ✅ [파싱 성공] 6번 문제 성공적으로 추출됨
[2026-06-28 13:40:55] [DEBUG]   ✅ [파싱 성공] 7번 문제 성공적으로 추출됨
[2026-06-28 13:40:55] [DEBUG]   ✅ [파싱 성공] 8번 문제 성공적으로 추출됨
[2026-06-28 13:40:55] [DEBUG]   ✅ [파싱 성공] 9번 문제 성공적으로 추출됨
[2026-06-28 13:40:55] [DEBUG]   ✅ [파싱 성공] 10번 문제 성공적으로 추출됨
[2026-06-28 13:40:55] [DEBUG]   ✅ [파싱 성공] 11번 문제 성공적으로 추출됨
[2026-06-28 13:40:55] [DEBUG]   ✅ [파싱 성공] 12번 문제 성공적으로 추출됨
[2026-06-28 13:40:55] [DEBUG]   ✅ [파싱 성공] 13번 문제 성공적으로 추출됨
[2026-06-28 13:40:55] [DEBUG]   ✅ [파싱 성공] 14번 문제 성공적으로 추출됨
[2026-06-28 13:40:55] [DEBUG]   ✅ [파싱 성공] 15번 문제 성공적으로 추출됨
[2026-06-28 13:40:55] [DEBUG]   ✅ [파싱 성공] 16번 문제 성공적으로 추출됨
[2026-06-28 13:40:55] [DEBUG]   ✅ [파싱 성공] 17번 문제 성공적으로 추출됨
[2026-06-28 13:40:55] [DEBUG]   ✅ [파싱 성공] 18번 문제 성공적으로 추출됨
[2026-06-28 13:40:55] [DEBUG]   ✅ [파싱 성공] 19번 문제 성공적으로 추출됨
[2026-06-28 13:40:55] [DEBUG]   ✅ [파싱 성공] 20번 문제 성공적으로 추출됨
[2026-06-28 13:40:55] [DEBUG]   ✅ [파싱 성공] 21번 문제 성공적으로 추출됨
[2026-06-28 13:40:55] [DEBUG]   ✅ [파싱 성공] 22번 문제 성공적으로 추출됨
[2026-06-28 13:40:55] [DEBUG]   ✅ [파싱 성공] 23번 문제 성공적으로 추출됨
[2026-06-28 13:40:55] [DEBUG]   ✅ [파싱 성공] 24번 문제 성공적으로 추출됨
[2026-06-28 13:40:55] [DEBUG]   ✅ [파싱 성공] 25번 문제 성공적으로 추출됨
[2026-06-28 13:40:55] [DEBUG]   ✅ [파싱 성공] 26번 문제 성공적으로 추출됨
[2026-06-28 13:40:55] [DEBUG]   ✅ [파싱 성공] 27번 문제 성공적으로 추출됨
[2026-06-28 13:40:55] [DEBUG]   ✅ [파싱 성공] 28번 문제 성공적으로 추출됨
[2026-06-28 13:40:55] [DEBUG]   ✅ [파싱 성공] 29번 문제 성공적으로 추출됨
[2026-06-28 13:40:55] [DEBUG]   ✅ [파싱 성공] 30번 문제 성공적으로 추출됨
[2026-06-28 13:40:55] [DEBUG]   ✅ [파싱 성공] 31번 문제 성공적으로 추출됨
[2026-06-28 13:40:55] [DEBUG]   ✅ [파싱 성공] 32번 문제 성공적으로 추출됨
[2026-06-28 13:40:55] [DEBUG]   ✅ [파싱 성공] 33번 문제 성공적으로 추출됨
[2026-06-28 13:40:55] [DEBUG]   ✅ [파싱 성공] 34번 문제 성공적으로 추출됨
[2026-06-28 13:40:55] [DEBUG]   ✅ [파싱 성공] 35번 문제 성공적으로 추출됨
[2026-06-28 13:40:55] [DEBUG]   ✅ [파싱 성공] 36번 문제 성공적으로 추출됨
[2026-06-28 13:40:55] [DEBUG]   ✅ [파싱 성공] 37번 문제 성공적으로 추출됨
[2026-06-28 13:40:55] [DEBUG]   ✅ [파싱 성공] 38번 문제 성공적으로 추출됨
[2026-06-28 13:40:55] [DEBUG]   ✅ [파싱 성공] 39번 문제 성공적으로 추출됨
[2026-06-28 13:40:55] [DEBUG]   ✅ [파싱 성공] 40번 문제 성공적으로 추출됨
[2026-06-28 13:40:55] [DEBUG]   ✅ [파싱 성공] 41번 문제 성공적으로 추출됨
[2026-06-28 13:40:55] [DEBUG]   ✅ [파싱 성공] 42번 문제 성공적으로 추출됨
[2026-06-28 13:40:55] [DEBUG]   ✅ [파싱 성공] 43번 문제 성공적으로 추출됨
[2026-06-28 13:40:55] [DEBUG]   ✅ [파싱 성공] 44번 문제 성공적으로 추출됨
[2026-06-28 13:40:55] [DEBUG]   ✅ [파싱 성공] 45번 문제 성공적으로 추출됨
[2026-06-28 13:40:55] [DEBUG]   ✅ [파싱 성공] 46번 문제 성공적으로 추출됨
[2026-06-28 13:40:55] [DEBUG]   ✅ [파싱 성공] 47번 문제 성공적으로 추출됨
[2026-06-28 13:40:55] [DEBUG]   ✅ [파싱 성공] 48번 문제 성공적으로 추출됨
[2026-06-28 13:40:55] [DEBUG]   ✅ [파싱 성공] 49번 문제 성공적으로 추출됨
[2026-06-28 13:40:55] [DEBUG]   ✅ [파싱 성공] 50번 문제 성공적으로 추출됨
[2026-06-28 13:40:55] [DEBUG]   ✅ [파싱 성공] 51번 문제 성공적으로 추출됨
[2026-06-28 13:40:55] [DEBUG]   ✅ [파싱 성공] 52번 문제 성공적으로 추출됨
[2026-06-28 13:40:55] [DEBUG]   ✅ [파싱 성공] 53번 문제 성공적으로 추출됨
[2026-06-28 13:40:55] [ERROR]   ❌ [누락/폐기] 44번 문항 폐기됨 (사유: 보기 없음) -> "44 : 80 = 1 : x x = 80/44 = 1.82[kg] 정답 ..."
[2026-06-28 13:40:55] [DEBUG]   ✅ [파싱 성공] 54번 문제 성공적으로 추출됨
[2026-06-28 13:40:55] [DEBUG]   ✅ [파싱 성공] 55번 문제 성공적으로 추출됨
[2026-06-28 13:40:55] [DEBUG]   ✅ [파싱 성공] 56번 문제 성공적으로 추출됨
[2026-06-28 13:40:55] [DEBUG]   ✅ [파싱 성공] 57번 문제 성공적으로 추출됨
[2026-06-28 13:40:55] [DEBUG]   ✅ [파싱 성공] 58번 문제 성공적으로 추출됨
[2026-06-28 13:40:55] [DEBUG]   ✅ [파싱 성공] 59번 문제 성공적으로 추출됨
[2026-06-28 13:40:55] [DEBUG]   ✅ [파싱 성공] 60번 문제 성공적으로 추출됨
[2026-06-28 13:40:55] [DEBUG]   ✅ [파싱 성공] 1번 문제 성공적으로 추출됨
[2026-06-28 13:40:55] [DEBUG]   ✅ [파싱 성공] 2번 문제 성공적으로 추출됨
[2026-06-28 13:40:55] [DEBUG]   ✅ [파싱 성공] 3번 문제 성공적으로 추출됨
[2026-06-28 13:40:55] [DEBUG]   ✅ [파싱 성공] 4번 문제 성공적으로 추출됨
[2026-06-28 13:40:55] [DEBUG]   ✅ [파싱 성공] 5번 문제 성공적으로 추출됨
[2026-06-28 13:40:55] [DEBUG]   ✅ [파싱 성공] 6번 문제 성공적으로 추출됨
[2026-06-28 13:40:55] [DEBUG]   ✅ [파싱 성공] 7번 문제 성공적으로 추출됨
[2026-06-28 13:40:55] [DEBUG]   ✅ [파싱 성공] 8번 문제 성공적으로 추출됨
[2026-06-28 13:40:55] [DEBUG]   ✅ [파싱 성공] 9번 문제 성공적으로 추출됨
[2026-06-28 13:40:55] [DEBUG]   ✅ [파싱 성공] 10번 문제 성공적으로 추출됨
[2026-06-28 13:40:55] [DEBUG]   ✅ [파싱 성공] 11번 문제 성공적으로 추출됨
[2026-06-28 13:40:55] [DEBUG]   ✅ [파싱 성공] 12번 문제 성공적으로 추출됨
[2026-06-28 13:40:55] [DEBUG]   ✅ [파싱 성공] 13번 문제 성공적으로 추출됨
[2026-06-28 13:40:55] [DEBUG]   ✅ [파싱 성공] 14번 문제 성공적으로 추출됨
[2026-06-28 13:40:55] [DEBUG]   ✅ [파싱 성공] 15번 문제 성공적으로 추출됨
[2026-06-28 13:40:55] [DEBUG]   ✅ [파싱 성공] 16번 문제 성공적으로 추출됨
[2026-06-28 13:40:55] [DEBUG]   ✅ [파싱 성공] 17번 문제 성공적으로 추출됨
[2026-06-28 13:40:55] [DEBUG]   ✅ [파싱 성공] 18번 문제 성공적으로 추출됨
[2026-06-28 13:40:55] [DEBUG]   ✅ [파싱 성공] 19번 문제 성공적으로 추출됨
[2026-06-28 13:40:55] [DEBUG]   ✅ [파싱 성공] 20번 문제 성공적으로 추출됨
[2026-06-28 13:40:55] [DEBUG]   ✅ [파싱 성공] 21번 문제 성공적으로 추출됨
[2026-06-28 13:40:55] [DEBUG]   ✅ [파싱 성공] 22번 문제 성공적으로 추출됨
[2026-06-28 13:40:55] [DEBUG]   ✅ [파싱 성공] 23번 문제 성공적으로 추출됨
[2026-06-28 13:40:55] [DEBUG]   ✅ [파싱 성공] 24번 문제 성공적으로 추출됨
[2026-06-28 13:40:55] [DEBUG]   ✅ [파싱 성공] 25번 문제 성공적으로 추출됨
[2026-06-28 13:40:55] [DEBUG]   ✅ [파싱 성공] 26번 문제 성공적으로 추출됨
[2026-06-28 13:40:55] [DEBUG]   ✅ [파싱 성공] 27번 문제 성공적으로 추출됨
[2026-06-28 13:40:55] [DEBUG]   ✅ [파싱 성공] 28번 문제 성공적으로 추출됨
[2026-06-28 13:40:55] [DEBUG]   ✅ [파싱 성공] 29번 문제 성공적으로 추출됨
[2026-06-28 13:40:55] [DEBUG]   ✅ [파싱 성공] 30번 문제 성공적으로 추출됨
[2026-06-28 13:40:55] [DEBUG]   ✅ [파싱 성공] 31번 문제 성공적으로 추출됨
[2026-06-28 13:40:55] [DEBUG]   ✅ [파싱 성공] 32번 문제 성공적으로 추출됨
[2026-06-28 13:40:55] [DEBUG]   ✅ [파싱 성공] 33번 문제 성공적으로 추출됨
[2026-06-28 13:40:55] [DEBUG]   ✅ [파싱 성공] 34번 문제 성공적으로 추출됨
[2026-06-28 13:40:55] [DEBUG]   ✅ [파싱 성공] 35번 문제 성공적으로 추출됨
[2026-06-28 13:40:55] [DEBUG]   ✅ [파싱 성공] 36번 문제 성공적으로 추출됨
[2026-06-28 13:40:55] [DEBUG]   ✅ [파싱 성공] 37번 문제 성공적으로 추출됨
[2026-06-28 13:40:55] [DEBUG]   ✅ [파싱 성공] 38번 문제 성공적으로 추출됨
[2026-06-28 13:40:55] [DEBUG]   ✅ [파싱 성공] 39번 문제 성공적으로 추출됨
[2026-06-28 13:40:55] [DEBUG]   ✅ [파싱 성공] 40번 문제 성공적으로 추출됨
[2026-06-28 13:40:55] [DEBUG]   ✅ [파싱 성공] 41번 문제 성공적으로 추출됨
[2026-06-28 13:40:55] [DEBUG]   ✅ [파싱 성공] 42번 문제 성공적으로 추출됨
[2026-06-28 13:40:55] [DEBUG]   ✅ [파싱 성공] 43번 문제 성공적으로 추출됨
[2026-06-28 13:40:55] [DEBUG]   ✅ [파싱 성공] 44번 문제 성공적으로 추출됨
[2026-06-28 13:40:55] [DEBUG]   ✅ [파싱 성공] 45번 문제 성공적으로 추출됨
[2026-06-28 13:40:55] [DEBUG]   ✅ [파싱 성공] 46번 문제 성공적으로 추출됨
[2026-06-28 13:40:55] [DEBUG]   ✅ [파싱 성공] 47번 문제 성공적으로 추출됨
[2026-06-28 13:40:55] [DEBUG]   ✅ [파싱 성공] 48번 문제 성공적으로 추출됨
[2026-06-28 13:40:55] [DEBUG]   ✅ [파싱 성공] 49번 문제 성공적으로 추출됨
[2026-06-28 13:40:55] [DEBUG]   ✅ [파싱 성공] 50번 문제 성공적으로 추출됨
[2026-06-28 13:40:55] [DEBUG]   ✅ [파싱 성공] 51번 문제 성공적으로 추출됨
[2026-06-28 13:40:55] [DEBUG]   ✅ [파싱 성공] 52번 문제 성공적으로 추출됨
[2026-06-28 13:40:55] [DEBUG]   ✅ [파싱 성공] 53번 문제 성공적으로 추출됨
[2026-06-28 13:40:55] [ERROR]   ❌ [누락/폐기] 1번 문항 폐기됨 (사유: 보기 없음) -> "1 [kcal] =427[kgf. m] 정답  ①..."
[2026-06-28 13:40:55] [DEBUG]   ✅ [파싱 성공] 54번 문제 성공적으로 추출됨
[2026-06-28 13:40:55] [DEBUG]   ✅ [파싱 성공] 55번 문제 성공적으로 추출됨
[2026-06-28 13:40:55] [DEBUG]   ✅ [파싱 성공] 56번 문제 성공적으로 추출됨
[2026-06-28 13:40:55] [DEBUG]   ✅ [파싱 성공] 57번 문제 성공적으로 추출됨
[2026-06-28 13:40:55] [DEBUG]   ✅ [파싱 성공] 58번 문제 성공적으로 추출됨
[2026-06-28 13:40:55] [DEBUG]   ✅ [파싱 성공] 59번 문제 성공적으로 추출됨
[2026-06-28 13:40:55] [DEBUG]   ✅ [파싱 성공] 60번 문제 성공적으로 추출됨
[2026-06-28 13:40:55] [DEBUG]   ✅ [파싱 성공] 1번 문제 성공적으로 추출됨
[2026-06-28 13:40:55] [DEBUG]   ✅ [파싱 성공] 2번 문제 성공적으로 추출됨
[2026-06-28 13:40:55] [DEBUG]   ✅ [파싱 성공] 3번 문제 성공적으로 추출됨
[2026-06-28 13:40:55] [DEBUG]   ✅ [파싱 성공] 4번 문제 성공적으로 추출됨
[2026-06-28 13:40:55] [DEBUG]   ✅ [파싱 성공] 5번 문제 성공적으로 추출됨
[2026-06-28 13:40:55] [DEBUG]   ✅ [파싱 성공] 6번 문제 성공적으로 추출됨
[2026-06-28 13:40:55] [DEBUG]   ✅ [파싱 성공] 7번 문제 성공적으로 추출됨
[2026-06-28 13:40:55] [DEBUG]   ✅ [파싱 성공] 8번 문제 성공적으로 추출됨
[2026-06-28 13:40:55] [DEBUG]   ✅ [파싱 성공] 9번 문제 성공적으로 추출됨
[2026-06-28 13:40:55] [DEBUG]   ✅ [파싱 성공] 10번 문제 성공적으로 추출됨
[2026-06-28 13:40:55] [ERROR]   ❌ [누락/폐기] 44번 문항 폐기됨 (사유: 보기 없음) -> "44 : 80 = 1 : x x = 80/44 = 1.82[kg] 정답 ..."
[2026-06-28 13:40:55] [DEBUG]   ✅ [파싱 성공] 11번 문제 성공적으로 추출됨
[2026-06-28 13:40:55] [DEBUG]   ✅ [파싱 성공] 12번 문제 성공적으로 추출됨
[2026-06-28 13:40:55] [DEBUG]   ✅ [파싱 성공] 13번 문제 성공적으로 추출됨
[2026-06-28 13:40:55] [DEBUG]   ✅ [파싱 성공] 14번 문제 성공적으로 추출됨
[2026-06-28 13:40:55] [DEBUG]   ✅ [파싱 성공] 15번 문제 성공적으로 추출됨
[2026-06-28 13:40:55] [DEBUG]   ✅ [파싱 성공] 16번 문제 성공적으로 추출됨
[2026-06-28 13:40:55] [DEBUG]   ✅ [파싱 성공] 17번 문제 성공적으로 추출됨
[2026-06-28 13:40:55] [DEBUG]   ✅ [파싱 성공] 18번 문제 성공적으로 추출됨
[2026-06-28 13:40:55] [DEBUG]   ✅ [파싱 성공] 19번 문제 성공적으로 추출됨
[2026-06-28 13:40:55] [DEBUG]   ✅ [파싱 성공] 20번 문제 성공적으로 추출됨
[2026-06-28 13:40:55] [DEBUG]   ✅ [파싱 성공] 21번 문제 성공적으로 추출됨
[2026-06-28 13:40:55] [DEBUG]   ✅ [파싱 성공] 22번 문제 성공적으로 추출됨
[2026-06-28 13:40:55] [DEBUG]   ✅ [파싱 성공] 23번 문제 성공적으로 추출됨
[2026-06-28 13:40:55] [DEBUG]   ✅ [파싱 성공] 24번 문제 성공적으로 추출됨
[2026-06-28 13:40:55] [DEBUG]   ✅ [파싱 성공] 25번 문제 성공적으로 추출됨
[2026-06-28 13:40:55] [DEBUG]   ✅ [파싱 성공] 26번 문제 성공적으로 추출됨
[2026-06-28 13:40:55] [DEBUG]   ✅ [파싱 성공] 27번 문제 성공적으로 추출됨
[2026-06-28 13:40:55] [DEBUG]   ✅ [파싱 성공] 28번 문제 성공적으로 추출됨
[2026-06-28 13:40:55] [DEBUG]   ✅ [파싱 성공] 29번 문제 성공적으로 추출됨
[2026-06-28 13:40:55] [DEBUG]   ✅ [파싱 성공] 30번 문제 성공적으로 추출됨
[2026-06-28 13:40:55] [DEBUG]   ✅ [파싱 성공] 31번 문제 성공적으로 추출됨
[2026-06-28 13:40:55] [DEBUG]   ✅ [파싱 성공] 32번 문제 성공적으로 추출됨
[2026-06-28 13:40:55] [DEBUG]   ✅ [파싱 성공] 33번 문제 성공적으로 추출됨
[2026-06-28 13:40:55] [DEBUG]   ✅ [파싱 성공] 34번 문제 성공적으로 추출됨
[2026-06-28 13:40:55] [DEBUG]   ✅ [파싱 성공] 35번 문제 성공적으로 추출됨
[2026-06-28 13:40:55] [DEBUG]   ✅ [파싱 성공] 36번 문제 성공적으로 추출됨
[2026-06-28 13:40:55] [DEBUG]   ✅ [파싱 성공] 37번 문제 성공적으로 추출됨
[2026-06-28 13:40:55] [DEBUG]   ✅ [파싱 성공] 38번 문제 성공적으로 추출됨
[2026-06-28 13:40:55] [DEBUG]   ✅ [파싱 성공] 39번 문제 성공적으로 추출됨
[2026-06-28 13:40:55] [DEBUG]   ✅ [파싱 성공] 40번 문제 성공적으로 추출됨
[2026-06-28 13:40:55] [DEBUG]   ✅ [파싱 성공] 41번 문제 성공적으로 추출됨
[2026-06-28 13:40:55] [DEBUG]   ✅ [파싱 성공] 42번 문제 성공적으로 추출됨
[2026-06-28 13:40:55] [DEBUG]   ✅ [파싱 성공] 43번 문제 성공적으로 추출됨
[2026-06-28 13:40:55] [DEBUG]   ✅ [파싱 성공] 44번 문제 성공적으로 추출됨
[2026-06-28 13:40:55] [DEBUG]   ✅ [파싱 성공] 45번 문제 성공적으로 추출됨
[2026-06-28 13:40:55] [DEBUG]   ✅ [파싱 성공] 46번 문제 성공적으로 추출됨
[2026-06-28 13:40:55] [DEBUG]   ✅ [파싱 성공] 47번 문제 성공적으로 추출됨
[2026-06-28 13:40:55] [DEBUG]   ✅ [파싱 성공] 48번 문제 성공적으로 추출됨
[2026-06-28 13:40:55] [DEBUG]   ✅ [파싱 성공] 49번 문제 성공적으로 추출됨
[2026-06-28 13:40:55] [DEBUG]   ✅ [파싱 성공] 50번 문제 성공적으로 추출됨
[2026-06-28 13:40:55] [DEBUG]   ✅ [파싱 성공] 51번 문제 성공적으로 추출됨
[2026-06-28 13:40:55] [DEBUG]   ✅ [파싱 성공] 52번 문제 성공적으로 추출됨
[2026-06-28 13:40:55] [DEBUG]   ✅ [파싱 성공] 53번 문제 성공적으로 추출됨
[2026-06-28 13:40:55] [DEBUG]   ✅ [파싱 성공] 54번 문제 성공적으로 추출됨
[2026-06-28 13:40:55] [DEBUG]   ✅ [파싱 성공] 55번 문제 성공적으로 추출됨
[2026-06-28 13:40:55] [DEBUG]   ✅ [파싱 성공] 56번 문제 성공적으로 추출됨
[2026-06-28 13:40:55] [DEBUG]   ✅ [파싱 성공] 57번 문제 성공적으로 추출됨
[2026-06-28 13:40:55] [DEBUG]   ✅ [파싱 성공] 58번 문제 성공적으로 추출됨
[2026-06-28 13:40:55] [DEBUG]   ✅ [파싱 성공] 59번 문제 성공적으로 추출됨
[2026-06-28 13:40:55] [ERROR]   ❌ [누락/폐기] 10번 문항 폐기됨 (사유: 보기 없음) -> "10 x 10=20 x X X = 10 x10 / 20 = 5[MPa] ..."
[2026-06-28 13:40:55] [DEBUG]   ✅ [파싱 성공] 60번 문제 성공적으로 추출됨
[2026-06-28 13:40:55] [DEBUG]   ✅ [파싱 성공] 1번 문제 성공적으로 추출됨
[2026-06-28 13:40:55] [DEBUG]   ✅ [파싱 성공] 2번 문제 성공적으로 추출됨
[2026-06-28 13:40:55] [DEBUG]   ✅ [파싱 성공] 3번 문제 성공적으로 추출됨
[2026-06-28 13:40:55] [DEBUG]   ✅ [파싱 성공] 4번 문제 성공적으로 추출됨
[2026-06-28 13:40:55] [DEBUG]   ✅ [파싱 성공] 5번 문제 성공적으로 추출됨
[2026-06-28 13:40:55] [DEBUG]   ✅ [파싱 성공] 6번 문제 성공적으로 추출됨
[2026-06-28 13:40:55] [DEBUG]   ✅ [파싱 성공] 7번 문제 성공적으로 추출됨
[2026-06-28 13:40:55] [DEBUG]   ✅ [파싱 성공] 8번 문제 성공적으로 추출됨
[2026-06-28 13:40:55] [DEBUG]   ✅ [파싱 성공] 9번 문제 성공적으로 추출됨
[2026-06-28 13:40:55] [DEBUG]   ✅ [파싱 성공] 10번 문제 성공적으로 추출됨
[2026-06-28 13:40:55] [DEBUG]   ✅ [파싱 성공] 11번 문제 성공적으로 추출됨
[2026-06-28 13:40:55] [DEBUG]   ✅ [파싱 성공] 12번 문제 성공적으로 추출됨
[2026-06-28 13:40:55] [DEBUG]   ✅ [파싱 성공] 13번 문제 성공적으로 추출됨
[2026-06-28 13:40:55] [DEBUG]   ✅ [파싱 성공] 14번 문제 성공적으로 추출됨
[2026-06-28 13:40:55] [DEBUG]   ✅ [파싱 성공] 15번 문제 성공적으로 추출됨
[2026-06-28 13:40:55] [DEBUG]   ✅ [파싱 성공] 16번 문제 성공적으로 추출됨
[2026-06-28 13:40:55] [DEBUG]   ✅ [파싱 성공] 17번 문제 성공적으로 추출됨
[2026-06-28 13:40:55] [DEBUG]   ✅ [파싱 성공] 18번 문제 성공적으로 추출됨
[2026-06-28 13:40:55] [DEBUG]   ✅ [파싱 성공] 19번 문제 성공적으로 추출됨
[2026-06-28 13:40:55] [DEBUG]   ✅ [파싱 성공] 20번 문제 성공적으로 추출됨
[2026-06-28 13:40:55] [DEBUG]   ✅ [파싱 성공] 21번 문제 성공적으로 추출됨
[2026-06-28 13:40:55] [ERROR]   ❌ [누락/폐기] 1번 문항 폐기됨 (사유: 보기 없음) -> "1.기초설비에 있는 인터록(Inter Lock), 긴급용시스템스, 경보 ..."
[2026-06-28 13:40:55] [ERROR]   ❌ [누락/폐기] 3번 문항 폐기됨 (사유: 보기 없음) -> "3.긴급차단 및 긴급방출장치, 통신설비, 재어서설, 점전계획지 및 재설설..."
[2026-06-28 13:40:55] [DEBUG]   ✅ [파싱 성공] 22번 문제 성공적으로 추출됨
[2026-06-28 13:40:55] [DEBUG]   ✅ [파싱 성공] 23번 문제 성공적으로 추출됨
[2026-06-28 13:40:55] [DEBUG]   ✅ [파싱 성공] 24번 문제 성공적으로 추출됨
[2026-06-28 13:40:55] [DEBUG]   ✅ [파싱 성공] 25번 문제 성공적으로 추출됨
[2026-06-28 13:40:55] [DEBUG]   ✅ [파싱 성공] 26번 문제 성공적으로 추출됨
[2026-06-28 13:40:55] [DEBUG]   ✅ [파싱 성공] 27번 문제 성공적으로 추출됨
[2026-06-28 13:40:55] [ERROR]   ❌ [누락/폐기] 6번 문항 폐기됨 (사유: 보기 없음) -> "6 × 300 = 900[cm²] 정답  ③..."
[2026-06-28 13:40:55] [DEBUG]   ✅ [파싱 성공] 28번 문제 성공적으로 추출됨
[2026-06-28 13:40:55] [DEBUG]   ✅ [파싱 성공] 29번 문제 성공적으로 추출됨
[2026-06-28 13:40:55] [DEBUG]   ✅ [파싱 성공] 30번 문제 성공적으로 추출됨
[2026-06-28 13:40:55] [DEBUG]   ✅ [파싱 성공] 31번 문제 성공적으로 추출됨
[2026-06-28 13:40:55] [DEBUG]   ✅ [파싱 성공] 32번 문제 성공적으로 추출됨
[2026-06-28 13:40:55] [DEBUG]   ✅ [파싱 성공] 33번 문제 성공적으로 추출됨
[2026-06-28 13:40:55] [DEBUG]   ✅ [파싱 성공] 34번 문제 성공적으로 추출됨
[2026-06-28 13:40:55] [DEBUG]   ✅ [파싱 성공] 35번 문제 성공적으로 추출됨
[2026-06-28 13:40:55] [DEBUG]   ✅ [파싱 성공] 36번 문제 성공적으로 추출됨
[2026-06-28 13:40:55] [DEBUG]   ✅ [파싱 성공] 37번 문제 성공적으로 추출됨
[2026-06-28 13:40:55] [DEBUG]   ✅ [파싱 성공] 38번 문제 성공적으로 추출됨
[2026-06-28 13:40:55] [DEBUG]   ✅ [파싱 성공] 39번 문제 성공적으로 추출됨
[2026-06-28 13:40:55] [DEBUG]   ✅ [파싱 성공] 40번 문제 성공적으로 추출됨
[2026-06-28 13:40:55] [DEBUG]   ✅ [파싱 성공] 41번 문제 성공적으로 추출됨
[2026-06-28 13:40:55] [DEBUG]   ✅ [파싱 성공] 42번 문제 성공적으로 추출됨
[2026-06-28 13:40:55] [DEBUG]   ✅ [파싱 성공] 43번 문제 성공적으로 추출됨
[2026-06-28 13:40:55] [DEBUG]   ✅ [파싱 성공] 44번 문제 성공적으로 추출됨
[2026-06-28 13:40:55] [DEBUG]   ✅ [파싱 성공] 45번 문제 성공적으로 추출됨
[2026-06-28 13:40:55] [DEBUG]   ✅ [파싱 성공] 46번 문제 성공적으로 추출됨
[2026-06-28 13:40:55] [DEBUG]   ✅ [파싱 성공] 47번 문제 성공적으로 추출됨
[2026-06-28 13:40:55] [DEBUG]   ✅ [파싱 성공] 48번 문제 성공적으로 추출됨
[2026-06-28 13:40:55] [DEBUG]   ✅ [파싱 성공] 49번 문제 성공적으로 추출됨
[2026-06-28 13:40:55] [DEBUG]   ✅ [파싱 성공] 50번 문제 성공적으로 추출됨
[2026-06-28 13:40:55] [DEBUG]   ✅ [파싱 성공] 51번 문제 성공적으로 추출됨
[2026-06-28 13:40:55] [DEBUG]   ✅ [파싱 성공] 52번 문제 성공적으로 추출됨
[2026-06-28 13:40:55] [DEBUG]   ✅ [파싱 성공] 53번 문제 성공적으로 추출됨
[2026-06-28 13:40:55] [DEBUG]   ✅ [파싱 성공] 54번 문제 성공적으로 추출됨
[2026-06-28 13:40:55] [DEBUG]   ✅ [파싱 성공] 55번 문제 성공적으로 추출됨
[2026-06-28 13:40:55] [DEBUG]   ✅ [파싱 성공] 56번 문제 성공적으로 추출됨
[2026-06-28 13:40:55] [DEBUG]   ✅ [파싱 성공] 57번 문제 성공적으로 추출됨
[2026-06-28 13:40:55] [DEBUG]   ✅ [파싱 성공] 58번 문제 성공적으로 추출됨
[2026-06-28 13:40:55] [DEBUG]   ✅ [파싱 성공] 59번 문제 성공적으로 추출됨
[2026-06-28 13:40:55] [DEBUG]   ✅ [파싱 성공] 60번 문제 성공적으로 추출됨
[2026-06-28 13:40:55] [DEBUG]   ✅ [파싱 성공] 1번 문제 성공적으로 추출됨
[2026-06-28 13:40:55] [DEBUG]   ✅ [파싱 성공] 2번 문제 성공적으로 추출됨
[2026-06-28 13:40:55] [DEBUG]   ✅ [파싱 성공] 3번 문제 성공적으로 추출됨
[2026-06-28 13:40:55] [DEBUG]   ✅ [파싱 성공] 4번 문제 성공적으로 추출됨
[2026-06-28 13:40:55] [ERROR]   ❌ [누락/폐기] 1번 문항 폐기됨 (사유: 보기 없음) -> "1.가스의 명칭 및 물성: 가스의 명칭, 가스의 특성(온도와 압력과의 관..."
[2026-06-28 13:40:55] [ERROR]   ❌ [누락/폐기] 2번 문항 폐기됨 (사유: 보기 없음) -> "2.이상에 의한 충주의사항, 사고발생시 응급조치를 비치 정답  ①..."
[2026-06-28 13:40:55] [DEBUG]   ✅ [파싱 성공] 5번 문제 성공적으로 추출됨
[2026-06-28 13:40:55] [DEBUG]   ✅ [파싱 성공] 6번 문제 성공적으로 추출됨
[2026-06-28 13:40:55] [DEBUG]   ✅ [파싱 성공] 7번 문제 성공적으로 추출됨
[2026-06-28 13:40:55] [DEBUG]   ✅ [파싱 성공] 8번 문제 성공적으로 추출됨
[2026-06-28 13:40:55] [DEBUG]   ✅ [파싱 성공] 9번 문제 성공적으로 추출됨
[2026-06-28 13:40:55] [DEBUG]   ✅ [파싱 성공] 10번 문제 성공적으로 추출됨
[2026-06-28 13:40:55] [DEBUG]   ✅ [파싱 성공] 11번 문제 성공적으로 추출됨
[2026-06-28 13:40:55] [DEBUG]   ✅ [파싱 성공] 12번 문제 성공적으로 추출됨
[2026-06-28 13:40:55] [DEBUG]   ✅ [파싱 성공] 13번 문제 성공적으로 추출됨
[2026-06-28 13:40:55] [DEBUG]   ✅ [파싱 성공] 14번 문제 성공적으로 추출됨
[2026-06-28 13:40:55] [DEBUG]   ✅ [파싱 성공] 15번 문제 성공적으로 추출됨
[2026-06-28 13:40:55] [DEBUG]   ✅ [파싱 성공] 16번 문제 성공적으로 추출됨
[2026-06-28 13:40:55] [DEBUG]   ✅ [파싱 성공] 17번 문제 성공적으로 추출됨
[2026-06-28 13:40:55] [DEBUG]   ✅ [파싱 성공] 18번 문제 성공적으로 추출됨
[2026-06-28 13:40:55] [DEBUG]   ✅ [파싱 성공] 19번 문제 성공적으로 추출됨
[2026-06-28 13:40:55] [DEBUG]   ✅ [파싱 성공] 20번 문제 성공적으로 추출됨
[2026-06-28 13:40:55] [DEBUG]   ✅ [파싱 성공] 21번 문제 성공적으로 추출됨
[2026-06-28 13:40:55] [DEBUG]   ✅ [파싱 성공] 22번 문제 성공적으로 추출됨
[2026-06-28 13:40:55] [DEBUG]   ✅ [파싱 성공] 23번 문제 성공적으로 추출됨
[2026-06-28 13:40:55] [DEBUG]   ✅ [파싱 성공] 24번 문제 성공적으로 추출됨
[2026-06-28 13:40:55] [DEBUG]   ✅ [파싱 성공] 25번 문제 성공적으로 추출됨
[2026-06-28 13:40:55] [DEBUG]   ✅ [파싱 성공] 26번 문제 성공적으로 추출됨
[2026-06-28 13:40:55] [DEBUG]   ✅ [파싱 성공] 27번 문제 성공적으로 추출됨
[2026-06-28 13:40:55] [DEBUG]   ✅ [파싱 성공] 28번 문제 성공적으로 추출됨
[2026-06-28 13:40:55] [DEBUG]   ✅ [파싱 성공] 29번 문제 성공적으로 추출됨
[2026-06-28 13:40:55] [DEBUG]   ✅ [파싱 성공] 30번 문제 성공적으로 추출됨
[2026-06-28 13:40:55] [DEBUG]   ✅ [파싱 성공] 31번 문제 성공적으로 추출됨
[2026-06-28 13:40:55] [DEBUG]   ✅ [파싱 성공] 32번 문제 성공적으로 추출됨
[2026-06-28 13:40:55] [DEBUG]   ✅ [파싱 성공] 33번 문제 성공적으로 추출됨
[2026-06-28 13:40:55] [DEBUG]   ✅ [파싱 성공] 34번 문제 성공적으로 추출됨
[2026-06-28 13:40:55] [DEBUG]   ✅ [파싱 성공] 35번 문제 성공적으로 추출됨
[2026-06-28 13:40:55] [DEBUG]   ✅ [파싱 성공] 36번 문제 성공적으로 추출됨
[2026-06-28 13:40:55] [DEBUG]   ✅ [파싱 성공] 37번 문제 성공적으로 추출됨
[2026-06-28 13:40:55] [DEBUG]   ✅ [파싱 성공] 38번 문제 성공적으로 추출됨
[2026-06-28 13:40:55] [DEBUG]   ✅ [파싱 성공] 39번 문제 성공적으로 추출됨
[2026-06-28 13:40:55] [DEBUG]   ✅ [파싱 성공] 40번 문제 성공적으로 추출됨
[2026-06-28 13:40:55] [DEBUG]   ✅ [파싱 성공] 41번 문제 성공적으로 추출됨
[2026-06-28 13:40:55] [DEBUG]   ✅ [파싱 성공] 42번 문제 성공적으로 추출됨
[2026-06-28 13:40:55] [DEBUG]   ✅ [파싱 성공] 43번 문제 성공적으로 추출됨
[2026-06-28 13:40:55] [DEBUG]   ✅ [파싱 성공] 44번 문제 성공적으로 추출됨
[2026-06-28 13:40:55] [DEBUG]   ✅ [파싱 성공] 45번 문제 성공적으로 추출됨
[2026-06-28 13:40:55] [DEBUG]   ✅ [파싱 성공] 46번 문제 성공적으로 추출됨
[2026-06-28 13:40:55] [DEBUG]   ✅ [파싱 성공] 47번 문제 성공적으로 추출됨
[2026-06-28 13:40:55] [DEBUG]   ✅ [파싱 성공] 48번 문제 성공적으로 추출됨
[2026-06-28 13:40:55] [DEBUG]   ✅ [파싱 성공] 49번 문제 성공적으로 추출됨
[2026-06-28 13:40:55] [DEBUG]   ✅ [파싱 성공] 50번 문제 성공적으로 추출됨
[2026-06-28 13:40:55] [DEBUG]   ✅ [파싱 성공] 51번 문제 성공적으로 추출됨
[2026-06-28 13:40:55] [DEBUG]   ✅ [파싱 성공] 52번 문제 성공적으로 추출됨
[2026-06-28 13:40:55] [DEBUG]   ✅ [파싱 성공] 53번 문제 성공적으로 추출됨
[2026-06-28 13:40:55] [DEBUG]   ✅ [파싱 성공] 54번 문제 성공적으로 추출됨
[2026-06-28 13:40:55] [DEBUG]   ✅ [파싱 성공] 55번 문제 성공적으로 추출됨
[2026-06-28 13:40:55] [DEBUG]   ✅ [파싱 성공] 56번 문제 성공적으로 추출됨
[2026-06-28 13:40:55] [DEBUG]   ✅ [파싱 성공] 57번 문제 성공적으로 추출됨
[2026-06-28 13:40:55] [DEBUG]   ✅ [파싱 성공] 58번 문제 성공적으로 추출됨
[2026-06-28 13:40:55] [DEBUG]   ✅ [파싱 성공] 59번 문제 성공적으로 추출됨
[2026-06-28 13:40:55] [DEBUG]   ✅ [파싱 성공] 60번 문제 성공적으로 추출됨
[2026-06-28 13:40:55] [DEBUG]   ✅ [파싱 성공] 1번 문제 성공적으로 추출됨
[2026-06-28 13:40:55] [DEBUG]   ✅ [파싱 성공] 2번 문제 성공적으로 추출됨
[2026-06-28 13:40:55] [DEBUG]   ✅ [파싱 성공] 3번 문제 성공적으로 추출됨
[2026-06-28 13:40:55] [DEBUG]   ✅ [파싱 성공] 4번 문제 성공적으로 추출됨
[2026-06-28 13:40:55] [DEBUG]   ✅ [파싱 성공] 5번 문제 성공적으로 추출됨
[2026-06-28 13:40:55] [DEBUG]   ✅ [파싱 성공] 6번 문제 성공적으로 추출됨
[2026-06-28 13:40:55] [DEBUG]   ✅ [파싱 성공] 7번 문제 성공적으로 추출됨
[2026-06-28 13:40:55] [DEBUG]   ✅ [파싱 성공] 8번 문제 성공적으로 추출됨
[2026-06-28 13:40:55] [DEBUG]   ✅ [파싱 성공] 9번 문제 성공적으로 추출됨
[2026-06-28 13:40:55] [DEBUG]   ✅ [파싱 성공] 10번 문제 성공적으로 추출됨
[2026-06-28 13:40:55] [DEBUG]   ✅ [파싱 성공] 11번 문제 성공적으로 추출됨
[2026-06-28 13:40:55] [DEBUG]   ✅ [파싱 성공] 12번 문제 성공적으로 추출됨
[2026-06-28 13:40:55] [DEBUG]   ✅ [파싱 성공] 13번 문제 성공적으로 추출됨
[2026-06-28 13:40:55] [DEBUG]   ✅ [파싱 성공] 14번 문제 성공적으로 추출됨
[2026-06-28 13:40:55] [DEBUG]   ✅ [파싱 성공] 15번 문제 성공적으로 추출됨
[2026-06-28 13:40:55] [DEBUG]   ✅ [파싱 성공] 16번 문제 성공적으로 추출됨
[2026-06-28 13:40:55] [DEBUG]   ✅ [파싱 성공] 17번 문제 성공적으로 추출됨
[2026-06-28 13:40:55] [DEBUG]   ✅ [파싱 성공] 18번 문제 성공적으로 추출됨
[2026-06-28 13:40:55] [DEBUG]   ✅ [파싱 성공] 19번 문제 성공적으로 추출됨
[2026-06-28 13:40:55] [DEBUG]   ✅ [파싱 성공] 20번 문제 성공적으로 추출됨
[2026-06-28 13:40:55] [DEBUG]   ✅ [파싱 성공] 21번 문제 성공적으로 추출됨
[2026-06-28 13:40:55] [DEBUG]   ✅ [파싱 성공] 22번 문제 성공적으로 추출됨
[2026-06-28 13:40:55] [DEBUG]   ✅ [파싱 성공] 23번 문제 성공적으로 추출됨
[2026-06-28 13:40:55] [DEBUG]   ✅ [파싱 성공] 24번 문제 성공적으로 추출됨
[2026-06-28 13:40:55] [DEBUG]   ✅ [파싱 성공] 25번 문제 성공적으로 추출됨
[2026-06-28 13:40:55] [DEBUG]   ✅ [파싱 성공] 26번 문제 성공적으로 추출됨
[2026-06-28 13:40:55] [DEBUG]   ✅ [파싱 성공] 27번 문제 성공적으로 추출됨
[2026-06-28 13:40:55] [DEBUG]   ✅ [파싱 성공] 28번 문제 성공적으로 추출됨
[2026-06-28 13:40:55] [DEBUG]   ✅ [파싱 성공] 29번 문제 성공적으로 추출됨
[2026-06-28 13:40:55] [DEBUG]   ✅ [파싱 성공] 30번 문제 성공적으로 추출됨
[2026-06-28 13:40:55] [DEBUG]   ✅ [파싱 성공] 31번 문제 성공적으로 추출됨
[2026-06-28 13:40:55] [DEBUG]   ✅ [파싱 성공] 32번 문제 성공적으로 추출됨
[2026-06-28 13:40:55] [DEBUG]   ✅ [파싱 성공] 33번 문제 성공적으로 추출됨
[2026-06-28 13:40:55] [DEBUG]   ✅ [파싱 성공] 34번 문제 성공적으로 추출됨
[2026-06-28 13:40:55] [DEBUG]   ✅ [파싱 성공] 35번 문제 성공적으로 추출됨
[2026-06-28 13:40:55] [DEBUG]   ✅ [파싱 성공] 36번 문제 성공적으로 추출됨
[2026-06-28 13:40:55] [DEBUG]   ✅ [파싱 성공] 37번 문제 성공적으로 추출됨
[2026-06-28 13:40:55] [DEBUG]   ✅ [파싱 성공] 38번 문제 성공적으로 추출됨
[2026-06-28 13:40:55] [DEBUG]   ✅ [파싱 성공] 39번 문제 성공적으로 추출됨
[2026-06-28 13:40:55] [DEBUG]   ✅ [파싱 성공] 40번 문제 성공적으로 추출됨
[2026-06-28 13:40:55] [DEBUG]   ✅ [파싱 성공] 41번 문제 성공적으로 추출됨
[2026-06-28 13:40:55] [DEBUG]   ✅ [파싱 성공] 42번 문제 성공적으로 추출됨
[2026-06-28 13:40:55] [DEBUG]   ✅ [파싱 성공] 43번 문제 성공적으로 추출됨
[2026-06-28 13:40:55] [DEBUG]   ✅ [파싱 성공] 44번 문제 성공적으로 추출됨
[2026-06-28 13:40:55] [DEBUG]   ✅ [파싱 성공] 45번 문제 성공적으로 추출됨
[2026-06-28 13:40:55] [DEBUG]   ✅ [파싱 성공] 46번 문제 성공적으로 추출됨
[2026-06-28 13:40:55] [DEBUG]   ✅ [파싱 성공] 47번 문제 성공적으로 추출됨
[2026-06-28 13:40:55] [DEBUG]   ✅ [파싱 성공] 48번 문제 성공적으로 추출됨
[2026-06-28 13:40:55] [DEBUG]   ✅ [파싱 성공] 49번 문제 성공적으로 추출됨
[2026-06-28 13:40:55] [DEBUG]   ✅ [파싱 성공] 50번 문제 성공적으로 추출됨
[2026-06-28 13:40:55] [DEBUG]   ✅ [파싱 성공] 51번 문제 성공적으로 추출됨
[2026-06-28 13:40:55] [DEBUG]   ✅ [파싱 성공] 52번 문제 성공적으로 추출됨
[2026-06-28 13:40:55] [DEBUG]   ✅ [파싱 성공] 53번 문제 성공적으로 추출됨
[2026-06-28 13:40:55] [DEBUG]   ✅ [파싱 성공] 54번 문제 성공적으로 추출됨
[2026-06-28 13:40:55] [DEBUG]   ✅ [파싱 성공] 55번 문제 성공적으로 추출됨
[2026-06-28 13:40:55] [DEBUG]   ✅ [파싱 성공] 56번 문제 성공적으로 추출됨
[2026-06-28 13:40:55] [DEBUG]   ✅ [파싱 성공] 57번 문제 성공적으로 추출됨
[2026-06-28 13:40:55] [DEBUG]   ✅ [파싱 성공] 58번 문제 성공적으로 추출됨
[2026-06-28 13:40:55] [DEBUG]   ✅ [파싱 성공] 59번 문제 성공적으로 추출됨
[2026-06-28 13:40:55] [DEBUG]   ✅ [파싱 성공] 60번 문제 성공적으로 추출됨
[2026-06-28 13:40:55] [DEBUG]   ✅ [파싱 성공] 1번 문제 성공적으로 추출됨
[2026-06-28 13:40:55] [DEBUG]   ✅ [파싱 성공] 2번 문제 성공적으로 추출됨
[2026-06-28 13:40:55] [DEBUG]   ✅ [파싱 성공] 3번 문제 성공적으로 추출됨
[2026-06-28 13:40:55] [DEBUG]   ✅ [파싱 성공] 4번 문제 성공적으로 추출됨
[2026-06-28 13:40:55] [DEBUG]   ✅ [파싱 성공] 5번 문제 성공적으로 추출됨
[2026-06-28 13:40:55] [DEBUG]   ✅ [파싱 성공] 6번 문제 성공적으로 추출됨
[2026-06-28 13:40:55] [DEBUG]   ✅ [파싱 성공] 7번 문제 성공적으로 추출됨
[2026-06-28 13:40:55] [DEBUG]   ✅ [파싱 성공] 8번 문제 성공적으로 추출됨
[2026-06-28 13:40:55] [DEBUG]   ✅ [파싱 성공] 9번 문제 성공적으로 추출됨
[2026-06-28 13:40:55] [DEBUG]   ✅ [파싱 성공] 10번 문제 성공적으로 추출됨
[2026-06-28 13:40:55] [DEBUG]   ✅ [파싱 성공] 11번 문제 성공적으로 추출됨
[2026-06-28 13:40:55] [DEBUG]   ✅ [파싱 성공] 12번 문제 성공적으로 추출됨
[2026-06-28 13:40:55] [DEBUG]   ✅ [파싱 성공] 13번 문제 성공적으로 추출됨
[2026-06-28 13:40:55] [DEBUG]   ✅ [파싱 성공] 14번 문제 성공적으로 추출됨
[2026-06-28 13:40:55] [DEBUG]   ✅ [파싱 성공] 15번 문제 성공적으로 추출됨
[2026-06-28 13:40:55] [DEBUG]   ✅ [파싱 성공] 16번 문제 성공적으로 추출됨
[2026-06-28 13:40:55] [DEBUG]   ✅ [파싱 성공] 17번 문제 성공적으로 추출됨
[2026-06-28 13:40:55] [DEBUG]   ✅ [파싱 성공] 18번 문제 성공적으로 추출됨
[2026-06-28 13:40:55] [DEBUG]   ✅ [파싱 성공] 19번 문제 성공적으로 추출됨
[2026-06-28 13:40:55] [DEBUG]   ✅ [파싱 성공] 20번 문제 성공적으로 추출됨
[2026-06-28 13:40:55] [DEBUG]   ✅ [파싱 성공] 21번 문제 성공적으로 추출됨
[2026-06-28 13:40:55] [DEBUG]   ✅ [파싱 성공] 22번 문제 성공적으로 추출됨
[2026-06-28 13:40:55] [DEBUG]   ✅ [파싱 성공] 23번 문제 성공적으로 추출됨
[2026-06-28 13:40:55] [DEBUG]   ✅ [파싱 성공] 24번 문제 성공적으로 추출됨
[2026-06-28 13:40:55] [DEBUG]   ✅ [파싱 성공] 25번 문제 성공적으로 추출됨
[2026-06-28 13:40:55] [DEBUG]   ✅ [파싱 성공] 26번 문제 성공적으로 추출됨
[2026-06-28 13:40:55] [DEBUG]   ✅ [파싱 성공] 27번 문제 성공적으로 추출됨
[2026-06-28 13:40:55] [DEBUG]   ✅ [파싱 성공] 28번 문제 성공적으로 추출됨
[2026-06-28 13:40:55] [DEBUG]   ✅ [파싱 성공] 29번 문제 성공적으로 추출됨
[2026-06-28 13:40:55] [DEBUG]   ✅ [파싱 성공] 30번 문제 성공적으로 추출됨
[2026-06-28 13:40:55] [DEBUG]   ✅ [파싱 성공] 31번 문제 성공적으로 추출됨
[2026-06-28 13:40:55] [DEBUG]   ✅ [파싱 성공] 32번 문제 성공적으로 추출됨
[2026-06-28 13:40:55] [DEBUG]   ✅ [파싱 성공] 33번 문제 성공적으로 추출됨
[2026-06-28 13:40:55] [DEBUG]   ✅ [파싱 성공] 34번 문제 성공적으로 추출됨
[2026-06-28 13:40:55] [DEBUG]   ✅ [파싱 성공] 35번 문제 성공적으로 추출됨
[2026-06-28 13:40:55] [DEBUG]   ✅ [파싱 성공] 36번 문제 성공적으로 추출됨
[2026-06-28 13:40:55] [DEBUG]   ✅ [파싱 성공] 37번 문제 성공적으로 추출됨
[2026-06-28 13:40:55] [DEBUG]   ✅ [파싱 성공] 38번 문제 성공적으로 추출됨
[2026-06-28 13:40:55] [DEBUG]   ✅ [파싱 성공] 39번 문제 성공적으로 추출됨
[2026-06-28 13:40:55] [DEBUG]   ✅ [파싱 성공] 40번 문제 성공적으로 추출됨
[2026-06-28 13:40:55] [DEBUG]   ✅ [파싱 성공] 41번 문제 성공적으로 추출됨
[2026-06-28 13:40:55] [DEBUG]   ✅ [파싱 성공] 42번 문제 성공적으로 추출됨
[2026-06-28 13:40:55] [DEBUG]   ✅ [파싱 성공] 43번 문제 성공적으로 추출됨
[2026-06-28 13:40:55] [DEBUG]   ✅ [파싱 성공] 44번 문제 성공적으로 추출됨
[2026-06-28 13:40:55] [DEBUG]   ✅ [파싱 성공] 45번 문제 성공적으로 추출됨
[2026-06-28 13:40:55] [DEBUG]   ✅ [파싱 성공] 46번 문제 성공적으로 추출됨
[2026-06-28 13:40:55] [DEBUG]   ✅ [파싱 성공] 47번 문제 성공적으로 추출됨
[2026-06-28 13:40:55] [DEBUG]   ✅ [파싱 성공] 48번 문제 성공적으로 추출됨
[2026-06-28 13:40:55] [DEBUG]   ✅ [파싱 성공] 49번 문제 성공적으로 추출됨
[2026-06-28 13:40:55] [DEBUG]   ✅ [파싱 성공] 50번 문제 성공적으로 추출됨
[2026-06-28 13:40:55] [ERROR]   ❌ [누락/폐기] 0번 문항 폐기됨 (사유: 보기 없음) -> "0.5 : 250 = 10 : X X = 250×10/0.5 = 5,00..."
[2026-06-28 13:40:55] [DEBUG]   ✅ [파싱 성공] 51번 문제 성공적으로 추출됨
[2026-06-28 13:40:55] [DEBUG]   ✅ [파싱 성공] 52번 문제 성공적으로 추출됨
[2026-06-28 13:40:55] [DEBUG]   ✅ [파싱 성공] 53번 문제 성공적으로 추출됨
[2026-06-28 13:40:55] [DEBUG]   ✅ [파싱 성공] 54번 문제 성공적으로 추출됨
[2026-06-28 13:40:55] [DEBUG]   ✅ [파싱 성공] 55번 문제 성공적으로 추출됨
[2026-06-28 13:40:55] [DEBUG]   ✅ [파싱 성공] 56번 문제 성공적으로 추출됨
[2026-06-28 13:40:55] [DEBUG]   ✅ [파싱 성공] 57번 문제 성공적으로 추출됨
[2026-06-28 13:40:55] [DEBUG]   ✅ [파싱 성공] 58번 문제 성공적으로 추출됨
[2026-06-28 13:40:55] [DEBUG]   ✅ [파싱 성공] 59번 문제 성공적으로 추출됨
[2026-06-28 13:40:55] [DEBUG]   ✅ [파싱 성공] 60번 문제 성공적으로 추출됨
[2026-06-28 13:40:55] [INFO] -----------------------------------------------------------------
[2026-06-28 13:40:55] [INFO] 🔄 [스마트 그룹핑] 파싱된 문항들을 회차별로 분류합니다...
[2026-06-28 13:40:55] [INFO]   📂 [회차 묶음 완료] 2017년 1회 - 총 60문항 저장됨
[2026-06-28 13:40:55] [INFO]   📂 [회차 묶음 완료] 2017년 3회 - 총 60문항 저장됨
[2026-06-28 13:40:55] [INFO]   📂 [회차 묶음 완료] 2018년 1회 - 총 60문항 저장됨
[2026-06-28 13:40:55] [INFO]   📂 [회차 묶음 완료] 2018년 3회 - 총 60문항 저장됨
[2026-06-28 13:40:55] [INFO]   📂 [회차 묶음 완료] 2019년 1회 - 총 60문항 저장됨
[2026-06-28 13:40:55] [INFO]   📂 [회차 묶음 완료] 2019년 3회 - 총 60문항 저장됨
[2026-06-28 13:40:55] [INFO]   📂 [회차 묶음 완료] 2020년 1회 - 총 60문항 저장됨
[2026-06-28 13:40:55] [INFO]   📂 [회차 묶음 완료] 2020년 3회 - 총 60문항 저장됨
[2026-06-28 13:40:55] [INFO]   📂 [회차 묶음 완료] 2021년 1회 - 총 60문항 저장됨
[2026-06-28 13:40:55] [INFO]   📂 [회차 묶음 완료] 2021년 3회 - 총 60문항 저장됨
[2026-06-28 13:40:55] [INFO]   📂 [회차 묶음 완료] 2022년 1회 - 총 60문항 저장됨
[2026-06-28 13:40:55] [INFO]   📂 [회차 묶음 완료] 2022년 3회 - 총 60문항 저장됨
[2026-06-28 13:40:55] [INFO]   📂 [회차 묶음 완료] 2023년 1회 - 총 60문항 저장됨
[2026-06-28 13:40:55] [INFO]   📂 [회차 묶음 완료] 2023년 3회 - 총 60문항 저장됨
[2026-06-28 13:40:55] [INFO]   📂 [회차 묶음 완료] 2024년 1회 - 총 60문항 저장됨
[2026-06-28 13:40:55] [INFO] 
🎉 V11.1 (무결점 선형 추출 + 정밀 디버그 로깅) 스크립트 실행 완료!
[2026-06-28 13:40:55] [INFO] 총 0개의 이미지가 'data/gas/images/' 폴더에 추출되었습니다.
[2026-06-28 13:40:55] [INFO] 상세 디버깅 기록이 '('gas_CBT_2017_2025', '.docx')_20260628_134053.log' 파일에 저장되었습니다.
[2026-06-28 13:40:55] [INFO] 
📊 [각 회차별 문제 변환 상세 보고서]
[2026-06-28 13:40:55] [INFO] -----------------------------------------------------------------
