======================================================================
 CBT 기출문제 변환 엔진 V11.2 - 초정밀 디버깅 로그
 [날짜/시간] : 2026-06-28 13:48:02
 [Input 파일]: gas_CBT_2017_2025.docx
 [Output 파일]: data/gas/gas_questions.json
======================================================================

[2026-06-28 13:48:02] [INFO] 
⏳ [가스기능사] 문서 선형화 및 파싱을 시작합니다...
[2026-06-28 13:48:03] [INFO] 
🔍 [1단계] 문서 내 연도/회차 타이틀 스캔 중...
[2026-06-28 13:48:03] [INFO]   📌 [회차 발견] 문서 내 텍스트에서 '2017년 1회' 타이틀 추출 완료!
[2026-06-28 13:48:03] [INFO]   📌 [회차 발견] 문서 내 텍스트에서 '2017년 3회' 타이틀 추출 완료!
[2026-06-28 13:48:03] [INFO]   📌 [회차 발견] 문서 내 텍스트에서 '2018년 1회' 타이틀 추출 완료!
[2026-06-28 13:48:03] [INFO]   📌 [회차 발견] 문서 내 텍스트에서 '2018년 3회' 타이틀 추출 완료!
[2026-06-28 13:48:03] [INFO]   📌 [회차 발견] 문서 내 텍스트에서 '2019년 1회' 타이틀 추출 완료!
[2026-06-28 13:48:03] [INFO]   📌 [회차 발견] 문서 내 텍스트에서 '2019년 3회' 타이틀 추출 완료!
[2026-06-28 13:48:03] [INFO]   📌 [회차 발견] 문서 내 텍스트에서 '2020년 1회' 타이틀 추출 완료!
[2026-06-28 13:48:03] [INFO]   📌 [회차 발견] 문서 내 텍스트에서 '2020년 3회' 타이틀 추출 완료!
[2026-06-28 13:48:03] [INFO]   📌 [회차 발견] 문서 내 텍스트에서 '2021년 1회' 타이틀 추출 완료!
[2026-06-28 13:48:03] [INFO]   📌 [회차 발견] 문서 내 텍스트에서 '2021년 3회' 타이틀 추출 완료!
[2026-06-28 13:48:03] [INFO]   📌 [회차 발견] 문서 내 텍스트에서 '2022년 1회' 타이틀 추출 완료!
[2026-06-28 13:48:03] [INFO]   📌 [회차 발견] 문서 내 텍스트에서 '2022년 3회' 타이틀 추출 완료!
[2026-06-28 13:48:03] [INFO]   📌 [회차 발견] 문서 내 텍스트에서 '2023년 1회' 타이틀 추출 완료!
[2026-06-28 13:48:03] [INFO]   📌 [회차 발견] 문서 내 텍스트에서 '2023년 3회' 타이틀 추출 완료!
[2026-06-28 13:48:03] [INFO]   📌 [회차 발견] 문서 내 텍스트에서 '2024년 1회' 타이틀 추출 완료!
[2026-06-28 13:48:03] [INFO]   📌 [회차 발견] 문서 내 텍스트에서 '2024년 3회' 타이틀 추출 완료!
[2026-06-28 13:48:03] [INFO]   📌 [회차 발견] 문서 내 텍스트에서 '2025년 1회' 타이틀 추출 완료!
[2026-06-28 13:48:03] [INFO]   📌 [회차 발견] 문서 내 텍스트에서 '2025년 3회' 타이틀 추출 완료!
[2026-06-28 13:48:03] [INFO]    -> 총 18개의 회차 타이틀을 확보했습니다!

[2026-06-28 13:48:03] [INFO] -----------------------------------------------------------------
[2026-06-28 13:48:03] [INFO] 🛠️ [2단계] 실시간 문제 추출 및 에러 감지 로그
[2026-06-28 13:48:03] [SUCCESS]   ✅ [문항 발견] 1번 문항 추출 완료 (지문길이: 72자 / 정답: 4번)
[2026-06-28 13:48:03] [SUCCESS]   ✅ [문항 발견] 2번 문항 추출 완료 (지문길이: 44자 / 정답: 3번)
[2026-06-28 13:48:03] [SUCCESS]   ✅ [문항 발견] 3번 문항 추출 완료 (지문길이: 41자 / 정답: 1번)
[2026-06-28 13:48:03] [SUCCESS]   ✅ [문항 발견] 4번 문항 추출 완료 (지문길이: 29자 / 정답: 2번)
[2026-06-28 13:48:03] [SUCCESS]   ✅ [문항 발견] 5번 문항 추출 완료 (지문길이: 39자 / 정답: 2번)
[2026-06-28 13:48:03] [SUCCESS]   ✅ [문항 발견] 6번 문항 추출 완료 (지문길이: 28자 / 정답: 1번)
[2026-06-28 13:48:03] [SUCCESS]   ✅ [문항 발견] 7번 문항 추출 완료 (지문길이: 41자 / 정답: 3번)
[2026-06-28 13:48:03] [SUCCESS]   ✅ [문항 발견] 8번 문항 추출 완료 (지문길이: 25자 / 정답: 2번)
[2026-06-28 13:48:03] [SUCCESS]   ✅ [문항 발견] 9번 문항 추출 완료 (지문길이: 30자 / 정답: 4번)
[2026-06-28 13:48:03] [SUCCESS]   ✅ [문항 발견] 10번 문항 추출 완료 (지문길이: 141자 / 정답: 4번)
[2026-06-28 13:48:03] [SUCCESS]   ✅ [문항 발견] 11번 문항 추출 완료 (지문길이: 82자 / 정답: 2번)
[2026-06-28 13:48:03] [SUCCESS]   ✅ [문항 발견] 12번 문항 추출 완료 (지문길이: 19자 / 정답: 2번)
[2026-06-28 13:48:03] [SUCCESS]   ✅ [문항 발견] 13번 문항 추출 완료 (지문길이: 43자 / 정답: 2번)
[2026-06-28 13:48:03] [SUCCESS]   ✅ [문항 발견] 14번 문항 추출 완료 (지문길이: 56자 / 정답: 3번)
[2026-06-28 13:48:03] [SUCCESS]   ✅ [문항 발견] 15번 문항 추출 완료 (지문길이: 41자 / 정답: 4번)
[2026-06-28 13:48:03] [SUCCESS]   ✅ [문항 발견] 16번 문항 추출 완료 (지문길이: 15자 / 정답: 1번)
[2026-06-28 13:48:03] [SUCCESS]   ✅ [문항 발견] 17번 문항 추출 완료 (지문길이: 28자 / 정답: 4번)
[2026-06-28 13:48:03] [SUCCESS]   ✅ [문항 발견] 18번 문항 추출 완료 (지문길이: 20자 / 정답: 4번)
[2026-06-28 13:48:03] [SUCCESS]   ✅ [문항 발견] 19번 문항 추출 완료 (지문길이: 95자 / 정답: 3번)
[2026-06-28 13:48:03] [SUCCESS]   ✅ [문항 발견] 20번 문항 추출 완료 (지문길이: 36자 / 정답: 1번)
[2026-06-28 13:48:03] [SUCCESS]   ✅ [문항 발견] 21번 문항 추출 완료 (지문길이: 29자 / 정답: 1번)
[2026-06-28 13:48:03] [SUCCESS]   ✅ [문항 발견] 22번 문항 추출 완료 (지문길이: 76자 / 정답: 1번)
[2026-06-28 13:48:03] [SUCCESS]   ✅ [문항 발견] 23번 문항 추출 완료 (지문길이: 24자 / 정답: 3번)
[2026-06-28 13:48:03] [SUCCESS]   ✅ [문항 발견] 24번 문항 추출 완료 (지문길이: 26자 / 정답: 4번)
[2026-06-28 13:48:03] [SUCCESS]   ✅ [문항 발견] 25번 문항 추출 완료 (지문길이: 42자 / 정답: 0번)
[2026-06-28 13:48:03] [WARNING]   ⚠️ [에러-보기누락] 500번 문항 폐기 (사유: 보기 ①~④ 없음) -> 원문: "500 × 427 / 3,600 = 59.3[kgf·m/s] 1[kcal] = 427[kgf·m] 정답  ①..."
[2026-06-28 13:48:03] [SUCCESS]   ✅ [문항 발견] 26번 문항 추출 완료 (지문길이: 77자 / 정답: 4번)
[2026-06-28 13:48:03] [SUCCESS]   ✅ [문항 발견] 27번 문항 추출 완료 (지문길이: 68자 / 정답: 3번)
[2026-06-28 13:48:03] [SUCCESS]   ✅ [문항 발견] 28번 문항 추출 완료 (지문길이: 111자 / 정답: 2번)
[2026-06-28 13:48:03] [SUCCESS]   ✅ [문항 발견] 29번 문항 추출 완료 (지문길이: 38자 / 정답: 1번)
[2026-06-28 13:48:03] [SUCCESS]   ✅ [문항 발견] 30번 문항 추출 완료 (지문길이: 39자 / 정답: 3번)
[2026-06-28 13:48:03] [SUCCESS]   ✅ [문항 발견] 31번 문항 추출 완료 (지문길이: 54자 / 정답: 2번)
[2026-06-28 13:48:03] [SUCCESS]   ✅ [문항 발견] 32번 문항 추출 완료 (지문길이: 24자 / 정답: 3번)
[2026-06-28 13:48:03] [SUCCESS]   ✅ [문항 발견] 33번 문항 추출 완료 (지문길이: 102자 / 정답: 2번)
[2026-06-28 13:48:03] [SUCCESS]   ✅ [문항 발견] 34번 문항 추출 완료 (지문길이: 36자 / 정답: 1번)
[2026-06-28 13:48:03] [SUCCESS]   ✅ [문항 발견] 35번 문항 추출 완료 (지문길이: 65자 / 정답: 3번)
[2026-06-28 13:48:03] [SUCCESS]   ✅ [문항 발견] 36번 문항 추출 완료 (지문길이: 72자 / 정답: 4번)
[2026-06-28 13:48:03] [SUCCESS]   ✅ [문항 발견] 37번 문항 추출 완료 (지문길이: 30자 / 정답: 4번)
[2026-06-28 13:48:03] [SUCCESS]   ✅ [문항 발견] 38번 문항 추출 완료 (지문길이: 32자 / 정답: 4번)
[2026-06-28 13:48:03] [SUCCESS]   ✅ [문항 발견] 39번 문항 추출 완료 (지문길이: 34자 / 정답: 4번)
[2026-06-28 13:48:03] [SUCCESS]   ✅ [문항 발견] 40번 문항 추출 완료 (지문길이: 24자 / 정답: 3번)
[2026-06-28 13:48:03] [SUCCESS]   ✅ [문항 발견] 41번 문항 추출 완료 (지문길이: 25자 / 정답: 3번)
[2026-06-28 13:48:03] [SUCCESS]   ✅ [문항 발견] 42번 문항 추출 완료 (지문길이: 103자 / 정답: 2번)
[2026-06-28 13:48:03] [SUCCESS]   ✅ [문항 발견] 43번 문항 추출 완료 (지문길이: 27자 / 정답: 3번)
[2026-06-28 13:48:03] [SUCCESS]   ✅ [문항 발견] 44번 문항 추출 완료 (지문길이: 21자 / 정답: 3번)
[2026-06-28 13:48:03] [SUCCESS]   ✅ [문항 발견] 45번 문항 추출 완료 (지문길이: 36자 / 정답: 3번)
[2026-06-28 13:48:03] [SUCCESS]   ✅ [문항 발견] 46번 문항 추출 완료 (지문길이: 53자 / 정답: 4번)
[2026-06-28 13:48:03] [SUCCESS]   ✅ [문항 발견] 47번 문항 추출 완료 (지문길이: 33자 / 정답: 4번)
[2026-06-28 13:48:03] [SUCCESS]   ✅ [문항 발견] 48번 문항 추출 완료 (지문길이: 39자 / 정답: 3번)
[2026-06-28 13:48:03] [SUCCESS]   ✅ [문항 발견] 49번 문항 추출 완료 (지문길이: 51자 / 정답: 3번)
[2026-06-28 13:48:03] [SUCCESS]   ✅ [문항 발견] 50번 문항 추출 완료 (지문길이: 50자 / 정답: 4번)
[2026-06-28 13:48:03] [SUCCESS]   ✅ [문항 발견] 51번 문항 추출 완료 (지문길이: 29자 / 정답: 2번)
[2026-06-28 13:48:03] [SUCCESS]   ✅ [문항 발견] 52번 문항 추출 완료 (지문길이: 47자 / 정답: 4번)
[2026-06-28 13:48:03] [SUCCESS]   ✅ [문항 발견] 53번 문항 추출 완료 (지문길이: 28자 / 정답: 2번)
[2026-06-28 13:48:03] [SUCCESS]   ✅ [문항 발견] 54번 문항 추출 완료 (지문길이: 62자 / 정답: 2번)
[2026-06-28 13:48:03] [SUCCESS]   ✅ [문항 발견] 55번 문항 추출 완료 (지문길이: 40자 / 정답: 3번)
[2026-06-28 13:48:03] [SUCCESS]   ✅ [문항 발견] 56번 문항 추출 완료 (지문길이: 81자 / 정답: 1번)
[2026-06-28 13:48:03] [SUCCESS]   ✅ [문항 발견] 57번 문항 추출 완료 (지문길이: 21자 / 정답: 3번)
[2026-06-28 13:48:03] [SUCCESS]   ✅ [문항 발견] 58번 문항 추출 완료 (지문길이: 32자 / 정답: 1번)
[2026-06-28 13:48:03] [SUCCESS]   ✅ [문항 발견] 59번 문항 추출 완료 (지문길이: 30자 / 정답: 2번)
[2026-06-28 13:48:03] [SUCCESS]   ✅ [문항 발견] 60번 문항 추출 완료 (지문길이: 96자 / 정답: 1번)
[2026-06-28 13:48:03] [SUCCESS]   ✅ [문항 발견] 1번 문항 추출 완료 (지문길이: 26자 / 정답: 4번)
[2026-06-28 13:48:03] [SUCCESS]   ✅ [문항 발견] 2번 문항 추출 완료 (지문길이: 26자 / 정답: 2번)
[2026-06-28 13:48:03] [SUCCESS]   ✅ [문항 발견] 3번 문항 추출 완료 (지문길이: 75자 / 정답: 3번)
[2026-06-28 13:48:03] [SUCCESS]   ✅ [문항 발견] 4번 문항 추출 완료 (지문길이: 21자 / 정답: 1번)
[2026-06-28 13:48:03] [SUCCESS]   ✅ [문항 발견] 5번 문항 추출 완료 (지문길이: 34자 / 정답: 3번)
[2026-06-28 13:48:03] [SUCCESS]   ✅ [문항 발견] 6번 문항 추출 완료 (지문길이: 24자 / 정답: 2번)
[2026-06-28 13:48:03] [SUCCESS]   ✅ [문항 발견] 7번 문항 추출 완료 (지문길이: 22자 / 정답: 3번)
[2026-06-28 13:48:03] [SUCCESS]   ✅ [문항 발견] 8번 문항 추출 완료 (지문길이: 29자 / 정답: 4번)
[2026-06-28 13:48:03] [SUCCESS]   ✅ [문항 발견] 9번 문항 추출 완료 (지문길이: 86자 / 정답: 0번)
[2026-06-28 13:48:03] [WARNING]   ⚠️ [에러-보기누락] 0번 문항 폐기 (사유: 보기 ①~④ 없음) -> 원문: "0.2[MPa] 미만 5[m]..."
[2026-06-28 13:48:03] [WARNING]   ⚠️ [에러-보기누락] 0번 문항 폐기 (사유: 보기 ①~④ 없음) -> 원문: "0.2[MPa] 이상 1[MPa] 미만 9[m] 1[MPa] 이상 15[m] 정답  ③..."
[2026-06-28 13:48:03] [SUCCESS]   ✅ [문항 발견] 10번 문항 추출 완료 (지문길이: 29자 / 정답: 3번)
[2026-06-28 13:48:03] [SUCCESS]   ✅ [문항 발견] 11번 문항 추출 완료 (지문길이: 27자 / 정답: 2번)
[2026-06-28 13:48:03] [SUCCESS]   ✅ [문항 발견] 12번 문항 추출 완료 (지문길이: 34자 / 정답: 4번)
[2026-06-28 13:48:03] [SUCCESS]   ✅ [문항 발견] 13번 문항 추출 완료 (지문길이: 88자 / 정답: 1번)
[2026-06-28 13:48:03] [SUCCESS]   ✅ [문항 발견] 14번 문항 추출 완료 (지문길이: 42자 / 정답: 2번)
[2026-06-28 13:48:03] [SUCCESS]   ✅ [문항 발견] 15번 문항 추출 완료 (지문길이: 28자 / 정답: 4번)
[2026-06-28 13:48:03] [SUCCESS]   ✅ [문항 발견] 16번 문항 추출 완료 (지문길이: 87자 / 정답: 2번)
[2026-06-28 13:48:03] [SUCCESS]   ✅ [문항 발견] 17번 문항 추출 완료 (지문길이: 73자 / 정답: 2번)
[2026-06-28 13:48:03] [SUCCESS]   ✅ [문항 발견] 18번 문항 추출 완료 (지문길이: 42자 / 정답: 1번)
[2026-06-28 13:48:03] [SUCCESS]   ✅ [문항 발견] 19번 문항 추출 완료 (지문길이: 63자 / 정답: 3번)
[2026-06-28 13:48:03] [SUCCESS]   ✅ [문항 발견] 20번 문항 추출 완료 (지문길이: 39자 / 정답: 1번)
[2026-06-28 13:48:03] [SUCCESS]   ✅ [문항 발견] 21번 문항 추출 완료 (지문길이: 24자 / 정답: 4번)
[2026-06-28 13:48:03] [SUCCESS]   ✅ [문항 발견] 22번 문항 추출 완료 (지문길이: 29자 / 정답: 4번)
[2026-06-28 13:48:03] [SUCCESS]   ✅ [문항 발견] 23번 문항 추출 완료 (지문길이: 25자 / 정답: 3번)
[2026-06-28 13:48:03] [SUCCESS]   ✅ [문항 발견] 24번 문항 추출 완료 (지문길이: 28자 / 정답: 2번)
[2026-06-28 13:48:03] [SUCCESS]   ✅ [문항 발견] 25번 문항 추출 완료 (지문길이: 39자 / 정답: 2번)
[2026-06-28 13:48:03] [SUCCESS]   ✅ [문항 발견] 26번 문항 추출 완료 (지문길이: 19자 / 정답: 4번)
[2026-06-28 13:48:03] [SUCCESS]   ✅ [문항 발견] 27번 문항 추출 완료 (지문길이: 28자 / 정답: 1번)
[2026-06-28 13:48:03] [SUCCESS]   ✅ [문항 발견] 28번 문항 추출 완료 (지문길이: 31자 / 정답: 3번)
[2026-06-28 13:48:03] [SUCCESS]   ✅ [문항 발견] 29번 문항 추출 완료 (지문길이: 50자 / 정답: 3번)
[2026-06-28 13:48:03] [SUCCESS]   ✅ [문항 발견] 30번 문항 추출 완료 (지문길이: 49자 / 정답: 1번)
[2026-06-28 13:48:03] [SUCCESS]   ✅ [문항 발견] 31번 문항 추출 완료 (지문길이: 25자 / 정답: 4번)
[2026-06-28 13:48:03] [SUCCESS]   ✅ [문항 발견] 32번 문항 추출 완료 (지문길이: 26자 / 정답: 4번)
[2026-06-28 13:48:03] [SUCCESS]   ✅ [문항 발견] 33번 문항 추출 완료 (지문길이: 24자 / 정답: 3번)
[2026-06-28 13:48:03] [SUCCESS]   ✅ [문항 발견] 34번 문항 추출 완료 (지문길이: 22자 / 정답: 2번)
[2026-06-28 13:48:03] [SUCCESS]   ✅ [문항 발견] 35번 문항 추출 완료 (지문길이: 112자 / 정답: 0번)
[2026-06-28 13:48:03] [WARNING]   ⚠️ [에러-보기누락] 1번 문항 폐기 (사유: 보기 ①~④ 없음) -> 원문: "1. 회전수 1,000[rpm] 펌프의 동력 계산 [PS] = (γ × Q × H) / (75 × 60 × ..."
[2026-06-28 13:48:03] [WARNING]   ⚠️ [에러-보기누락] 2번 문항 폐기 (사유: 보기 ①~④ 없음) -> 원문: "2. 상사법칙 적용 : 동력은 회전수 세제곱에 비례한다. (1,100/1,000)³ × 150 = 199.6..."
[2026-06-28 13:48:03] [SUCCESS]   ✅ [문항 발견] 36번 문항 추출 완료 (지문길이: 30자 / 정답: 4번)
[2026-06-28 13:48:03] [SUCCESS]   ✅ [문항 발견] 37번 문항 추출 완료 (지문길이: 103자 / 정답: 4번)
[2026-06-28 13:48:03] [SUCCESS]   ✅ [문항 발견] 38번 문항 추출 완료 (지문길이: 23자 / 정답: 1번)
[2026-06-28 13:48:03] [SUCCESS]   ✅ [문항 발견] 39번 문항 추출 완료 (지문길이: 16자 / 정답: 1번)
[2026-06-28 13:48:03] [SUCCESS]   ✅ [문항 발견] 40번 문항 추출 완료 (지문길이: 23자 / 정답: 1번)
[2026-06-28 13:48:03] [SUCCESS]   ✅ [문항 발견] 41번 문항 추출 완료 (지문길이: 21자 / 정답: 3번)
[2026-06-28 13:48:03] [SUCCESS]   ✅ [문항 발견] 42번 문항 추출 완료 (지문길이: 22자 / 정답: 2번)
[2026-06-28 13:48:03] [SUCCESS]   ✅ [문항 발견] 43번 문항 추출 완료 (지문길이: 23자 / 정답: 3번)
[2026-06-28 13:48:03] [SUCCESS]   ✅ [문항 발견] 44번 문항 추출 완료 (지문길이: 22자 / 정답: 1번)
[2026-06-28 13:48:03] [SUCCESS]   ✅ [문항 발견] 45번 문항 추출 완료 (지문길이: 27자 / 정답: 3번)
[2026-06-28 13:48:03] [SUCCESS]   ✅ [문항 발견] 46번 문항 추출 완료 (지문길이: 33자 / 정답: 4번)
[2026-06-28 13:48:03] [SUCCESS]   ✅ [문항 발견] 47번 문항 추출 완료 (지문길이: 22자 / 정답: 1번)
[2026-06-28 13:48:03] [SUCCESS]   ✅ [문항 발견] 48번 문항 추출 완료 (지문길이: 33자 / 정답: 1번)
[2026-06-28 13:48:03] [SUCCESS]   ✅ [문항 발견] 49번 문항 추출 완료 (지문길이: 21자 / 정답: 4번)
[2026-06-28 13:48:03] [SUCCESS]   ✅ [문항 발견] 50번 문항 추출 완료 (지문길이: 74자 / 정답: 2번)
[2026-06-28 13:48:03] [SUCCESS]   ✅ [문항 발견] 51번 문항 추출 완료 (지문길이: 65자 / 정답: 2번)
[2026-06-28 13:48:03] [SUCCESS]   ✅ [문항 발견] 52번 문항 추출 완료 (지문길이: 25자 / 정답: 2번)
[2026-06-28 13:48:03] [SUCCESS]   ✅ [문항 발견] 53번 문항 추출 완료 (지문길이: 30자 / 정답: 3번)
[2026-06-28 13:48:03] [SUCCESS]   ✅ [문항 발견] 54번 문항 추출 완료 (지문길이: 86자 / 정답: 4번)
[2026-06-28 13:48:03] [SUCCESS]   ✅ [문항 발견] 55번 문항 추출 완료 (지문길이: 56자 / 정답: 2번)
[2026-06-28 13:48:03] [SUCCESS]   ✅ [문항 발견] 56번 문항 추출 완료 (지문길이: 70자 / 정답: 3번)
[2026-06-28 13:48:03] [SUCCESS]   ✅ [문항 발견] 57번 문항 추출 완료 (지문길이: 51자 / 정답: 3번)
[2026-06-28 13:48:03] [SUCCESS]   ✅ [문항 발견] 58번 문항 추출 완료 (지문길이: 71자 / 정답: 4번)
[2026-06-28 13:48:03] [SUCCESS]   ✅ [문항 발견] 59번 문항 추출 완료 (지문길이: 29자 / 정답: 2번)
[2026-06-28 13:48:03] [SUCCESS]   ✅ [문항 발견] 60번 문항 추출 완료 (지문길이: 80자 / 정답: 2번)
[2026-06-28 13:48:03] [SUCCESS]   ✅ [문항 발견] 1번 문항 추출 완료 (지문길이: 45자 / 정답: 2번)
[2026-06-28 13:48:03] [SUCCESS]   ✅ [문항 발견] 2번 문항 추출 완료 (지문길이: 68자 / 정답: 2번)
[2026-06-28 13:48:04] [SUCCESS]   ✅ [문항 발견] 3번 문항 추출 완료 (지문길이: 17자 / 정답: 2번)
[2026-06-28 13:48:04] [SUCCESS]   ✅ [문항 발견] 4번 문항 추출 완료 (지문길이: 15자 / 정답: 3번)
[2026-06-28 13:48:04] [SUCCESS]   ✅ [문항 발견] 5번 문항 추출 완료 (지문길이: 28자 / 정답: 1번)
[2026-06-28 13:48:04] [SUCCESS]   ✅ [문항 발견] 6번 문항 추출 완료 (지문길이: 113자 / 정답: 3번)
[2026-06-28 13:48:04] [SUCCESS]   ✅ [문항 발견] 7번 문항 추출 완료 (지문길이: 18자 / 정답: 1번)
[2026-06-28 13:48:04] [SUCCESS]   ✅ [문항 발견] 8번 문항 추출 완료 (지문길이: 23자 / 정답: 4번)
[2026-06-28 13:48:04] [SUCCESS]   ✅ [문항 발견] 9번 문항 추출 완료 (지문길이: 24자 / 정답: 2번)
[2026-06-28 13:48:04] [SUCCESS]   ✅ [문항 발견] 10번 문항 추출 완료 (지문길이: 33자 / 정답: 4번)
[2026-06-28 13:48:04] [SUCCESS]   ✅ [문항 발견] 11번 문항 추출 완료 (지문길이: 26자 / 정답: 1번)
[2026-06-28 13:48:04] [SUCCESS]   ✅ [문항 발견] 12번 문항 추출 완료 (지문길이: 20자 / 정답: 3번)
[2026-06-28 13:48:04] [SUCCESS]   ✅ [문항 발견] 13번 문항 추출 완료 (지문길이: 22자 / 정답: 3번)
[2026-06-28 13:48:04] [SUCCESS]   ✅ [문항 발견] 14번 문항 추출 완료 (지문길이: 118자 / 정답: 3번)
[2026-06-28 13:48:04] [SUCCESS]   ✅ [문항 발견] 15번 문항 추출 완료 (지문길이: 24자 / 정답: 3번)
[2026-06-28 13:48:04] [SUCCESS]   ✅ [문항 발견] 16번 문항 추출 완료 (지문길이: 50자 / 정답: 1번)
[2026-06-28 13:48:04] [SUCCESS]   ✅ [문항 발견] 17번 문항 추출 완료 (지문길이: 45자 / 정답: 1번)
[2026-06-28 13:48:04] [SUCCESS]   ✅ [문항 발견] 18번 문항 추출 완료 (지문길이: 77자 / 정답: 4번)
[2026-06-28 13:48:04] [SUCCESS]   ✅ [문항 발견] 19번 문항 추출 완료 (지문길이: 103자 / 정답: 3번)
[2026-06-28 13:48:04] [SUCCESS]   ✅ [문항 발견] 20번 문항 추출 완료 (지문길이: 43자 / 정답: 3번)
[2026-06-28 13:48:04] [SUCCESS]   ✅ [문항 발견] 21번 문항 추출 완료 (지문길이: 66자 / 정답: 4번)
[2026-06-28 13:48:04] [SUCCESS]   ✅ [문항 발견] 22번 문항 추출 완료 (지문길이: 30자 / 정답: 3번)
[2026-06-28 13:48:04] [SUCCESS]   ✅ [문항 발견] 23번 문항 추출 완료 (지문길이: 44자 / 정답: 1번)
[2026-06-28 13:48:04] [SUCCESS]   ✅ [문항 발견] 24번 문항 추출 완료 (지문길이: 87자 / 정답: 1번)
[2026-06-28 13:48:04] [SUCCESS]   ✅ [문항 발견] 25번 문항 추출 완료 (지문길이: 115자 / 정답: 2번)
[2026-06-28 13:48:04] [SUCCESS]   ✅ [문항 발견] 26번 문항 추출 완료 (지문길이: 35자 / 정답: 2번)
[2026-06-28 13:48:04] [SUCCESS]   ✅ [문항 발견] 27번 문항 추출 완료 (지문길이: 38자 / 정답: 2번)
[2026-06-28 13:48:04] [SUCCESS]   ✅ [문항 발견] 28번 문항 추출 완료 (지문길이: 51자 / 정답: 4번)
[2026-06-28 13:48:04] [SUCCESS]   ✅ [문항 발견] 29번 문항 추출 완료 (지문길이: 32자 / 정답: 1번)
[2026-06-28 13:48:04] [SUCCESS]   ✅ [문항 발견] 30번 문항 추출 완료 (지문길이: 44자 / 정답: 1번)
[2026-06-28 13:48:04] [SUCCESS]   ✅ [문항 발견] 31번 문항 추출 완료 (지문길이: 37자 / 정답: 4번)
[2026-06-28 13:48:04] [SUCCESS]   ✅ [문항 발견] 32번 문항 추출 완료 (지문길이: 47자 / 정답: 1번)
[2026-06-28 13:48:04] [SUCCESS]   ✅ [문항 발견] 33번 문항 추출 완료 (지문길이: 44자 / 정답: 1번)
[2026-06-28 13:48:04] [SUCCESS]   ✅ [문항 발견] 34번 문항 추출 완료 (지문길이: 53자 / 정답: 4번)
[2026-06-28 13:48:04] [SUCCESS]   ✅ [문항 발견] 35번 문항 추출 완료 (지문길이: 29자 / 정답: 1번)
[2026-06-28 13:48:04] [SUCCESS]   ✅ [문항 발견] 36번 문항 추출 완료 (지문길이: 50자 / 정답: 3번)
[2026-06-28 13:48:04] [SUCCESS]   ✅ [문항 발견] 37번 문항 추출 완료 (지문길이: 29자 / 정답: 4번)
[2026-06-28 13:48:04] [SUCCESS]   ✅ [문항 발견] 38번 문항 추출 완료 (지문길이: 22자 / 정답: 0번)
[2026-06-28 13:48:04] [WARNING]   ⚠️ [에러-보기누락] 0번 문항 폐기 (사유: 보기 ①~④ 없음) -> 원문: "0.1[ppm] 185[ppm] 다른책에서는 시안화수소 수치가 약 355 ~ 400 [ppm]나와서 틀릴경우..."
[2026-06-28 13:48:04] [SUCCESS]   ✅ [문항 발견] 39번 문항 추출 완료 (지문길이: 17자 / 정답: 1번)
[2026-06-28 13:48:04] [SUCCESS]   ✅ [문항 발견] 40번 문항 추출 완료 (지문길이: 107자 / 정답: 1번)
[2026-06-28 13:48:04] [SUCCESS]   ✅ [문항 발견] 41번 문항 추출 완료 (지문길이: 123자 / 정답: 4번)
[2026-06-28 13:48:04] [SUCCESS]   ✅ [문항 발견] 42번 문항 추출 완료 (지문길이: 76자 / 정답: 3번)
[2026-06-28 13:48:04] [SUCCESS]   ✅ [문항 발견] 43번 문항 추출 완료 (지문길이: 22자 / 정답: 3번)
[2026-06-28 13:48:04] [SUCCESS]   ✅ [문항 발견] 44번 문항 추출 완료 (지문길이: 32자 / 정답: 3번)
[2026-06-28 13:48:04] [SUCCESS]   ✅ [문항 발견] 45번 문항 추출 완료 (지문길이: 54자 / 정답: 4번)
[2026-06-28 13:48:04] [SUCCESS]   ✅ [문항 발견] 46번 문항 추출 완료 (지문길이: 66자 / 정답: 2번)
[2026-06-28 13:48:04] [SUCCESS]   ✅ [문항 발견] 47번 문항 추출 완료 (지문길이: 30자 / 정답: 4번)
[2026-06-28 13:48:04] [SUCCESS]   ✅ [문항 발견] 48번 문항 추출 완료 (지문길이: 21자 / 정답: 4번)
[2026-06-28 13:48:04] [SUCCESS]   ✅ [문항 발견] 49번 문항 추출 완료 (지문길이: 55자 / 정답: 2번)
[2026-06-28 13:48:04] [SUCCESS]   ✅ [문항 발견] 50번 문항 추출 완료 (지문길이: 23자 / 정답: 1번)
[2026-06-28 13:48:04] [SUCCESS]   ✅ [문항 발견] 51번 문항 추출 완료 (지문길이: 23자 / 정답: 4번)
[2026-06-28 13:48:04] [SUCCESS]   ✅ [문항 발견] 52번 문항 추출 완료 (지문길이: 111자 / 정답: 4번)
[2026-06-28 13:48:04] [SUCCESS]   ✅ [문항 발견] 53번 문항 추출 완료 (지문길이: 54자 / 정답: 1번)
[2026-06-28 13:48:04] [SUCCESS]   ✅ [문항 발견] 54번 문항 추출 완료 (지문길이: 21자 / 정답: 3번)
[2026-06-28 13:48:04] [SUCCESS]   ✅ [문항 발견] 55번 문항 추출 완료 (지문길이: 38자 / 정답: 3번)
[2026-06-28 13:48:04] [SUCCESS]   ✅ [문항 발견] 56번 문항 추출 완료 (지문길이: 88자 / 정답: 0번)
[2026-06-28 13:48:04] [WARNING]   ⚠️ [에러-보기누락] 44번 문항 폐기 (사유: 보기 ①~④ 없음) -> 원문: "44 : 80 = 1 : x x = 80/44 = 1.82[kg] 정답  ②..."
[2026-06-28 13:48:04] [SUCCESS]   ✅ [문항 발견] 57번 문항 추출 완료 (지문길이: 48자 / 정답: 2번)
[2026-06-28 13:48:04] [SUCCESS]   ✅ [문항 발견] 58번 문항 추출 완료 (지문길이: 72자 / 정답: 3번)
[2026-06-28 13:48:04] [SUCCESS]   ✅ [문항 발견] 59번 문항 추출 완료 (지문길이: 18자 / 정답: 1번)
[2026-06-28 13:48:04] [SUCCESS]   ✅ [문항 발견] 60번 문항 추출 완료 (지문길이: 30자 / 정답: 4번)
[2026-06-28 13:48:04] [SUCCESS]   ✅ [문항 발견] 1번 문항 추출 완료 (지문길이: 61자 / 정답: 2번)
[2026-06-28 13:48:04] [SUCCESS]   ✅ [문항 발견] 2번 문항 추출 완료 (지문길이: 41자 / 정답: 2번)
[2026-06-28 13:48:04] [SUCCESS]   ✅ [문항 발견] 3번 문항 추출 완료 (지문길이: 20자 / 정답: 3번)
[2026-06-28 13:48:04] [SUCCESS]   ✅ [문항 발견] 4번 문항 추출 완료 (지문길이: 95자 / 정답: 2번)
[2026-06-28 13:48:04] [SUCCESS]   ✅ [문항 발견] 5번 문항 추출 완료 (지문길이: 33자 / 정답: 2번)
[2026-06-28 13:48:04] [SUCCESS]   ✅ [문항 발견] 6번 문항 추출 완료 (지문길이: 102자 / 정답: 4번)
[2026-06-28 13:48:04] [SUCCESS]   ✅ [문항 발견] 7번 문항 추출 완료 (지문길이: 78자 / 정답: 2번)
[2026-06-28 13:48:04] [SUCCESS]   ✅ [문항 발견] 8번 문항 추출 완료 (지문길이: 28자 / 정답: 2번)
[2026-06-28 13:48:04] [SUCCESS]   ✅ [문항 발견] 9번 문항 추출 완료 (지문길이: 30자 / 정답: 4번)
[2026-06-28 13:48:04] [SUCCESS]   ✅ [문항 발견] 10번 문항 추출 완료 (지문길이: 45자 / 정답: 2번)
[2026-06-28 13:48:04] [SUCCESS]   ✅ [문항 발견] 11번 문항 추출 완료 (지문길이: 47자 / 정답: 1번)
[2026-06-28 13:48:04] [SUCCESS]   ✅ [문항 발견] 12번 문항 추출 완료 (지문길이: 71자 / 정답: 4번)
[2026-06-28 13:48:04] [SUCCESS]   ✅ [문항 발견] 13번 문항 추출 완료 (지문길이: 39자 / 정답: 2번)
[2026-06-28 13:48:04] [SUCCESS]   ✅ [문항 발견] 14번 문항 추출 완료 (지문길이: 44자 / 정답: 1번)
[2026-06-28 13:48:04] [SUCCESS]   ✅ [문항 발견] 15번 문항 추출 완료 (지문길이: 72자 / 정답: 2번)
[2026-06-28 13:48:04] [SUCCESS]   ✅ [문항 발견] 16번 문항 추출 완료 (지문길이: 26자 / 정답: 3번)
[2026-06-28 13:48:04] [SUCCESS]   ✅ [문항 발견] 17번 문항 추출 완료 (지문길이: 88자 / 정답: 1번)
[2026-06-28 13:48:04] [SUCCESS]   ✅ [문항 발견] 18번 문항 추출 완료 (지문길이: 86자 / 정답: 2번)
[2026-06-28 13:48:04] [SUCCESS]   ✅ [문항 발견] 19번 문항 추출 완료 (지문길이: 21자 / 정답: 1번)
[2026-06-28 13:48:04] [SUCCESS]   ✅ [문항 발견] 20번 문항 추출 완료 (지문길이: 50자 / 정답: 4번)
[2026-06-28 13:48:04] [SUCCESS]   ✅ [문항 발견] 21번 문항 추출 완료 (지문길이: 40자 / 정답: 1번)
[2026-06-28 13:48:04] [SUCCESS]   ✅ [문항 발견] 22번 문항 추출 완료 (지문길이: 22자 / 정답: 4번)
[2026-06-28 13:48:04] [SUCCESS]   ✅ [문항 발견] 23번 문항 추출 완료 (지문길이: 53자 / 정답: 4번)
[2026-06-28 13:48:04] [SUCCESS]   ✅ [문항 발견] 24번 문항 추출 완료 (지문길이: 27자 / 정답: 1번)
[2026-06-28 13:48:04] [SUCCESS]   ✅ [문항 발견] 25번 문항 추출 완료 (지문길이: 57자 / 정답: 4번)
[2026-06-28 13:48:04] [SUCCESS]   ✅ [문항 발견] 26번 문항 추출 완료 (지문길이: 88자 / 정답: 2번)
[2026-06-28 13:48:04] [SUCCESS]   ✅ [문항 발견] 27번 문항 추출 완료 (지문길이: 20자 / 정답: 1번)
[2026-06-28 13:48:04] [SUCCESS]   ✅ [문항 발견] 28번 문항 추출 완료 (지문길이: 70자 / 정답: 4번)
[2026-06-28 13:48:04] [SUCCESS]   ✅ [문항 발견] 29번 문항 추출 완료 (지문길이: 76자 / 정답: 4번)
[2026-06-28 13:48:04] [SUCCESS]   ✅ [문항 발견] 30번 문항 추출 완료 (지문길이: 43자 / 정답: 3번)
[2026-06-28 13:48:04] [SUCCESS]   ✅ [문항 발견] 31번 문항 추출 완료 (지문길이: 27자 / 정답: 2번)
[2026-06-28 13:48:04] [SUCCESS]   ✅ [문항 발견] 32번 문항 추출 완료 (지문길이: 30자 / 정답: 4번)
[2026-06-28 13:48:04] [SUCCESS]   ✅ [문항 발견] 33번 문항 추출 완료 (지문길이: 45자 / 정답: 2번)
[2026-06-28 13:48:04] [SUCCESS]   ✅ [문항 발견] 34번 문항 추출 완료 (지문길이: 22자 / 정답: 1번)
[2026-06-28 13:48:04] [SUCCESS]   ✅ [문항 발견] 35번 문항 추출 완료 (지문길이: 37자 / 정답: 2번)
[2026-06-28 13:48:04] [SUCCESS]   ✅ [문항 발견] 36번 문항 추출 완료 (지문길이: 56자 / 정답: 4번)
[2026-06-28 13:48:04] [SUCCESS]   ✅ [문항 발견] 37번 문항 추출 완료 (지문길이: 70자 / 정답: 4번)
[2026-06-28 13:48:04] [SUCCESS]   ✅ [문항 발견] 38번 문항 추출 완료 (지문길이: 22자 / 정답: 2번)
[2026-06-28 13:48:04] [SUCCESS]   ✅ [문항 발견] 39번 문항 추출 완료 (지문길이: 61자 / 정답: 3번)
[2026-06-28 13:48:04] [SUCCESS]   ✅ [문항 발견] 40번 문항 추출 완료 (지문길이: 96자 / 정답: 3번)
[2026-06-28 13:48:04] [SUCCESS]   ✅ [문항 발견] 41번 문항 추출 완료 (지문길이: 31자 / 정답: 3번)
[2026-06-28 13:48:04] [SUCCESS]   ✅ [문항 발견] 42번 문항 추출 완료 (지문길이: 62자 / 정답: 1번)
[2026-06-28 13:48:04] [SUCCESS]   ✅ [문항 발견] 43번 문항 추출 완료 (지문길이: 46자 / 정답: 2번)
[2026-06-28 13:48:04] [SUCCESS]   ✅ [문항 발견] 44번 문항 추출 완료 (지문길이: 26자 / 정답: 1번)
[2026-06-28 13:48:04] [SUCCESS]   ✅ [문항 발견] 45번 문항 추출 완료 (지문길이: 20자 / 정답: 4번)
[2026-06-28 13:48:04] [SUCCESS]   ✅ [문항 발견] 46번 문항 추출 완료 (지문길이: 23자 / 정답: 4번)
[2026-06-28 13:48:04] [SUCCESS]   ✅ [문항 발견] 47번 문항 추출 완료 (지문길이: 77자 / 정답: 1번)
[2026-06-28 13:48:04] [SUCCESS]   ✅ [문항 발견] 48번 문항 추출 완료 (지문길이: 64자 / 정답: 4번)
[2026-06-28 13:48:04] [SUCCESS]   ✅ [문항 발견] 49번 문항 추출 완료 (지문길이: 38자 / 정답: 2번)
[2026-06-28 13:48:04] [SUCCESS]   ✅ [문항 발견] 50번 문항 추출 완료 (지문길이: 63자 / 정답: 3번)
[2026-06-28 13:48:04] [SUCCESS]   ✅ [문항 발견] 51번 문항 추출 완료 (지문길이: 22자 / 정답: 4번)
[2026-06-28 13:48:04] [SUCCESS]   ✅ [문항 발견] 52번 문항 추출 완료 (지문길이: 25자 / 정답: 2번)
[2026-06-28 13:48:04] [SUCCESS]   ✅ [문항 발견] 53번 문항 추출 완료 (지문길이: 43자 / 정답: 3번)
[2026-06-28 13:48:04] [SUCCESS]   ✅ [문항 발견] 54번 문항 추출 완료 (지문길이: 41자 / 정답: 1번)
[2026-06-28 13:48:04] [SUCCESS]   ✅ [문항 발견] 55번 문항 추출 완료 (지문길이: 29자 / 정답: 1번)
[2026-06-28 13:48:04] [SUCCESS]   ✅ [문항 발견] 56번 문항 추출 완료 (지문길이: 146자 / 정답: 4번)
[2026-06-28 13:48:04] [SUCCESS]   ✅ [문항 발견] 57번 문항 추출 완료 (지문길이: 19자 / 정답: 2번)
[2026-06-28 13:48:04] [SUCCESS]   ✅ [문항 발견] 58번 문항 추출 완료 (지문길이: 68자 / 정답: 2번)
[2026-06-28 13:48:04] [SUCCESS]   ✅ [문항 발견] 59번 문항 추출 완료 (지문길이: 85자 / 정답: 2번)
[2026-06-28 13:48:04] [SUCCESS]   ✅ [문항 발견] 60번 문항 추출 완료 (지문길이: 22자 / 정답: 1번)
[2026-06-28 13:48:04] [SUCCESS]   ✅ [문항 발견] 1번 문항 추출 완료 (지문길이: 37자 / 정답: 2번)
[2026-06-28 13:48:04] [SUCCESS]   ✅ [문항 발견] 2번 문항 추출 완료 (지문길이: 112자 / 정답: 2번)
[2026-06-28 13:48:04] [SUCCESS]   ✅ [문항 발견] 3번 문항 추출 완료 (지문길이: 25자 / 정답: 4번)
[2026-06-28 13:48:04] [SUCCESS]   ✅ [문항 발견] 4번 문항 추출 완료 (지문길이: 46자 / 정답: 1번)
[2026-06-28 13:48:04] [SUCCESS]   ✅ [문항 발견] 5번 문항 추출 완료 (지문길이: 31자 / 정답: 4번)
[2026-06-28 13:48:04] [SUCCESS]   ✅ [문항 발견] 6번 문항 추출 완료 (지문길이: 33자 / 정답: 4번)
[2026-06-28 13:48:04] [SUCCESS]   ✅ [문항 발견] 7번 문항 추출 완료 (지문길이: 89자 / 정답: 2번)
[2026-06-28 13:48:04] [SUCCESS]   ✅ [문항 발견] 8번 문항 추출 완료 (지문길이: 32자 / 정답: 1번)
[2026-06-28 13:48:04] [SUCCESS]   ✅ [문항 발견] 9번 문항 추출 완료 (지문길이: 21자 / 정답: 4번)
[2026-06-28 13:48:04] [SUCCESS]   ✅ [문항 발견] 10번 문항 추출 완료 (지문길이: 34자 / 정답: 4번)
[2026-06-28 13:48:04] [SUCCESS]   ✅ [문항 발견] 11번 문항 추출 완료 (지문길이: 33자 / 정답: 2번)
[2026-06-28 13:48:04] [SUCCESS]   ✅ [문항 발견] 12번 문항 추출 완료 (지문길이: 52자 / 정답: 3번)
[2026-06-28 13:48:04] [SUCCESS]   ✅ [문항 발견] 13번 문항 추출 완료 (지문길이: 32자 / 정답: 2번)
[2026-06-28 13:48:04] [SUCCESS]   ✅ [문항 발견] 14번 문항 추출 완료 (지문길이: 27자 / 정답: 4번)
[2026-06-28 13:48:04] [SUCCESS]   ✅ [문항 발견] 15번 문항 추출 완료 (지문길이: 51자 / 정답: 4번)
[2026-06-28 13:48:04] [SUCCESS]   ✅ [문항 발견] 16번 문항 추출 완료 (지문길이: 90자 / 정답: 1번)
[2026-06-28 13:48:04] [SUCCESS]   ✅ [문항 발견] 17번 문항 추출 완료 (지문길이: 28자 / 정답: 2번)
[2026-06-28 13:48:04] [SUCCESS]   ✅ [문항 발견] 18번 문항 추출 완료 (지문길이: 20자 / 정답: 1번)
[2026-06-28 13:48:04] [SUCCESS]   ✅ [문항 발견] 19번 문항 추출 완료 (지문길이: 32자 / 정답: 1번)
[2026-06-28 13:48:04] [SUCCESS]   ✅ [문항 발견] 20번 문항 추출 완료 (지문길이: 80자 / 정답: 1번)
[2026-06-28 13:48:04] [SUCCESS]   ✅ [문항 발견] 21번 문항 추출 완료 (지문길이: 91자 / 정답: 2번)
[2026-06-28 13:48:04] [SUCCESS]   ✅ [문항 발견] 22번 문항 추출 완료 (지문길이: 32자 / 정답: 1번)
[2026-06-28 13:48:04] [SUCCESS]   ✅ [문항 발견] 23번 문항 추출 완료 (지문길이: 37자 / 정답: 3번)
[2026-06-28 13:48:04] [SUCCESS]   ✅ [문항 발견] 24번 문항 추출 완료 (지문길이: 55자 / 정답: 2번)
[2026-06-28 13:48:04] [SUCCESS]   ✅ [문항 발견] 25번 문항 추출 완료 (지문길이: 79자 / 정답: 2번)
[2026-06-28 13:48:04] [SUCCESS]   ✅ [문항 발견] 26번 문항 추출 완료 (지문길이: 65자 / 정답: 3번)
[2026-06-28 13:48:04] [SUCCESS]   ✅ [문항 발견] 27번 문항 추출 완료 (지문길이: 45자 / 정답: 2번)
[2026-06-28 13:48:04] [SUCCESS]   ✅ [문항 발견] 28번 문항 추출 완료 (지문길이: 37자 / 정답: 4번)
[2026-06-28 13:48:04] [SUCCESS]   ✅ [문항 발견] 29번 문항 추출 완료 (지문길이: 21자 / 정답: 2번)
[2026-06-28 13:48:04] [SUCCESS]   ✅ [문항 발견] 30번 문항 추출 완료 (지문길이: 26자 / 정답: 2번)
[2026-06-28 13:48:04] [SUCCESS]   ✅ [문항 발견] 31번 문항 추출 완료 (지문길이: 41자 / 정답: 2번)
[2026-06-28 13:48:04] [SUCCESS]   ✅ [문항 발견] 32번 문항 추출 완료 (지문길이: 30자 / 정답: 4번)
[2026-06-28 13:48:04] [SUCCESS]   ✅ [문항 발견] 33번 문항 추출 완료 (지문길이: 96자 / 정답: 1번)
[2026-06-28 13:48:04] [SUCCESS]   ✅ [문항 발견] 34번 문항 추출 완료 (지문길이: 28자 / 정답: 4번)
[2026-06-28 13:48:04] [SUCCESS]   ✅ [문항 발견] 35번 문항 추출 완료 (지문길이: 26자 / 정답: 2번)
[2026-06-28 13:48:04] [SUCCESS]   ✅ [문항 발견] 36번 문항 추출 완료 (지문길이: 55자 / 정답: 1번)
[2026-06-28 13:48:04] [SUCCESS]   ✅ [문항 발견] 37번 문항 추출 완료 (지문길이: 21자 / 정답: 1번)
[2026-06-28 13:48:04] [SUCCESS]   ✅ [문항 발견] 38번 문항 추출 완료 (지문길이: 29자 / 정답: 4번)
[2026-06-28 13:48:04] [SUCCESS]   ✅ [문항 발견] 39번 문항 추출 완료 (지문길이: 69자 / 정답: 1번)
[2026-06-28 13:48:04] [SUCCESS]   ✅ [문항 발견] 40번 문항 추출 완료 (지문길이: 88자 / 정답: 3번)
[2026-06-28 13:48:04] [SUCCESS]   ✅ [문항 발견] 41번 문항 추출 완료 (지문길이: 29자 / 정답: 3번)
[2026-06-28 13:48:04] [SUCCESS]   ✅ [문항 발견] 42번 문항 추출 완료 (지문길이: 103자 / 정답: 4번)
[2026-06-28 13:48:04] [SUCCESS]   ✅ [문항 발견] 43번 문항 추출 완료 (지문길이: 89자 / 정답: 1번)
[2026-06-28 13:48:04] [SUCCESS]   ✅ [문항 발견] 44번 문항 추출 완료 (지문길이: 28자 / 정답: 4번)
[2026-06-28 13:48:04] [SUCCESS]   ✅ [문항 발견] 45번 문항 추출 완료 (지문길이: 28자 / 정답: 4번)
[2026-06-28 13:48:04] [SUCCESS]   ✅ [문항 발견] 46번 문항 추출 완료 (지문길이: 24자 / 정답: 1번)
[2026-06-28 13:48:04] [SUCCESS]   ✅ [문항 발견] 47번 문항 추출 완료 (지문길이: 56자 / 정답: 2번)
[2026-06-28 13:48:04] [SUCCESS]   ✅ [문항 발견] 48번 문항 추출 완료 (지문길이: 37자 / 정답: 3번)
[2026-06-28 13:48:04] [SUCCESS]   ✅ [문항 발견] 49번 문항 추출 완료 (지문길이: 23자 / 정답: 1번)
[2026-06-28 13:48:04] [SUCCESS]   ✅ [문항 발견] 50번 문항 추출 완료 (지문길이: 29자 / 정답: 1번)
[2026-06-28 13:48:04] [SUCCESS]   ✅ [문항 발견] 51번 문항 추출 완료 (지문길이: 47자 / 정답: 4번)
[2026-06-28 13:48:04] [SUCCESS]   ✅ [문항 발견] 52번 문항 추출 완료 (지문길이: 19자 / 정답: 1번)
[2026-06-28 13:48:04] [SUCCESS]   ✅ [문항 발견] 53번 문항 추출 완료 (지문길이: 26자 / 정답: 4번)
[2026-06-28 13:48:04] [SUCCESS]   ✅ [문항 발견] 54번 문항 추출 완료 (지문길이: 42자 / 정답: 1번)
[2026-06-28 13:48:04] [SUCCESS]   ✅ [문항 발견] 55번 문항 추출 완료 (지문길이: 67자 / 정답: 3번)
[2026-06-28 13:48:04] [SUCCESS]   ✅ [문항 발견] 56번 문항 추출 완료 (지문길이: 25자 / 정답: 4번)
[2026-06-28 13:48:04] [SUCCESS]   ✅ [문항 발견] 57번 문항 추출 완료 (지문길이: 24자 / 정답: 1번)
[2026-06-28 13:48:04] [SUCCESS]   ✅ [문항 발견] 58번 문항 추출 완료 (지문길이: 22자 / 정답: 2번)
[2026-06-28 13:48:04] [SUCCESS]   ✅ [문항 발견] 59번 문항 추출 완료 (지문길이: 39자 / 정답: 4번)
[2026-06-28 13:48:04] [SUCCESS]   ✅ [문항 발견] 60번 문항 추출 완료 (지문길이: 29자 / 정답: 4번)
[2026-06-28 13:48:04] [SUCCESS]   ✅ [문항 발견] 1번 문항 추출 완료 (지문길이: 29자 / 정답: 1번)
[2026-06-28 13:48:04] [SUCCESS]   ✅ [문항 발견] 2번 문항 추출 완료 (지문길이: 39자 / 정답: 4번)
[2026-06-28 13:48:04] [SUCCESS]   ✅ [문항 발견] 3번 문항 추출 완료 (지문길이: 69자 / 정답: 4번)
[2026-06-28 13:48:04] [SUCCESS]   ✅ [문항 발견] 4번 문항 추출 완료 (지문길이: 18자 / 정답: 1번)
[2026-06-28 13:48:04] [SUCCESS]   ✅ [문항 발견] 5번 문항 추출 완료 (지문길이: 123자 / 정답: 4번)
[2026-06-28 13:48:04] [SUCCESS]   ✅ [문항 발견] 6번 문항 추출 완료 (지문길이: 22자 / 정답: 2번)
[2026-06-28 13:48:04] [SUCCESS]   ✅ [문항 발견] 7번 문항 추출 완료 (지문길이: 29자 / 정답: 4번)
[2026-06-28 13:48:04] [SUCCESS]   ✅ [문항 발견] 8번 문항 추출 완료 (지문길이: 76자 / 정답: 1번)
[2026-06-28 13:48:04] [SUCCESS]   ✅ [문항 발견] 9번 문항 추출 완료 (지문길이: 29자 / 정답: 1번)
[2026-06-28 13:48:04] [SUCCESS]   ✅ [문항 발견] 10번 문항 추출 완료 (지문길이: 32자 / 정답: 3번)
[2026-06-28 13:48:04] [SUCCESS]   ✅ [문항 발견] 11번 문항 추출 완료 (지문길이: 22자 / 정답: 3번)
[2026-06-28 13:48:04] [SUCCESS]   ✅ [문항 발견] 12번 문항 추출 완료 (지문길이: 53자 / 정답: 4번)
[2026-06-28 13:48:04] [SUCCESS]   ✅ [문항 발견] 13번 문항 추출 완료 (지문길이: 72자 / 정답: 3번)
[2026-06-28 13:48:04] [SUCCESS]   ✅ [문항 발견] 14번 문항 추출 완료 (지문길이: 33자 / 정답: 4번)
[2026-06-28 13:48:04] [SUCCESS]   ✅ [문항 발견] 15번 문항 추출 완료 (지문길이: 61자 / 정답: 2번)
[2026-06-28 13:48:04] [SUCCESS]   ✅ [문항 발견] 16번 문항 추출 완료 (지문길이: 28자 / 정답: 3번)
[2026-06-28 13:48:04] [SUCCESS]   ✅ [문항 발견] 17번 문항 추출 완료 (지문길이: 60자 / 정답: 4번)
[2026-06-28 13:48:04] [SUCCESS]   ✅ [문항 발견] 18번 문항 추출 완료 (지문길이: 20자 / 정답: 3번)
[2026-06-28 13:48:04] [SUCCESS]   ✅ [문항 발견] 19번 문항 추출 완료 (지문길이: 33자 / 정답: 4번)
[2026-06-28 13:48:04] [SUCCESS]   ✅ [문항 발견] 20번 문항 추출 완료 (지문길이: 41자 / 정답: 2번)
[2026-06-28 13:48:04] [SUCCESS]   ✅ [문항 발견] 21번 문항 추출 완료 (지문길이: 33자 / 정답: 2번)
[2026-06-28 13:48:04] [SUCCESS]   ✅ [문항 발견] 22번 문항 추출 완료 (지문길이: 94자 / 정답: 2번)
[2026-06-28 13:48:04] [SUCCESS]   ✅ [문항 발견] 23번 문항 추출 완료 (지문길이: 29자 / 정답: 3번)
[2026-06-28 13:48:04] [SUCCESS]   ✅ [문항 발견] 24번 문항 추출 완료 (지문길이: 67자 / 정답: 2번)
[2026-06-28 13:48:04] [SUCCESS]   ✅ [문항 발견] 25번 문항 추출 완료 (지문길이: 101자 / 정답: 4번)
[2026-06-28 13:48:04] [SUCCESS]   ✅ [문항 발견] 26번 문항 추출 완료 (지문길이: 78자 / 정답: 2번)
[2026-06-28 13:48:04] [SUCCESS]   ✅ [문항 발견] 27번 문항 추출 완료 (지문길이: 34자 / 정답: 3번)
[2026-06-28 13:48:04] [SUCCESS]   ✅ [문항 발견] 28번 문항 추출 완료 (지문길이: 31자 / 정답: 2번)
[2026-06-28 13:48:04] [SUCCESS]   ✅ [문항 발견] 29번 문항 추출 완료 (지문길이: 28자 / 정답: 2번)
[2026-06-28 13:48:04] [SUCCESS]   ✅ [문항 발견] 30번 문항 추출 완료 (지문길이: 50자 / 정답: 2번)
[2026-06-28 13:48:04] [SUCCESS]   ✅ [문항 발견] 31번 문항 추출 완료 (지문길이: 18자 / 정답: 4번)
[2026-06-28 13:48:04] [SUCCESS]   ✅ [문항 발견] 32번 문항 추출 완료 (지문길이: 21자 / 정답: 3번)
[2026-06-28 13:48:04] [SUCCESS]   ✅ [문항 발견] 33번 문항 추출 완료 (지문길이: 103자 / 정답: 4번)
[2026-06-28 13:48:04] [SUCCESS]   ✅ [문항 발견] 34번 문항 추출 완료 (지문길이: 23자 / 정답: 1번)
[2026-06-28 13:48:04] [SUCCESS]   ✅ [문항 발견] 35번 문항 추출 완료 (지문길이: 54자 / 정답: 1번)
[2026-06-28 13:48:04] [SUCCESS]   ✅ [문항 발견] 36번 문항 추출 완료 (지문길이: 110자 / 정답: 4번)
[2026-06-28 13:48:04] [SUCCESS]   ✅ [문항 발견] 37번 문항 추출 완료 (지문길이: 27자 / 정답: 2번)
[2026-06-28 13:48:04] [SUCCESS]   ✅ [문항 발견] 38번 문항 추출 완료 (지문길이: 16자 / 정답: 1번)
[2026-06-28 13:48:04] [SUCCESS]   ✅ [문항 발견] 39번 문항 추출 완료 (지문길이: 30자 / 정답: 4번)
[2026-06-28 13:48:04] [SUCCESS]   ✅ [문항 발견] 40번 문항 추출 완료 (지문길이: 23자 / 정답: 3번)
[2026-06-28 13:48:04] [SUCCESS]   ✅ [문항 발견] 41번 문항 추출 완료 (지문길이: 30자 / 정답: 4번)
[2026-06-28 13:48:04] [SUCCESS]   ✅ [문항 발견] 42번 문항 추출 완료 (지문길이: 23자 / 정답: 1번)
[2026-06-28 13:48:04] [SUCCESS]   ✅ [문항 발견] 43번 문항 추출 완료 (지문길이: 23자 / 정답: 1번)
[2026-06-28 13:48:04] [SUCCESS]   ✅ [문항 발견] 44번 문항 추출 완료 (지문길이: 63자 / 정답: 1번)
[2026-06-28 13:48:04] [SUCCESS]   ✅ [문항 발견] 45번 문항 추출 완료 (지문길이: 45자 / 정답: 2번)
[2026-06-28 13:48:04] [SUCCESS]   ✅ [문항 발견] 46번 문항 추출 완료 (지문길이: 19자 / 정답: 2번)
[2026-06-28 13:48:04] [SUCCESS]   ✅ [문항 발견] 47번 문항 추출 완료 (지문길이: 44자 / 정답: 2번)
[2026-06-28 13:48:04] [SUCCESS]   ✅ [문항 발견] 48번 문항 추출 완료 (지문길이: 68자 / 정답: 2번)
[2026-06-28 13:48:04] [SUCCESS]   ✅ [문항 발견] 49번 문항 추출 완료 (지문길이: 33자 / 정답: 1번)
[2026-06-28 13:48:04] [SUCCESS]   ✅ [문항 발견] 50번 문항 추출 완료 (지문길이: 66자 / 정답: 1번)
[2026-06-28 13:48:04] [SUCCESS]   ✅ [문항 발견] 51번 문항 추출 완료 (지문길이: 18자 / 정답: 2번)
[2026-06-28 13:48:04] [SUCCESS]   ✅ [문항 발견] 52번 문항 추출 완료 (지문길이: 59자 / 정답: 3번)
[2026-06-28 13:48:04] [SUCCESS]   ✅ [문항 발견] 53번 문항 추출 완료 (지문길이: 85자 / 정답: 2번)
[2026-06-28 13:48:04] [SUCCESS]   ✅ [문항 발견] 54번 문항 추출 완료 (지문길이: 31자 / 정답: 4번)
[2026-06-28 13:48:04] [SUCCESS]   ✅ [문항 발견] 55번 문항 추출 완료 (지문길이: 56자 / 정답: 3번)
[2026-06-28 13:48:04] [SUCCESS]   ✅ [문항 발견] 56번 문항 추출 완료 (지문길이: 22자 / 정답: 1번)
[2026-06-28 13:48:04] [SUCCESS]   ✅ [문항 발견] 57번 문항 추출 완료 (지문길이: 30자 / 정답: 4번)
[2026-06-28 13:48:04] [SUCCESS]   ✅ [문항 발견] 58번 문항 추출 완료 (지문길이: 41자 / 정답: 2번)
[2026-06-28 13:48:04] [SUCCESS]   ✅ [문항 발견] 59번 문항 추출 완료 (지문길이: 43자 / 정답: 3번)
[2026-06-28 13:48:04] [SUCCESS]   ✅ [문항 발견] 60번 문항 추출 완료 (지문길이: 33자 / 정답: 4번)
[2026-06-28 13:48:04] [SUCCESS]   ✅ [문항 발견] 1번 문항 추출 완료 (지문길이: 34자 / 정답: 2번)
[2026-06-28 13:48:04] [SUCCESS]   ✅ [문항 발견] 2번 문항 추출 완료 (지문길이: 49자 / 정답: 1번)
[2026-06-28 13:48:04] [SUCCESS]   ✅ [문항 발견] 3번 문항 추출 완료 (지문길이: 47자 / 정답: 2번)
[2026-06-28 13:48:04] [SUCCESS]   ✅ [문항 발견] 4번 문항 추출 완료 (지문길이: 56자 / 정답: 4번)
[2026-06-28 13:48:04] [SUCCESS]   ✅ [문항 발견] 5번 문항 추출 완료 (지문길이: 23자 / 정답: 2번)
[2026-06-28 13:48:04] [SUCCESS]   ✅ [문항 발견] 6번 문항 추출 완료 (지문길이: 81자 / 정답: 1번)
[2026-06-28 13:48:04] [SUCCESS]   ✅ [문항 발견] 7번 문항 추출 완료 (지문길이: 56자 / 정답: 4번)
[2026-06-28 13:48:04] [SUCCESS]   ✅ [문항 발견] 8번 문항 추출 완료 (지문길이: 27자 / 정답: 1번)
[2026-06-28 13:48:04] [SUCCESS]   ✅ [문항 발견] 9번 문항 추출 완료 (지문길이: 49자 / 정답: 1번)
[2026-06-28 13:48:04] [SUCCESS]   ✅ [문항 발견] 10번 문항 추출 완료 (지문길이: 22자 / 정답: 2번)
[2026-06-28 13:48:04] [SUCCESS]   ✅ [문항 발견] 11번 문항 추출 완료 (지문길이: 29자 / 정답: 1번)
[2026-06-28 13:48:04] [SUCCESS]   ✅ [문항 발견] 12번 문항 추출 완료 (지문길이: 28자 / 정답: 3번)
[2026-06-28 13:48:04] [SUCCESS]   ✅ [문항 발견] 13번 문항 추출 완료 (지문길이: 33자 / 정답: 4번)
[2026-06-28 13:48:04] [SUCCESS]   ✅ [문항 발견] 14번 문항 추출 완료 (지문길이: 61자 / 정답: 2번)
[2026-06-28 13:48:04] [SUCCESS]   ✅ [문항 발견] 15번 문항 추출 완료 (지문길이: 95자 / 정답: 2번)
[2026-06-28 13:48:04] [SUCCESS]   ✅ [문항 발견] 16번 문항 추출 완료 (지문길이: 29자 / 정답: 3번)
[2026-06-28 13:48:04] [SUCCESS]   ✅ [문항 발견] 17번 문항 추출 완료 (지문길이: 97자 / 정답: 4번)
[2026-06-28 13:48:04] [SUCCESS]   ✅ [문항 발견] 18번 문항 추출 완료 (지문길이: 31자 / 정답: 2번)
[2026-06-28 13:48:04] [SUCCESS]   ✅ [문항 발견] 19번 문항 추출 완료 (지문길이: 41자 / 정답: 4번)
[2026-06-28 13:48:04] [SUCCESS]   ✅ [문항 발견] 20번 문항 추출 완료 (지문길이: 34자 / 정답: 2번)
[2026-06-28 13:48:04] [SUCCESS]   ✅ [문항 발견] 21번 문항 추출 완료 (지문길이: 64자 / 정답: 1번)
[2026-06-28 13:48:04] [SUCCESS]   ✅ [문항 발견] 22번 문항 추출 완료 (지문길이: 33자 / 정답: 2번)
[2026-06-28 13:48:04] [SUCCESS]   ✅ [문항 발견] 23번 문항 추출 완료 (지문길이: 38자 / 정답: 2번)
[2026-06-28 13:48:04] [SUCCESS]   ✅ [문항 발견] 24번 문항 추출 완료 (지문길이: 74자 / 정답: 2번)
[2026-06-28 13:48:04] [SUCCESS]   ✅ [문항 발견] 25번 문항 추출 완료 (지문길이: 27자 / 정답: 3번)
[2026-06-28 13:48:04] [SUCCESS]   ✅ [문항 발견] 26번 문항 추출 완료 (지문길이: 88자 / 정답: 1번)
[2026-06-28 13:48:04] [SUCCESS]   ✅ [문항 발견] 27번 문항 추출 완료 (지문길이: 71자 / 정답: 3번)
[2026-06-28 13:48:04] [SUCCESS]   ✅ [문항 발견] 28번 문항 추출 완료 (지문길이: 36자 / 정답: 4번)
[2026-06-28 13:48:04] [SUCCESS]   ✅ [문항 발견] 29번 문항 추출 완료 (지문길이: 51자 / 정답: 4번)
[2026-06-28 13:48:04] [SUCCESS]   ✅ [문항 발견] 30번 문항 추출 완료 (지문길이: 74자 / 정답: 3번)
[2026-06-28 13:48:04] [SUCCESS]   ✅ [문항 발견] 31번 문항 추출 완료 (지문길이: 27자 / 정답: 2번)
[2026-06-28 13:48:04] [SUCCESS]   ✅ [문항 발견] 32번 문항 추출 완료 (지문길이: 26자 / 정답: 4번)
[2026-06-28 13:48:04] [SUCCESS]   ✅ [문항 발견] 33번 문항 추출 완료 (지문길이: 38자 / 정답: 1번)
[2026-06-28 13:48:04] [SUCCESS]   ✅ [문항 발견] 34번 문항 추출 완료 (지문길이: 109자 / 정답: 2번)
[2026-06-28 13:48:04] [SUCCESS]   ✅ [문항 발견] 35번 문항 추출 완료 (지문길이: 77자 / 정답: 4번)
[2026-06-28 13:48:04] [SUCCESS]   ✅ [문항 발견] 36번 문항 추출 완료 (지문길이: 26자 / 정답: 4번)
[2026-06-28 13:48:04] [SUCCESS]   ✅ [문항 발견] 37번 문항 추출 완료 (지문길이: 29자 / 정답: 1번)
[2026-06-28 13:48:04] [SUCCESS]   ✅ [문항 발견] 38번 문항 추출 완료 (지문길이: 30자 / 정답: 1번)
[2026-06-28 13:48:04] [SUCCESS]   ✅ [문항 발견] 39번 문항 추출 완료 (지문길이: 34자 / 정답: 3번)
[2026-06-28 13:48:04] [SUCCESS]   ✅ [문항 발견] 40번 문항 추출 완료 (지문길이: 24자 / 정답: 2번)
[2026-06-28 13:48:04] [SUCCESS]   ✅ [문항 발견] 41번 문항 추출 완료 (지문길이: 25자 / 정답: 1번)
[2026-06-28 13:48:04] [SUCCESS]   ✅ [문항 발견] 42번 문항 추출 완료 (지문길이: 103자 / 정답: 4번)
[2026-06-28 13:48:04] [SUCCESS]   ✅ [문항 발견] 43번 문항 추출 완료 (지문길이: 27자 / 정답: 2번)
[2026-06-28 13:48:04] [SUCCESS]   ✅ [문항 발견] 44번 문항 추출 완료 (지문길이: 21자 / 정답: 3번)
[2026-06-28 13:48:04] [SUCCESS]   ✅ [문항 발견] 45번 문항 추출 완료 (지문길이: 36자 / 정답: 2번)
[2026-06-28 13:48:04] [SUCCESS]   ✅ [문항 발견] 46번 문항 추출 완료 (지문길이: 23자 / 정답: 2번)
[2026-06-28 13:48:04] [SUCCESS]   ✅ [문항 발견] 47번 문항 추출 완료 (지문길이: 37자 / 정답: 1번)
[2026-06-28 13:48:04] [SUCCESS]   ✅ [문항 발견] 48번 문항 추출 완료 (지문길이: 27자 / 정답: 3번)
[2026-06-28 13:48:04] [SUCCESS]   ✅ [문항 발견] 49번 문항 추출 완료 (지문길이: 44자 / 정답: 3번)
[2026-06-28 13:48:04] [SUCCESS]   ✅ [문항 발견] 50번 문항 추출 완료 (지문길이: 25자 / 정답: 3번)
[2026-06-28 13:48:04] [SUCCESS]   ✅ [문항 발견] 51번 문항 추출 완료 (지문길이: 59자 / 정답: 4번)
[2026-06-28 13:48:04] [SUCCESS]   ✅ [문항 발견] 52번 문항 추출 완료 (지문길이: 31자 / 정답: 4번)
[2026-06-28 13:48:04] [SUCCESS]   ✅ [문항 발견] 53번 문항 추출 완료 (지문길이: 40자 / 정답: 3번)
[2026-06-28 13:48:04] [SUCCESS]   ✅ [문항 발견] 54번 문항 추출 완료 (지문길이: 40자 / 정답: 2번)
[2026-06-28 13:48:04] [SUCCESS]   ✅ [문항 발견] 55번 문항 추출 완료 (지문길이: 57자 / 정답: 1번)
[2026-06-28 13:48:04] [SUCCESS]   ✅ [문항 발견] 56번 문항 추출 완료 (지문길이: 27자 / 정답: 1번)
[2026-06-28 13:48:04] [SUCCESS]   ✅ [문항 발견] 57번 문항 추출 완료 (지문길이: 20자 / 정답: 4번)
[2026-06-28 13:48:04] [SUCCESS]   ✅ [문항 발견] 58번 문항 추출 완료 (지문길이: 114자 / 정답: 3번)
[2026-06-28 13:48:04] [SUCCESS]   ✅ [문항 발견] 59번 문항 추출 완료 (지문길이: 56자 / 정답: 3번)
[2026-06-28 13:48:04] [SUCCESS]   ✅ [문항 발견] 60번 문항 추출 완료 (지문길이: 20자 / 정답: 2번)
[2026-06-28 13:48:04] [SUCCESS]   ✅ [문항 발견] 1번 문항 추출 완료 (지문길이: 54자 / 정답: 3번)
[2026-06-28 13:48:04] [SUCCESS]   ✅ [문항 발견] 2번 문항 추출 완료 (지문길이: 39자 / 정답: 1번)
[2026-06-28 13:48:04] [SUCCESS]   ✅ [문항 발견] 3번 문항 추출 완료 (지문길이: 24자 / 정답: 3번)
[2026-06-28 13:48:04] [SUCCESS]   ✅ [문항 발견] 4번 문항 추출 완료 (지문길이: 57자 / 정답: 2번)
[2026-06-28 13:48:04] [SUCCESS]   ✅ [문항 발견] 5번 문항 추출 완료 (지문길이: 48자 / 정답: 2번)
[2026-06-28 13:48:04] [SUCCESS]   ✅ [문항 발견] 6번 문항 추출 완료 (지문길이: 75자 / 정답: 1번)
[2026-06-28 13:48:04] [SUCCESS]   ✅ [문항 발견] 7번 문항 추출 완료 (지문길이: 123자 / 정답: 4번)
[2026-06-28 13:48:04] [SUCCESS]   ✅ [문항 발견] 8번 문항 추출 완료 (지문길이: 29자 / 정답: 4번)
[2026-06-28 13:48:04] [SUCCESS]   ✅ [문항 발견] 9번 문항 추출 완료 (지문길이: 39자 / 정답: 4번)
[2026-06-28 13:48:04] [SUCCESS]   ✅ [문항 발견] 10번 문항 추출 완료 (지문길이: 22자 / 정답: 3번)
[2026-06-28 13:48:04] [SUCCESS]   ✅ [문항 발견] 11번 문항 추출 완료 (지문길이: 53자 / 정답: 4번)
[2026-06-28 13:48:04] [SUCCESS]   ✅ [문항 발견] 12번 문항 추출 완료 (지문길이: 60자 / 정답: 4번)
[2026-06-28 13:48:04] [SUCCESS]   ✅ [문항 발견] 13번 문항 추출 완료 (지문길이: 33자 / 정답: 4번)
[2026-06-28 13:48:04] [SUCCESS]   ✅ [문항 발견] 14번 문항 추출 완료 (지문길이: 67자 / 정답: 2번)
[2026-06-28 13:48:04] [SUCCESS]   ✅ [문항 발견] 15번 문항 추출 완료 (지문길이: 29자 / 정답: 3번)
[2026-06-28 13:48:04] [SUCCESS]   ✅ [문항 발견] 16번 문항 추출 완료 (지문길이: 33자 / 정답: 2번)
[2026-06-28 13:48:04] [SUCCESS]   ✅ [문항 발견] 17번 문항 추출 완료 (지문길이: 34자 / 정답: 3번)
[2026-06-28 13:48:04] [SUCCESS]   ✅ [문항 발견] 18번 문항 추출 완료 (지문길이: 28자 / 정답: 2번)
[2026-06-28 13:48:04] [SUCCESS]   ✅ [문항 발견] 19번 문항 추출 완료 (지문길이: 30자 / 정답: 4번)
[2026-06-28 13:48:04] [SUCCESS]   ✅ [문항 발견] 20번 문항 추출 완료 (지문길이: 47자 / 정답: 2번)
[2026-06-28 13:48:04] [SUCCESS]   ✅ [문항 발견] 21번 문항 추출 완료 (지문길이: 47자 / 정답: 1번)
[2026-06-28 13:48:04] [SUCCESS]   ✅ [문항 발견] 22번 문항 추출 완료 (지문길이: 83자 / 정답: 4번)
[2026-06-28 13:48:04] [SUCCESS]   ✅ [문항 발견] 23번 문항 추출 완료 (지문길이: 84자 / 정답: 3번)
[2026-06-28 13:48:04] [SUCCESS]   ✅ [문항 발견] 24번 문항 추출 완료 (지문길이: 50자 / 정답: 1번)
[2026-06-28 13:48:04] [SUCCESS]   ✅ [문항 발견] 25번 문항 추출 완료 (지문길이: 25자 / 정답: 3번)
[2026-06-28 13:48:04] [SUCCESS]   ✅ [문항 발견] 26번 문항 추출 완료 (지문길이: 72자 / 정답: 4번)
[2026-06-28 13:48:04] [SUCCESS]   ✅ [문항 발견] 27번 문항 추출 완료 (지문길이: 88자 / 정답: 2번)
[2026-06-28 13:48:04] [SUCCESS]   ✅ [문항 발견] 28번 문항 추출 완료 (지문길이: 21자 / 정답: 1번)
[2026-06-28 13:48:04] [SUCCESS]   ✅ [문항 발견] 29번 문항 추출 완료 (지문길이: 93자 / 정답: 4번)
[2026-06-28 13:48:04] [SUCCESS]   ✅ [문항 발견] 30번 문항 추출 완료 (지문길이: 20자 / 정답: 3번)
[2026-06-28 13:48:04] [SUCCESS]   ✅ [문항 발견] 31번 문항 추출 완료 (지문길이: 41자 / 정답: 2번)
[2026-06-28 13:48:04] [SUCCESS]   ✅ [문항 발견] 32번 문항 추출 완료 (지문길이: 37자 / 정답: 2번)
[2026-06-28 13:48:04] [SUCCESS]   ✅ [문항 발견] 33번 문항 추출 완료 (지문길이: 66자 / 정답: 2번)
[2026-06-28 13:48:04] [SUCCESS]   ✅ [문항 발견] 34번 문항 추출 완료 (지문길이: 70자 / 정답: 4번)
[2026-06-28 13:48:04] [SUCCESS]   ✅ [문항 발견] 35번 문항 추출 완료 (지문길이: 40자 / 정답: 4번)
[2026-06-28 13:48:04] [SUCCESS]   ✅ [문항 발견] 36번 문항 추출 완료 (지문길이: 15자 / 정답: 1번)
[2026-06-28 13:48:04] [SUCCESS]   ✅ [문항 발견] 37번 문항 추출 완료 (지문길이: 33자 / 정답: 4번)
[2026-06-28 13:48:04] [SUCCESS]   ✅ [문항 발견] 38번 문항 추출 완료 (지문길이: 20자 / 정답: 4번)
[2026-06-28 13:48:04] [SUCCESS]   ✅ [문항 발견] 39번 문항 추출 완료 (지문길이: 36자 / 정답: 1번)
[2026-06-28 13:48:04] [SUCCESS]   ✅ [문항 발견] 40번 문항 추출 완료 (지문길이: 29자 / 정답: 1번)
[2026-06-28 13:48:04] [SUCCESS]   ✅ [문항 발견] 41번 문항 추출 완료 (지문길이: 41자 / 정답: 3번)
[2026-06-28 13:48:04] [SUCCESS]   ✅ [문항 발견] 42번 문항 추출 완료 (지문길이: 24자 / 정답: 3번)
[2026-06-28 13:48:04] [SUCCESS]   ✅ [문항 발견] 43번 문항 추출 완료 (지문길이: 47자 / 정답: 4번)
[2026-06-28 13:48:04] [SUCCESS]   ✅ [문항 발견] 44번 문항 추출 완료 (지문길이: 28자 / 정답: 4번)
[2026-06-28 13:48:04] [SUCCESS]   ✅ [문항 발견] 45번 문항 추출 완료 (지문길이: 29자 / 정답: 1번)
[2026-06-28 13:48:04] [SUCCESS]   ✅ [문항 발견] 46번 문항 추출 완료 (지문길이: 31자 / 정답: 4번)
[2026-06-28 13:48:04] [SUCCESS]   ✅ [문항 발견] 47번 문항 추출 완료 (지문길이: 59자 / 정답: 3번)
[2026-06-28 13:48:04] [SUCCESS]   ✅ [문항 발견] 48번 문항 추출 완료 (지문길이: 22자 / 정답: 1번)
[2026-06-28 13:48:04] [SUCCESS]   ✅ [문항 발견] 49번 문항 추출 완료 (지문길이: 41자 / 정답: 4번)
[2026-06-28 13:48:04] [SUCCESS]   ✅ [문항 발견] 50번 문항 추출 완료 (지문길이: 65자 / 정답: 3번)
[2026-06-28 13:48:04] [SUCCESS]   ✅ [문항 발견] 51번 문항 추출 완료 (지문길이: 43자 / 정답: 4번)
[2026-06-28 13:48:04] [SUCCESS]   ✅ [문항 발견] 52번 문항 추출 완료 (지문길이: 26자 / 정답: 4번)
[2026-06-28 13:48:04] [SUCCESS]   ✅ [문항 발견] 53번 문항 추출 완료 (지문길이: 44자 / 정답: 3번)
[2026-06-28 13:48:04] [SUCCESS]   ✅ [문항 발견] 54번 문항 추출 완료 (지문길이: 25자 / 정답: 2번)
[2026-06-28 13:48:04] [SUCCESS]   ✅ [문항 발견] 55번 문항 추출 완료 (지문길이: 146자 / 정답: 4번)
[2026-06-28 13:48:04] [SUCCESS]   ✅ [문항 발견] 56번 문항 추출 완료 (지문길이: 23자 / 정답: 2번)
[2026-06-28 13:48:04] [SUCCESS]   ✅ [문항 발견] 57번 문항 추출 완료 (지문길이: 25자 / 정답: 3번)
[2026-06-28 13:48:04] [SUCCESS]   ✅ [문항 발견] 58번 문항 추출 완료 (지문길이: 33자 / 정답: 3번)
[2026-06-28 13:48:04] [SUCCESS]   ✅ [문항 발견] 59번 문항 추출 완료 (지문길이: 47자 / 정답: 3번)
[2026-06-28 13:48:04] [SUCCESS]   ✅ [문항 발견] 60번 문항 추출 완료 (지문길이: 58자 / 정답: 4번)
[2026-06-28 13:48:04] [SUCCESS]   ✅ [문항 발견] 1번 문항 추출 완료 (지문길이: 30자 / 정답: 2번)
[2026-06-28 13:48:04] [SUCCESS]   ✅ [문항 발견] 2번 문항 추출 완료 (지문길이: 29자 / 정답: 4번)
[2026-06-28 13:48:04] [SUCCESS]   ✅ [문항 발견] 3번 문항 추출 완료 (지문길이: 24자 / 정답: 1번)
[2026-06-28 13:48:04] [SUCCESS]   ✅ [문항 발견] 4번 문항 추출 완료 (지문길이: 93자 / 정답: 2번)
[2026-06-28 13:48:04] [SUCCESS]   ✅ [문항 발견] 5번 문항 추출 완료 (지문길이: 36자 / 정답: 3번)
[2026-06-28 13:48:04] [SUCCESS]   ✅ [문항 발견] 6번 문항 추출 완료 (지문길이: 37자 / 정답: 4번)
[2026-06-28 13:48:04] [SUCCESS]   ✅ [문항 발견] 7번 문항 추출 완료 (지문길이: 134자 / 정답: 3번)
[2026-06-28 13:48:04] [SUCCESS]   ✅ [문항 발견] 8번 문항 추출 완료 (지문길이: 40자 / 정답: 1번)
[2026-06-28 13:48:04] [SUCCESS]   ✅ [문항 발견] 9번 문항 추출 완료 (지문길이: 57자 / 정답: 2번)
[2026-06-28 13:48:04] [SUCCESS]   ✅ [문항 발견] 10번 문항 추출 완료 (지문길이: 38자 / 정답: 3번)
[2026-06-28 13:48:04] [SUCCESS]   ✅ [문항 발견] 11번 문항 추출 완료 (지문길이: 104자 / 정답: 3번)
[2026-06-28 13:48:04] [SUCCESS]   ✅ [문항 발견] 12번 문항 추출 완료 (지문길이: 83자 / 정답: 2번)
[2026-06-28 13:48:04] [SUCCESS]   ✅ [문항 발견] 13번 문항 추출 완료 (지문길이: 37자 / 정답: 2번)
[2026-06-28 13:48:04] [SUCCESS]   ✅ [문항 발견] 14번 문항 추출 완료 (지문길이: 75자 / 정답: 3번)
[2026-06-28 13:48:04] [SUCCESS]   ✅ [문항 발견] 15번 문항 추출 완료 (지문길이: 38자 / 정답: 2번)
[2026-06-28 13:48:04] [SUCCESS]   ✅ [문항 발견] 16번 문항 추출 완료 (지문길이: 60자 / 정답: 3번)
[2026-06-28 13:48:04] [SUCCESS]   ✅ [문항 발견] 17번 문항 추출 완료 (지문길이: 22자 / 정답: 4번)
[2026-06-28 13:48:04] [SUCCESS]   ✅ [문항 발견] 18번 문항 추출 완료 (지문길이: 53자 / 정답: 4번)
[2026-06-28 13:48:04] [SUCCESS]   ✅ [문항 발견] 19번 문항 추출 완료 (지문길이: 27자 / 정답: 1번)
[2026-06-28 13:48:04] [SUCCESS]   ✅ [문항 발견] 20번 문항 추출 완료 (지문길이: 57자 / 정답: 4번)
[2026-06-28 13:48:04] [SUCCESS]   ✅ [문항 발견] 21번 문항 추출 완료 (지문길이: 42자 / 정답: 3번)
[2026-06-28 13:48:04] [SUCCESS]   ✅ [문항 발견] 22번 문항 추출 완료 (지문길이: 21자 / 정답: 3번)
[2026-06-28 13:48:04] [SUCCESS]   ✅ [문항 발견] 23번 문항 추출 완료 (지문길이: 50자 / 정답: 2번)
[2026-06-28 13:48:04] [SUCCESS]   ✅ [문항 발견] 24번 문항 추출 완료 (지문길이: 20자 / 정답: 1번)
[2026-06-28 13:48:04] [SUCCESS]   ✅ [문항 발견] 25번 문항 추출 완료 (지문길이: 69자 / 정답: 4번)
[2026-06-28 13:48:04] [SUCCESS]   ✅ [문항 발견] 26번 문항 추출 완료 (지문길이: 72자 / 정답: 4번)
[2026-06-28 13:48:04] [SUCCESS]   ✅ [문항 발견] 27번 문항 추출 완료 (지문길이: 47자 / 정답: 1번)
[2026-06-28 13:48:04] [SUCCESS]   ✅ [문항 발견] 28번 문항 추출 완료 (지문길이: 139자 / 정답: 1번)
[2026-06-28 13:48:04] [SUCCESS]   ✅ [문항 발견] 29번 문항 추출 완료 (지문길이: 88자 / 정답: 2번)
[2026-06-28 13:48:04] [SUCCESS]   ✅ [문항 발견] 30번 문항 추출 완료 (지문길이: 69자 / 정답: 3번)
[2026-06-28 13:48:04] [SUCCESS]   ✅ [문항 발견] 31번 문항 추출 완료 (지문길이: 54자 / 정답: 3번)
[2026-06-28 13:48:04] [SUCCESS]   ✅ [문항 발견] 32번 문항 추출 완료 (지문길이: 35자 / 정답: 3번)
[2026-06-28 13:48:04] [SUCCESS]   ✅ [문항 발견] 33번 문항 추출 완료 (지문길이: 18자 / 정답: 1번)
[2026-06-28 13:48:04] [SUCCESS]   ✅ [문항 발견] 34번 문항 추출 완료 (지문길이: 36자 / 정답: 1번)
[2026-06-28 13:48:04] [SUCCESS]   ✅ [문항 발견] 35번 문항 추출 완료 (지문길이: 24자 / 정답: 3번)
[2026-06-28 13:48:04] [SUCCESS]   ✅ [문항 발견] 36번 문항 추출 완료 (지문길이: 38자 / 정답: 1번)
[2026-06-28 13:48:04] [SUCCESS]   ✅ [문항 발견] 37번 문항 추출 완료 (지문길이: 25자 / 정답: 4번)
[2026-06-28 13:48:04] [SUCCESS]   ✅ [문항 발견] 38번 문항 추출 완료 (지문길이: 26자 / 정답: 4번)
[2026-06-28 13:48:04] [SUCCESS]   ✅ [문항 발견] 39번 문항 추출 완료 (지문길이: 54자 / 정답: 1번)
[2026-06-28 13:48:04] [SUCCESS]   ✅ [문항 발견] 40번 문항 추출 완료 (지문길이: 18자 / 정답: 4번)
[2026-06-28 13:48:04] [SUCCESS]   ✅ [문항 발견] 41번 문항 추출 완료 (지문길이: 27자 / 정답: 2번)
[2026-06-28 13:48:04] [SUCCESS]   ✅ [문항 발견] 42번 문항 추출 완료 (지문길이: 30자 / 정답: 4번)
[2026-06-28 13:48:04] [SUCCESS]   ✅ [문항 발견] 43번 문항 추출 완료 (지문길이: 23자 / 정답: 1번)
[2026-06-28 13:48:04] [SUCCESS]   ✅ [문항 발견] 44번 문항 추출 완료 (지문길이: 54자 / 정답: 1번)
[2026-06-28 13:48:04] [SUCCESS]   ✅ [문항 발견] 45번 문항 추출 완료 (지문길이: 19자 / 정답: 1번)
[2026-06-28 13:48:04] [SUCCESS]   ✅ [문항 발견] 46번 문항 추출 완료 (지문길이: 47자 / 정답: 3번)
[2026-06-28 13:48:04] [SUCCESS]   ✅ [문항 발견] 47번 문항 추출 완료 (지문길이: 27자 / 정답: 3번)
[2026-06-28 13:48:04] [SUCCESS]   ✅ [문항 발견] 48번 문항 추출 완료 (지문길이: 43자 / 정답: 3번)
[2026-06-28 13:48:04] [SUCCESS]   ✅ [문항 발견] 49번 문항 추출 완료 (지문길이: 55자 / 정답: 4번)
[2026-06-28 13:48:04] [SUCCESS]   ✅ [문항 발견] 50번 문항 추출 완료 (지문길이: 30자 / 정답: 4번)
[2026-06-28 13:48:04] [SUCCESS]   ✅ [문항 발견] 51번 문항 추출 완료 (지문길이: 33자 / 정답: 4번)
[2026-06-28 13:48:04] [SUCCESS]   ✅ [문항 발견] 52번 문항 추출 완료 (지문길이: 23자 / 정답: 3번)
[2026-06-28 13:48:04] [SUCCESS]   ✅ [문항 발견] 53번 문항 추출 완료 (지문길이: 88자 / 정답: 0번)
[2026-06-28 13:48:04] [WARNING]   ⚠️ [에러-보기누락] 44번 문항 폐기 (사유: 보기 ①~④ 없음) -> 원문: "44 : 80 = 1 : x x = 80/44 = 1.82[kg] 정답  ②..."
[2026-06-28 13:48:04] [SUCCESS]   ✅ [문항 발견] 54번 문항 추출 완료 (지문길이: 24자 / 정답: 3번)
[2026-06-28 13:48:04] [SUCCESS]   ✅ [문항 발견] 55번 문항 추출 완료 (지문길이: 21자 / 정답: 3번)
[2026-06-28 13:48:04] [SUCCESS]   ✅ [문항 발견] 56번 문항 추출 완료 (지문길이: 33자 / 정답: 2번)
[2026-06-28 13:48:04] [SUCCESS]   ✅ [문항 발견] 57번 문항 추출 완료 (지문길이: 22자 / 정답: 2번)
[2026-06-28 13:48:04] [SUCCESS]   ✅ [문항 발견] 58번 문항 추출 완료 (지문길이: 62자 / 정답: 4번)
[2026-06-28 13:48:04] [SUCCESS]   ✅ [문항 발견] 59번 문항 추출 완료 (지문길이: 52자 / 정답: 3번)
[2026-06-28 13:48:04] [SUCCESS]   ✅ [문항 발견] 60번 문항 추출 완료 (지문길이: 88자 / 정답: 4번)
[2026-06-28 13:48:04] [SUCCESS]   ✅ [문항 발견] 1번 문항 추출 완료 (지문길이: 38자 / 정답: 3번)
[2026-06-28 13:48:04] [SUCCESS]   ✅ [문항 발견] 2번 문항 추출 완료 (지문길이: 27자 / 정답: 4번)
[2026-06-28 13:48:04] [SUCCESS]   ✅ [문항 발견] 3번 문항 추출 완료 (지문길이: 42자 / 정답: 2번)
[2026-06-28 13:48:04] [SUCCESS]   ✅ [문항 발견] 4번 문항 추출 완료 (지문길이: 64자 / 정답: 4번)
[2026-06-28 13:48:04] [SUCCESS]   ✅ [문항 발견] 5번 문항 추출 완료 (지문길이: 21자 / 정답: 4번)
[2026-06-28 13:48:04] [SUCCESS]   ✅ [문항 발견] 6번 문항 추출 완료 (지문길이: 47자 / 정답: 2번)
[2026-06-28 13:48:04] [SUCCESS]   ✅ [문항 발견] 7번 문항 추출 완료 (지문길이: 79자 / 정답: 3번)
[2026-06-28 13:48:04] [SUCCESS]   ✅ [문항 발견] 8번 문항 추출 완료 (지문길이: 51자 / 정답: 1번)
[2026-06-28 13:48:04] [SUCCESS]   ✅ [문항 발견] 9번 문항 추출 완료 (지문길이: 47자 / 정답: 2번)
[2026-06-28 13:48:04] [SUCCESS]   ✅ [문항 발견] 10번 문항 추출 완료 (지문길이: 22자 / 정답: 3번)
[2026-06-28 13:48:04] [SUCCESS]   ✅ [문항 발견] 11번 문항 추출 완료 (지문길이: 29자 / 정답: 3번)
[2026-06-28 13:48:04] [SUCCESS]   ✅ [문항 발견] 12번 문항 추출 완료 (지문길이: 83자 / 정답: 3번)
[2026-06-28 13:48:04] [SUCCESS]   ✅ [문항 발견] 13번 문항 추출 완료 (지문길이: 24자 / 정답: 4번)
[2026-06-28 13:48:04] [SUCCESS]   ✅ [문항 발견] 14번 문항 추출 완료 (지문길이: 25자 / 정답: 3번)
[2026-06-28 13:48:04] [SUCCESS]   ✅ [문항 발견] 15번 문항 추출 완료 (지문길이: 37자 / 정답: 2번)
[2026-06-28 13:48:04] [SUCCESS]   ✅ [문항 발견] 16번 문항 추출 완료 (지문길이: 64자 / 정답: 1번)
[2026-06-28 13:48:04] [SUCCESS]   ✅ [문항 발견] 17번 문항 추출 완료 (지문길이: 68자 / 정답: 2번)
[2026-06-28 13:48:04] [SUCCESS]   ✅ [문항 발견] 18번 문항 추출 완료 (지문길이: 95자 / 정답: 2번)
[2026-06-28 13:48:04] [SUCCESS]   ✅ [문항 발견] 19번 문항 추출 완료 (지문길이: 36자 / 정답: 1번)
[2026-06-28 13:48:04] [SUCCESS]   ✅ [문항 발견] 20번 문항 추출 완료 (지문길이: 43자 / 정답: 2번)
[2026-06-28 13:48:04] [SUCCESS]   ✅ [문항 발견] 21번 문항 추출 완료 (지문길이: 29자 / 정답: 1번)
[2026-06-28 13:48:04] [SUCCESS]   ✅ [문항 발견] 22번 문항 추출 완료 (지문길이: 19자 / 정답: 1번)
[2026-06-28 13:48:04] [SUCCESS]   ✅ [문항 발견] 23번 문항 추출 완료 (지문길이: 65자 / 정답: 3번)
[2026-06-28 13:48:04] [SUCCESS]   ✅ [문항 발견] 24번 문항 추출 완료 (지문길이: 73자 / 정답: 4번)
[2026-06-28 13:48:04] [SUCCESS]   ✅ [문항 발견] 25번 문항 추출 완료 (지문길이: 93자 / 정답: 2번)
[2026-06-28 13:48:04] [SUCCESS]   ✅ [문항 발견] 26번 문항 추출 완료 (지문길이: 69자 / 정답: 3번)
[2026-06-28 13:48:04] [SUCCESS]   ✅ [문항 발견] 27번 문항 추출 완료 (지문길이: 71자 / 정답: 4번)
[2026-06-28 13:48:04] [SUCCESS]   ✅ [문항 발견] 28번 문항 추출 완료 (지문길이: 71자 / 정답: 3번)
[2026-06-28 13:48:04] [SUCCESS]   ✅ [문항 발견] 29번 문항 추출 완료 (지문길이: 59자 / 정답: 3번)
[2026-06-28 13:48:04] [SUCCESS]   ✅ [문항 발견] 30번 문항 추출 완료 (지문길이: 33자 / 정답: 4번)
[2026-06-28 13:48:04] [SUCCESS]   ✅ [문항 발견] 31번 문항 추출 완료 (지문길이: 64자 / 정답: 4번)
[2026-06-28 13:48:04] [SUCCESS]   ✅ [문항 발견] 32번 문항 추출 완료 (지문길이: 30자 / 정답: 4번)
[2026-06-28 13:48:04] [SUCCESS]   ✅ [문항 발견] 33번 문항 추출 완료 (지문길이: 54자 / 정답: 1번)
[2026-06-28 13:48:04] [SUCCESS]   ✅ [문항 발견] 34번 문항 추출 완료 (지문길이: 18자 / 정답: 4번)
[2026-06-28 13:48:04] [SUCCESS]   ✅ [문항 발견] 35번 문항 추출 완료 (지문길이: 149자 / 정답: 4번)
[2026-06-28 13:48:04] [SUCCESS]   ✅ [문항 발견] 36번 문항 추출 완료 (지문길이: 65자 / 정답: 3번)
[2026-06-28 13:48:04] [SUCCESS]   ✅ [문항 발견] 37번 문항 추출 완료 (지문길이: 31자 / 정답: 2번)
[2026-06-28 13:48:04] [SUCCESS]   ✅ [문항 발견] 38번 문항 추출 완료 (지문길이: 15자 / 정답: 1번)
[2026-06-28 13:48:04] [SUCCESS]   ✅ [문항 발견] 39번 문항 추출 완료 (지문길이: 37자 / 정답: 2번)
[2026-06-28 13:48:04] [SUCCESS]   ✅ [문항 발견] 40번 문항 추출 완료 (지문길이: 93자 / 정답: 4번)
[2026-06-28 13:48:04] [SUCCESS]   ✅ [문항 발견] 41번 문항 추출 완료 (지문길이: 27자 / 정답: 3번)
[2026-06-28 13:48:04] [SUCCESS]   ✅ [문항 발견] 42번 문항 추출 완료 (지문길이: 40자 / 정답: 2번)
[2026-06-28 13:48:04] [SUCCESS]   ✅ [문항 발견] 43번 문항 추출 완료 (지문길이: 37자 / 정답: 1번)
[2026-06-28 13:48:04] [SUCCESS]   ✅ [문항 발견] 44번 문항 추출 완료 (지문길이: 103자 / 정답: 4번)
[2026-06-28 13:48:04] [SUCCESS]   ✅ [문항 발견] 45번 문항 추출 완료 (지문길이: 31자 / 정답: 1번)
[2026-06-28 13:48:04] [SUCCESS]   ✅ [문항 발견] 46번 문항 추출 완료 (지문길이: 75자 / 정답: 3번)
[2026-06-28 13:48:04] [SUCCESS]   ✅ [문항 발견] 47번 문항 추출 완료 (지문길이: 33자 / 정답: 2번)
[2026-06-28 13:48:04] [SUCCESS]   ✅ [문항 발견] 48번 문항 추출 완료 (지문길이: 87자 / 정답: 2번)
[2026-06-28 13:48:04] [SUCCESS]   ✅ [문항 발견] 49번 문항 추출 완료 (지문길이: 66자 / 정답: 3번)
[2026-06-28 13:48:04] [SUCCESS]   ✅ [문항 발견] 50번 문항 추출 완료 (지문길이: 19자 / 정답: 2번)
[2026-06-28 13:48:04] [SUCCESS]   ✅ [문항 발견] 51번 문항 추출 완료 (지문길이: 29자 / 정답: 4번)
[2026-06-28 13:48:04] [SUCCESS]   ✅ [문항 발견] 52번 문항 추출 완료 (지문길이: 40자 / 정답: 4번)
[2026-06-28 13:48:04] [SUCCESS]   ✅ [문항 발견] 53번 문항 추출 완료 (지문길이: 42자 / 정답: 0번)
[2026-06-28 13:48:04] [WARNING]   ⚠️ [에러-보기누락] 1번 문항 폐기 (사유: 보기 ①~④ 없음) -> 원문: "1 [kcal] =427[kgf. m] 정답  ①..."
[2026-06-28 13:48:04] [SUCCESS]   ✅ [문항 발견] 54번 문항 추출 완료 (지문길이: 37자 / 정답: 3번)
[2026-06-28 13:48:04] [SUCCESS]   ✅ [문항 발견] 55번 문항 추출 완료 (지문길이: 88자 / 정답: 1번)
[2026-06-28 13:48:04] [SUCCESS]   ✅ [문항 발견] 56번 문항 추출 완료 (지문길이: 60자 / 정답: 1번)
[2026-06-28 13:48:04] [SUCCESS]   ✅ [문항 발견] 57번 문항 추출 완료 (지문길이: 29자 / 정답: 2번)
[2026-06-28 13:48:04] [SUCCESS]   ✅ [문항 발견] 58번 문항 추출 완료 (지문길이: 70자 / 정답: 3번)
[2026-06-28 13:48:04] [SUCCESS]   ✅ [문항 발견] 59번 문항 추출 완료 (지문길이: 85자 / 정답: 1번)
[2026-06-28 13:48:04] [SUCCESS]   ✅ [문항 발견] 60번 문항 추출 완료 (지문길이: 27자 / 정답: 4번)
[2026-06-28 13:48:04] [SUCCESS]   ✅ [문항 발견] 1번 문항 추출 완료 (지문길이: 29자 / 정답: 1번)
[2026-06-28 13:48:04] [SUCCESS]   ✅ [문항 발견] 2번 문항 추출 완료 (지문길이: 72자 / 정답: 3번)
[2026-06-28 13:48:04] [SUCCESS]   ✅ [문항 발견] 3번 문항 추출 완료 (지문길이: 60자 / 정답: 4번)
[2026-06-28 13:48:04] [SUCCESS]   ✅ [문항 발견] 4번 문항 추출 완료 (지문길이: 27자 / 정답: 2번)
[2026-06-28 13:48:04] [SUCCESS]   ✅ [문항 발견] 5번 문항 추출 완료 (지문길이: 30자 / 정답: 3번)
[2026-06-28 13:48:04] [SUCCESS]   ✅ [문항 발견] 6번 문항 추출 완료 (지문길이: 65자 / 정답: 2번)
[2026-06-28 13:48:04] [SUCCESS]   ✅ [문항 발견] 7번 문항 추출 완료 (지문길이: 40자 / 정답: 2번)
[2026-06-28 13:48:04] [SUCCESS]   ✅ [문항 발견] 8번 문항 추출 완료 (지문길이: 42자 / 정답: 3번)
[2026-06-28 13:48:04] [SUCCESS]   ✅ [문항 발견] 9번 문항 추출 완료 (지문길이: 30자 / 정답: 3번)
[2026-06-28 13:48:04] [SUCCESS]   ✅ [문항 발견] 10번 문항 추출 완료 (지문길이: 89자 / 정답: 0번)
[2026-06-28 13:48:04] [WARNING]   ⚠️ [에러-보기누락] 44번 문항 폐기 (사유: 보기 ①~④ 없음) -> 원문: "44 : 80 = 1 : x x = 80/44 = 1.82[kg] 정답  ②..."
[2026-06-28 13:48:04] [SUCCESS]   ✅ [문항 발견] 11번 문항 추출 완료 (지문길이: 22자 / 정답: 1번)
[2026-06-28 13:48:04] [SUCCESS]   ✅ [문항 발견] 12번 문항 추출 완료 (지문길이: 31자 / 정답: 1번)
[2026-06-28 13:48:04] [SUCCESS]   ✅ [문항 발견] 13번 문항 추출 완료 (지문길이: 16자 / 정답: 1번)
[2026-06-28 13:48:04] [SUCCESS]   ✅ [문항 발견] 14번 문항 추출 완료 (지문길이: 21자 / 정답: 3번)
[2026-06-28 13:48:04] [SUCCESS]   ✅ [문항 발견] 15번 문항 추출 완료 (지문길이: 38자 / 정답: 2번)
[2026-06-28 13:48:04] [SUCCESS]   ✅ [문항 발견] 16번 문항 추출 완료 (지문길이: 72자 / 정답: 4번)
[2026-06-28 13:48:04] [SUCCESS]   ✅ [문항 발견] 17번 문항 추출 완료 (지문길이: 51자 / 정답: 1번)
[2026-06-28 13:48:04] [SUCCESS]   ✅ [문항 발견] 18번 문항 추출 완료 (지문길이: 29자 / 정답: 3번)
[2026-06-28 13:48:04] [SUCCESS]   ✅ [문항 발견] 19번 문항 추출 완료 (지문길이: 33자 / 정답: 4번)
[2026-06-28 13:48:04] [SUCCESS]   ✅ [문항 발견] 20번 문항 추출 완료 (지문길이: 22자 / 정답: 3번)
[2026-06-28 13:48:04] [SUCCESS]   ✅ [문항 발견] 21번 문항 추출 완료 (지문길이: 29자 / 정답: 3번)
[2026-06-28 13:48:04] [SUCCESS]   ✅ [문항 발견] 22번 문항 추출 완료 (지문길이: 44자 / 정답: 4번)
[2026-06-28 13:48:04] [SUCCESS]   ✅ [문항 발견] 23번 문항 추출 완료 (지문길이: 20자 / 정답: 4번)
[2026-06-28 13:48:04] [SUCCESS]   ✅ [문항 발견] 24번 문항 추출 완료 (지문길이: 47자 / 정답: 4번)
[2026-06-28 13:48:04] [SUCCESS]   ✅ [문항 발견] 25번 문항 추출 완료 (지문길이: 19자 / 정답: 2번)
[2026-06-28 13:48:04] [SUCCESS]   ✅ [문항 발견] 26번 문항 추출 완료 (지문길이: 119자 / 정답: 3번)
[2026-06-28 13:48:04] [SUCCESS]   ✅ [문항 발견] 27번 문항 추출 완료 (지문길이: 70자 / 정답: 4번)
[2026-06-28 13:48:04] [SUCCESS]   ✅ [문항 발견] 28번 문항 추출 완료 (지문길이: 48자 / 정답: 2번)
[2026-06-28 13:48:04] [SUCCESS]   ✅ [문항 발견] 29번 문항 추출 완료 (지문길이: 100자 / 정답: 4번)
[2026-06-28 13:48:04] [SUCCESS]   ✅ [문항 발견] 30번 문항 추출 완료 (지문길이: 24자 / 정답: 2번)
[2026-06-28 13:48:04] [SUCCESS]   ✅ [문항 발견] 31번 문항 추출 완료 (지문길이: 21자 / 정답: 4번)
[2026-06-28 13:48:04] [SUCCESS]   ✅ [문항 발견] 32번 문항 추출 완료 (지문길이: 27자 / 정답: 2번)
[2026-06-28 13:48:04] [SUCCESS]   ✅ [문항 발견] 33번 문항 추출 완료 (지문길이: 32자 / 정답: 3번)
[2026-06-28 13:48:04] [SUCCESS]   ✅ [문항 발견] 34번 문항 추출 완료 (지문길이: 51자 / 정답: 4번)
[2026-06-28 13:48:04] [SUCCESS]   ✅ [문항 발견] 35번 문항 추출 완료 (지문길이: 41자 / 정답: 2번)
[2026-06-28 13:48:04] [SUCCESS]   ✅ [문항 발견] 36번 문항 추출 완료 (지문길이: 61자 / 정답: 1번)
[2026-06-28 13:48:04] [SUCCESS]   ✅ [문항 발견] 37번 문항 추출 완료 (지문길이: 47자 / 정답: 2번)
[2026-06-28 13:48:04] [SUCCESS]   ✅ [문항 발견] 38번 문항 추출 완료 (지문길이: 59자 / 정답: 1번)
[2026-06-28 13:48:04] [SUCCESS]   ✅ [문항 발견] 39번 문항 추출 완료 (지문길이: 25자 / 정답: 2번)
[2026-06-28 13:48:04] [SUCCESS]   ✅ [문항 발견] 40번 문항 추출 완료 (지문길이: 86자 / 정답: 4번)
[2026-06-28 13:48:04] [SUCCESS]   ✅ [문항 발견] 41번 문항 추출 완료 (지문길이: 52자 / 정답: 3번)
[2026-06-28 13:48:04] [SUCCESS]   ✅ [문항 발견] 42번 문항 추출 완료 (지문길이: 41자 / 정답: 4번)
[2026-06-28 13:48:04] [SUCCESS]   ✅ [문항 발견] 43번 문항 추출 완료 (지문길이: 74자 / 정답: 2번)
[2026-06-28 13:48:04] [SUCCESS]   ✅ [문항 발견] 44번 문항 추출 완료 (지문길이: 96자 / 정답: 1번)
[2026-06-28 13:48:04] [SUCCESS]   ✅ [문항 발견] 45번 문항 추출 완료 (지문길이: 29자 / 정답: 4번)
[2026-06-28 13:48:04] [SUCCESS]   ✅ [문항 발견] 46번 문항 추출 완료 (지문길이: 32자 / 정답: 3번)
[2026-06-28 13:48:04] [SUCCESS]   ✅ [문항 발견] 47번 문항 추출 완료 (지문길이: 56자 / 정답: 4번)
[2026-06-28 13:48:04] [SUCCESS]   ✅ [문항 발견] 48번 문항 추출 완료 (지문길이: 43자 / 정답: 3번)
[2026-06-28 13:48:04] [SUCCESS]   ✅ [문항 발견] 49번 문항 추출 완료 (지문길이: 57자 / 정답: 4번)
[2026-06-28 13:48:04] [SUCCESS]   ✅ [문항 발견] 50번 문항 추출 완료 (지문길이: 88자 / 정답: 1번)
[2026-06-28 13:48:04] [SUCCESS]   ✅ [문항 발견] 51번 문항 추출 완료 (지문길이: 18자 / 정답: 1번)
[2026-06-28 13:48:04] [SUCCESS]   ✅ [문항 발견] 52번 문항 추출 완료 (지문길이: 111자 / 정답: 4번)
[2026-06-28 13:48:04] [SUCCESS]   ✅ [문항 발견] 53번 문항 추출 완료 (지문길이: 66자 / 정답: 2번)
[2026-06-28 13:48:04] [SUCCESS]   ✅ [문항 발견] 54번 문항 추출 완료 (지문길이: 46자 / 정답: 1번)
[2026-06-28 13:48:04] [SUCCESS]   ✅ [문항 발견] 55번 문항 추출 완료 (지문길이: 59자 / 정답: 4번)
[2026-06-28 13:48:04] [SUCCESS]   ✅ [문항 발견] 56번 문항 추출 완료 (지문길이: 106자 / 정답: 3번)
[2026-06-28 13:48:04] [SUCCESS]   ✅ [문항 발견] 57번 문항 추출 완료 (지문길이: 20자 / 정답: 2번)
[2026-06-28 13:48:04] [SUCCESS]   ✅ [문항 발견] 58번 문항 추출 완료 (지문길이: 71자 / 정답: 4번)
[2026-06-28 13:48:04] [SUCCESS]   ✅ [문항 발견] 59번 문항 추출 완료 (지문길이: 76자 / 정답: 0번)
[2026-06-28 13:48:04] [WARNING]   ⚠️ [에러-보기누락] 10번 문항 폐기 (사유: 보기 ①~④ 없음) -> 원문: "10 x 10=20 x X X = 10 x10 / 20 = 5[MPa] 정답  ②..."
[2026-06-28 13:48:04] [SUCCESS]   ✅ [문항 발견] 60번 문항 추출 완료 (지문길이: 22자 / 정답: 2번)
[2026-06-28 13:48:04] [SUCCESS]   ✅ [문항 발견] 1번 문항 추출 완료 (지문길이: 30자 / 정답: 1번)
[2026-06-28 13:48:04] [SUCCESS]   ✅ [문항 발견] 2번 문항 추출 완료 (지문길이: 32자 / 정답: 2번)
[2026-06-28 13:48:04] [SUCCESS]   ✅ [문항 발견] 3번 문항 추출 완료 (지문길이: 32자 / 정답: 4번)
[2026-06-28 13:48:04] [SUCCESS]   ✅ [문항 발견] 4번 문항 추출 완료 (지문길이: 27자 / 정답: 4번)
[2026-06-28 13:48:04] [SUCCESS]   ✅ [문항 발견] 5번 문항 추출 완료 (지문길이: 29자 / 정답: 2번)
[2026-06-28 13:48:04] [SUCCESS]   ✅ [문항 발견] 6번 문항 추출 완료 (지문길이: 24자 / 정답: 3번)
[2026-06-28 13:48:04] [SUCCESS]   ✅ [문항 발견] 7번 문항 추출 완료 (지문길이: 29자 / 정답: 3번)
[2026-06-28 13:48:04] [SUCCESS]   ✅ [문항 발견] 8번 문항 추출 완료 (지문길이: 23자 / 정답: 2번)
[2026-06-28 13:48:04] [SUCCESS]   ✅ [문항 발견] 9번 문항 추출 완료 (지문길이: 21자 / 정답: 2번)
[2026-06-28 13:48:04] [SUCCESS]   ✅ [문항 발견] 10번 문항 추출 완료 (지문길이: 39자 / 정답: 4번)
[2026-06-28 13:48:04] [SUCCESS]   ✅ [문항 발견] 11번 문항 추출 완료 (지문길이: 33자 / 정답: 4번)
[2026-06-28 13:48:04] [SUCCESS]   ✅ [문항 발견] 12번 문항 추출 완료 (지문길이: 58자 / 정답: 2번)
[2026-06-28 13:48:04] [SUCCESS]   ✅ [문항 발견] 13번 문항 추출 완료 (지문길이: 60자 / 정답: 2번)
[2026-06-28 13:48:04] [SUCCESS]   ✅ [문항 발견] 14번 문항 추출 완료 (지문길이: 89자 / 정답: 4번)
[2026-06-28 13:48:04] [SUCCESS]   ✅ [문항 발견] 15번 문항 추출 완료 (지문길이: 55자 / 정답: 2번)
[2026-06-28 13:48:04] [SUCCESS]   ✅ [문항 발견] 16번 문항 추출 완료 (지문길이: 57자 / 정답: 2번)
[2026-06-28 13:48:04] [SUCCESS]   ✅ [문항 발견] 17번 문항 추출 완료 (지문길이: 52자 / 정답: 3번)
[2026-06-28 13:48:04] [SUCCESS]   ✅ [문항 발견] 18번 문항 추출 완료 (지문길이: 70자 / 정답: 3번)
[2026-06-28 13:48:04] [SUCCESS]   ✅ [문항 발견] 19번 문항 추출 완료 (지문길이: 29자 / 정답: 3번)
[2026-06-28 13:48:04] [SUCCESS]   ✅ [문항 발견] 20번 문항 추출 완료 (지문길이: 31자 / 정답: 1번)
[2026-06-28 13:48:04] [SUCCESS]   ✅ [문항 발견] 21번 문항 추출 완료 (지문길이: 52자 / 정답: 0번)
[2026-06-28 13:48:04] [WARNING]   ⚠️ [에러-보기누락] 1번 문항 폐기 (사유: 보기 ①~④ 없음) -> 원문: "1.기초설비에 있는 인터록(Inter Lock), 긴급용시스템스, 경보 및 자동제어 장치의 기능..."
[2026-06-28 13:48:04] [WARNING]   ⚠️ [에러-보기누락] 3번 문항 폐기 (사유: 보기 ①~④ 없음) -> 원문: "3.긴급차단 및 긴급방출장치, 통신설비, 재어서설, 점전계획지 및 재설설비 그래에 안전설비의 기능 정답  ②..."
[2026-06-28 13:48:04] [SUCCESS]   ✅ [문항 발견] 22번 문항 추출 완료 (지문길이: 22자 / 정답: 3번)
[2026-06-28 13:48:04] [SUCCESS]   ✅ [문항 발견] 23번 문항 추출 완료 (지문길이: 79자 / 정답: 4번)
[2026-06-28 13:48:04] [SUCCESS]   ✅ [문항 발견] 24번 문항 추출 완료 (지문길이: 76자 / 정답: 2번)
[2026-06-28 13:48:04] [SUCCESS]   ✅ [문항 발견] 25번 문항 추출 완료 (지문길이: 26자 / 정답: 1번)
[2026-06-28 13:48:04] [SUCCESS]   ✅ [문항 발견] 26번 문항 추출 완료 (지문길이: 45자 / 정답: 4번)
[2026-06-28 13:48:04] [SUCCESS]   ✅ [문항 발견] 27번 문항 추출 완료 (지문길이: 104자 / 정답: 0번)
[2026-06-28 13:48:04] [WARNING]   ⚠️ [에러-보기누락] 6번 문항 폐기 (사유: 보기 ①~④ 없음) -> 원문: "6 × 300 = 900[cm²] 정답  ③..."
[2026-06-28 13:48:04] [SUCCESS]   ✅ [문항 발견] 28번 문항 추출 완료 (지문길이: 79자 / 정답: 2번)
[2026-06-28 13:48:04] [SUCCESS]   ✅ [문항 발견] 29번 문항 추출 완료 (지문길이: 28자 / 정답: 2번)
[2026-06-28 13:48:04] [SUCCESS]   ✅ [문항 발견] 30번 문항 추출 완료 (지문길이: 49자 / 정답: 2번)
[2026-06-28 13:48:04] [SUCCESS]   ✅ [문항 발견] 31번 문항 추출 완료 (지문길이: 115자 / 정답: 3번)
[2026-06-28 13:48:04] [SUCCESS]   ✅ [문항 발견] 32번 문항 추출 완료 (지문길이: 93자 / 정답: 1번)
[2026-06-28 13:48:04] [SUCCESS]   ✅ [문항 발견] 33번 문항 추출 완료 (지문길이: 30자 / 정답: 1번)
[2026-06-28 13:48:04] [SUCCESS]   ✅ [문항 발견] 34번 문항 추출 완료 (지문길이: 19자 / 정답: 1번)
[2026-06-28 13:48:04] [SUCCESS]   ✅ [문항 발견] 35번 문항 추출 완료 (지문길이: 34자 / 정답: 2번)
[2026-06-28 13:48:04] [SUCCESS]   ✅ [문항 발견] 36번 문항 추출 완료 (지문길이: 49자 / 정답: 3번)
[2026-06-28 13:48:04] [SUCCESS]   ✅ [문항 발견] 37번 문항 추출 완료 (지문길이: 45자 / 정답: 2번)
[2026-06-28 13:48:04] [SUCCESS]   ✅ [문항 발견] 38번 문항 추출 완료 (지문길이: 18자 / 정답: 3번)
[2026-06-28 13:48:04] [SUCCESS]   ✅ [문항 발견] 39번 문항 추출 완료 (지문길이: 21자 / 정답: 2번)
[2026-06-28 13:48:04] [SUCCESS]   ✅ [문항 발견] 40번 문항 추출 완료 (지문길이: 68자 / 정답: 1번)
[2026-06-28 13:48:04] [SUCCESS]   ✅ [문항 발견] 41번 문항 추출 완료 (지문길이: 67자 / 정답: 1번)
[2026-06-28 13:48:04] [SUCCESS]   ✅ [문항 발견] 42번 문항 추출 완료 (지문길이: 68자 / 정답: 4번)
[2026-06-28 13:48:04] [SUCCESS]   ✅ [문항 발견] 43번 문항 추출 완료 (지문길이: 43자 / 정답: 3번)
[2026-06-28 13:48:04] [SUCCESS]   ✅ [문항 발견] 44번 문항 추출 완료 (지문길이: 22자 / 정답: 3번)
[2026-06-28 13:48:04] [SUCCESS]   ✅ [문항 발견] 45번 문항 추출 완료 (지문길이: 32자 / 정답: 2번)
[2026-06-28 13:48:04] [SUCCESS]   ✅ [문항 발견] 46번 문항 추출 완료 (지문길이: 46자 / 정답: 4번)
[2026-06-28 13:48:04] [SUCCESS]   ✅ [문항 발견] 47번 문항 추출 완료 (지문길이: 25자 / 정답: 2번)
[2026-06-28 13:48:04] [SUCCESS]   ✅ [문항 발견] 48번 문항 추출 완료 (지문길이: 20자 / 정답: 3번)
[2026-06-28 13:48:04] [SUCCESS]   ✅ [문항 발견] 49번 문항 추출 완료 (지문길이: 21자 / 정답: 4번)
[2026-06-28 13:48:04] [SUCCESS]   ✅ [문항 발견] 50번 문항 추출 완료 (지문길이: 109자 / 정답: 3번)
[2026-06-28 13:48:04] [SUCCESS]   ✅ [문항 발견] 51번 문항 추출 완료 (지문길이: 116자 / 정답: 4번)
[2026-06-28 13:48:04] [SUCCESS]   ✅ [문항 발견] 52번 문항 추출 완료 (지문길이: 19자 / 정답: 1번)
[2026-06-28 13:48:04] [SUCCESS]   ✅ [문항 발견] 53번 문항 추출 완료 (지문길이: 28자 / 정답: 3번)
[2026-06-28 13:48:04] [SUCCESS]   ✅ [문항 발견] 54번 문항 추출 완료 (지문길이: 53자 / 정답: 1번)
[2026-06-28 13:48:04] [SUCCESS]   ✅ [문항 발견] 55번 문항 추출 완료 (지문길이: 54자 / 정답: 1번)
[2026-06-28 13:48:04] [SUCCESS]   ✅ [문항 발견] 56번 문항 추출 완료 (지문길이: 80자 / 정답: 1번)
[2026-06-28 13:48:04] [SUCCESS]   ✅ [문항 발견] 57번 문항 추출 완료 (지문길이: 29자 / 정답: 2번)
[2026-06-28 13:48:04] [SUCCESS]   ✅ [문항 발견] 58번 문항 추출 완료 (지문길이: 27자 / 정답: 1번)
[2026-06-28 13:48:04] [SUCCESS]   ✅ [문항 발견] 59번 문항 추출 완료 (지문길이: 74자 / 정답: 3번)
[2026-06-28 13:48:04] [SUCCESS]   ✅ [문항 발견] 60번 문항 추출 완료 (지문길이: 22자 / 정답: 1번)
[2026-06-28 13:48:04] [SUCCESS]   ✅ [문항 발견] 1번 문항 추출 완료 (지문길이: 29자 / 정답: 2번)
[2026-06-28 13:48:04] [SUCCESS]   ✅ [문항 발견] 2번 문항 추출 완료 (지문길이: 24자 / 정답: 2번)
[2026-06-28 13:48:04] [SUCCESS]   ✅ [문항 발견] 3번 문항 추출 완료 (지문길이: 39자 / 정답: 1번)
[2026-06-28 13:48:04] [SUCCESS]   ✅ [문항 발견] 4번 문항 추출 완료 (지문길이: 24자 / 정답: 0번)
[2026-06-28 13:48:04] [WARNING]   ⚠️ [에러-보기누락] 1번 문항 폐기 (사유: 보기 ①~④ 없음) -> 원문: "1.가스의 명칭 및 물성: 가스의 명칭, 가스의 특성(온도와 압력과의 관계, 비중, 색깔, 냄새 유무), 인..."
[2026-06-28 13:48:04] [WARNING]   ⚠️ [에러-보기누락] 2번 문항 폐기 (사유: 보기 ①~④ 없음) -> 원문: "2.이상에 의한 충주의사항, 사고발생시 응급조치를 비치 정답  ①..."
[2026-06-28 13:48:04] [SUCCESS]   ✅ [문항 발견] 5번 문항 추출 완료 (지문길이: 56자 / 정답: 4번)
[2026-06-28 13:48:04] [SUCCESS]   ✅ [문항 발견] 6번 문항 추출 완료 (지문길이: 35자 / 정답: 1번)
[2026-06-28 13:48:04] [SUCCESS]   ✅ [문항 발견] 7번 문항 추출 완료 (지문길이: 144자 / 정답: 4번)
[2026-06-28 13:48:04] [SUCCESS]   ✅ [문항 발견] 8번 문항 추출 완료 (지문길이: 36자 / 정답: 4번)
[2026-06-28 13:48:04] [SUCCESS]   ✅ [문항 발견] 9번 문항 추출 완료 (지문길이: 44자 / 정답: 2번)
[2026-06-28 13:48:04] [SUCCESS]   ✅ [문항 발견] 10번 문항 추출 완료 (지문길이: 31자 / 정답: 4번)
[2026-06-28 13:48:04] [SUCCESS]   ✅ [문항 발견] 11번 문항 추출 완료 (지문길이: 37자 / 정답: 1번)
[2026-06-28 13:48:04] [SUCCESS]   ✅ [문항 발견] 12번 문항 추출 완료 (지문길이: 24자 / 정답: 2번)
[2026-06-28 13:48:04] [SUCCESS]   ✅ [문항 발견] 13번 문항 추출 완료 (지문길이: 27자 / 정답: 1번)
[2026-06-28 13:48:04] [SUCCESS]   ✅ [문항 발견] 14번 문항 추출 완료 (지문길이: 46자 / 정답: 4번)
[2026-06-28 13:48:04] [SUCCESS]   ✅ [문항 발견] 15번 문항 추출 완료 (지문길이: 34자 / 정답: 2번)
[2026-06-28 13:48:04] [SUCCESS]   ✅ [문항 발견] 16번 문항 추출 완료 (지문길이: 35자 / 정답: 2번)
[2026-06-28 13:48:04] [SUCCESS]   ✅ [문항 발견] 17번 문항 추출 완료 (지문길이: 67자 / 정답: 3번)
[2026-06-28 13:48:04] [SUCCESS]   ✅ [문항 발견] 18번 문항 추출 완료 (지문길이: 30자 / 정답: 1번)
[2026-06-28 13:48:04] [SUCCESS]   ✅ [문항 발견] 19번 문항 추출 완료 (지문길이: 72자 / 정답: 3번)
[2026-06-28 13:48:04] [SUCCESS]   ✅ [문항 발견] 20번 문항 추출 완료 (지문길이: 52자 / 정답: 3번)
[2026-06-28 13:48:04] [SUCCESS]   ✅ [문항 발견] 21번 문항 추출 완료 (지문길이: 30자 / 정답: 2번)
[2026-06-28 13:48:04] [SUCCESS]   ✅ [문항 발견] 22번 문항 추출 완료 (지문길이: 33자 / 정답: 2번)
[2026-06-28 13:48:04] [SUCCESS]   ✅ [문항 발견] 23번 문항 추출 완료 (지문길이: 72자 / 정답: 1번)
[2026-06-28 13:48:04] [SUCCESS]   ✅ [문항 발견] 24번 문항 추출 완료 (지문길이: 28자 / 정답: 3번)
[2026-06-28 13:48:04] [SUCCESS]   ✅ [문항 발견] 25번 문항 추출 완료 (지문길이: 21자 / 정답: 3번)
[2026-06-28 13:48:04] [SUCCESS]   ✅ [문항 발견] 26번 문항 추출 완료 (지문길이: 56자 / 정답: 4번)
[2026-06-28 13:48:04] [SUCCESS]   ✅ [문항 발견] 27번 문항 추출 완료 (지문길이: 50자 / 정답: 2번)
[2026-06-28 13:48:04] [SUCCESS]   ✅ [문항 발견] 28번 문항 추출 완료 (지문길이: 35자 / 정답: 1번)
[2026-06-28 13:48:04] [SUCCESS]   ✅ [문항 발견] 29번 문항 추출 완료 (지문길이: 35자 / 정답: 2번)
[2026-06-28 13:48:04] [SUCCESS]   ✅ [문항 발견] 30번 문항 추출 완료 (지문길이: 50자 / 정답: 3번)
[2026-06-28 13:48:04] [SUCCESS]   ✅ [문항 발견] 31번 문항 추출 완료 (지문길이: 28자 / 정답: 3번)
[2026-06-28 13:48:04] [SUCCESS]   ✅ [문항 발견] 32번 문항 추출 완료 (지문길이: 39자 / 정답: 4번)
[2026-06-28 13:48:04] [SUCCESS]   ✅ [문항 발견] 33번 문항 추출 완료 (지문길이: 88자 / 정답: 1번)
[2026-06-28 13:48:04] [SUCCESS]   ✅ [문항 발견] 34번 문항 추출 완료 (지문길이: 27자 / 정답: 1번)
[2026-06-28 13:48:04] [SUCCESS]   ✅ [문항 발견] 35번 문항 추출 완료 (지문길이: 24자 / 정답: 4번)
[2026-06-28 13:48:04] [SUCCESS]   ✅ [문항 발견] 36번 문항 추출 완료 (지문길이: 42자 / 정답: 2번)
[2026-06-28 13:48:04] [SUCCESS]   ✅ [문항 발견] 37번 문항 추출 완료 (지문길이: 27자 / 정답: 3번)
[2026-06-28 13:48:04] [SUCCESS]   ✅ [문항 발견] 38번 문항 추출 완료 (지문길이: 44자 / 정답: 1번)
[2026-06-28 13:48:04] [SUCCESS]   ✅ [문항 발견] 39번 문항 추출 완료 (지문길이: 28자 / 정답: 2번)
[2026-06-28 13:48:04] [SUCCESS]   ✅ [문항 발견] 40번 문항 추출 완료 (지문길이: 38자 / 정답: 4번)
[2026-06-28 13:48:04] [SUCCESS]   ✅ [문항 발견] 41번 문항 추출 완료 (지문길이: 49자 / 정답: 1번)
[2026-06-28 13:48:04] [SUCCESS]   ✅ [문항 발견] 42번 문항 추출 완료 (지문길이: 39자 / 정답: 1번)
[2026-06-28 13:48:04] [SUCCESS]   ✅ [문항 발견] 43번 문항 추출 완료 (지문길이: 47자 / 정답: 4번)
[2026-06-28 13:48:04] [SUCCESS]   ✅ [문항 발견] 44번 문항 추출 완료 (지문길이: 38자 / 정답: 2번)
[2026-06-28 13:48:04] [SUCCESS]   ✅ [문항 발견] 45번 문항 추출 완료 (지문길이: 44자 / 정답: 2번)
[2026-06-28 13:48:04] [SUCCESS]   ✅ [문항 발견] 46번 문항 추출 완료 (지문길이: 53자 / 정답: 2번)
[2026-06-28 13:48:04] [SUCCESS]   ✅ [문항 발견] 47번 문항 추출 완료 (지문길이: 120자 / 정답: 3번)
[2026-06-28 13:48:04] [SUCCESS]   ✅ [문항 발견] 48번 문항 추출 완료 (지문길이: 18자 / 정답: 1번)
[2026-06-28 13:48:04] [SUCCESS]   ✅ [문항 발견] 49번 문항 추출 완료 (지문길이: 20자 / 정답: 3번)
[2026-06-28 13:48:04] [SUCCESS]   ✅ [문항 발견] 50번 문항 추출 완료 (지문길이: 58자 / 정답: 4번)
[2026-06-28 13:48:04] [SUCCESS]   ✅ [문항 발견] 51번 문항 추출 완료 (지문길이: 23자 / 정답: 4번)
[2026-06-28 13:48:04] [SUCCESS]   ✅ [문항 발견] 52번 문항 추출 완료 (지문길이: 19자 / 정답: 4번)
[2026-06-28 13:48:04] [SUCCESS]   ✅ [문항 발견] 53번 문항 추출 완료 (지문길이: 18자 / 정답: 3번)
[2026-06-28 13:48:04] [SUCCESS]   ✅ [문항 발견] 54번 문항 추출 완료 (지문길이: 32자 / 정답: 3번)
[2026-06-28 13:48:04] [SUCCESS]   ✅ [문항 발견] 55번 문항 추출 완료 (지문길이: 19자 / 정답: 4번)
[2026-06-28 13:48:04] [SUCCESS]   ✅ [문항 발견] 56번 문항 추출 완료 (지문길이: 34자 / 정답: 4번)
[2026-06-28 13:48:04] [SUCCESS]   ✅ [문항 발견] 57번 문항 추출 완료 (지문길이: 37자 / 정답: 2번)
[2026-06-28 13:48:04] [SUCCESS]   ✅ [문항 발견] 58번 문항 추출 완료 (지문길이: 19자 / 정답: 1번)
[2026-06-28 13:48:04] [SUCCESS]   ✅ [문항 발견] 59번 문항 추출 완료 (지문길이: 37자 / 정답: 2번)
[2026-06-28 13:48:04] [SUCCESS]   ✅ [문항 발견] 60번 문항 추출 완료 (지문길이: 39자 / 정답: 1번)
[2026-06-28 13:48:04] [SUCCESS]   ✅ [문항 발견] 1번 문항 추출 완료 (지문길이: 66자 / 정답: 2번)
[2026-06-28 13:48:04] [SUCCESS]   ✅ [문항 발견] 2번 문항 추출 완료 (지문길이: 41자 / 정답: 3번)
[2026-06-28 13:48:04] [SUCCESS]   ✅ [문항 발견] 3번 문항 추출 완료 (지문길이: 40자 / 정답: 1번)
[2026-06-28 13:48:04] [SUCCESS]   ✅ [문항 발견] 4번 문항 추출 완료 (지문길이: 37자 / 정답: 3번)
[2026-06-28 13:48:04] [SUCCESS]   ✅ [문항 발견] 5번 문항 추출 완료 (지문길이: 35자 / 정답: 2번)
[2026-06-28 13:48:04] [SUCCESS]   ✅ [문항 발견] 6번 문항 추출 완료 (지문길이: 97자 / 정답: 3번)
[2026-06-28 13:48:04] [SUCCESS]   ✅ [문항 발견] 7번 문항 추출 완료 (지문길이: 43자 / 정답: 1번)
[2026-06-28 13:48:04] [SUCCESS]   ✅ [문항 발견] 8번 문항 추출 완료 (지문길이: 69자 / 정답: 3번)
[2026-06-28 13:48:04] [SUCCESS]   ✅ [문항 발견] 9번 문항 추출 완료 (지문길이: 32자 / 정답: 2번)
[2026-06-28 13:48:04] [SUCCESS]   ✅ [문항 발견] 10번 문항 추출 완료 (지문길이: 22자 / 정답: 3번)
[2026-06-28 13:48:04] [SUCCESS]   ✅ [문항 발견] 11번 문항 추출 완료 (지문길이: 67자 / 정답: 3번)
[2026-06-28 13:48:04] [SUCCESS]   ✅ [문항 발견] 12번 문항 추출 완료 (지문길이: 46자 / 정답: 1번)
[2026-06-28 13:48:04] [SUCCESS]   ✅ [문항 발견] 13번 문항 추출 완료 (지문길이: 43자 / 정답: 4번)
[2026-06-28 13:48:04] [SUCCESS]   ✅ [문항 발견] 14번 문항 추출 완료 (지문길이: 31자 / 정답: 4번)
[2026-06-28 13:48:04] [SUCCESS]   ✅ [문항 발견] 15번 문항 추출 완료 (지문길이: 32자 / 정답: 4번)
[2026-06-28 13:48:04] [SUCCESS]   ✅ [문항 발견] 16번 문항 추출 완료 (지문길이: 24자 / 정답: 2번)
[2026-06-28 13:48:04] [SUCCESS]   ✅ [문항 발견] 17번 문항 추출 완료 (지문길이: 83자 / 정답: 3번)
[2026-06-28 13:48:04] [SUCCESS]   ✅ [문항 발견] 18번 문항 추출 완료 (지문길이: 37자 / 정답: 2번)
[2026-06-28 13:48:04] [SUCCESS]   ✅ [문항 발견] 19번 문항 추출 완료 (지문길이: 29자 / 정답: 3번)
[2026-06-28 13:48:04] [SUCCESS]   ✅ [문항 발견] 20번 문항 추출 완료 (지문길이: 21자 / 정답: 1번)
[2026-06-28 13:48:04] [SUCCESS]   ✅ [문항 발견] 21번 문항 추출 완료 (지문길이: 80자 / 정답: 1번)
[2026-06-28 13:48:04] [SUCCESS]   ✅ [문항 발견] 22번 문항 추출 완료 (지문길이: 24자 / 정답: 1번)
[2026-06-28 13:48:04] [SUCCESS]   ✅ [문항 발견] 23번 문항 추출 완료 (지문길이: 30자 / 정답: 3번)
[2026-06-28 13:48:04] [SUCCESS]   ✅ [문항 발견] 24번 문항 추출 완료 (지문길이: 56자 / 정답: 3번)
[2026-06-28 13:48:04] [SUCCESS]   ✅ [문항 발견] 25번 문항 추출 완료 (지문길이: 60자 / 정답: 2번)
[2026-06-28 13:48:04] [SUCCESS]   ✅ [문항 발견] 26번 문항 추출 완료 (지문길이: 26자 / 정답: 4번)
[2026-06-28 13:48:04] [SUCCESS]   ✅ [문항 발견] 27번 문항 추출 완료 (지문길이: 27자 / 정답: 2번)
[2026-06-28 13:48:04] [SUCCESS]   ✅ [문항 발견] 28번 문항 추출 완료 (지문길이: 52자 / 정답: 2번)
[2026-06-28 13:48:04] [SUCCESS]   ✅ [문항 발견] 29번 문항 추출 완료 (지문길이: 20자 / 정답: 4번)
[2026-06-28 13:48:04] [SUCCESS]   ✅ [문항 발견] 30번 문항 추출 완료 (지문길이: 28자 / 정답: 4번)
[2026-06-28 13:48:04] [SUCCESS]   ✅ [문항 발견] 31번 문항 추출 완료 (지문길이: 70자 / 정답: 1번)
[2026-06-28 13:48:04] [SUCCESS]   ✅ [문항 발견] 32번 문항 추출 완료 (지문길이: 25자 / 정답: 1번)
[2026-06-28 13:48:04] [SUCCESS]   ✅ [문항 발견] 33번 문항 추출 완료 (지문길이: 30자 / 정답: 1번)
[2026-06-28 13:48:04] [SUCCESS]   ✅ [문항 발견] 34번 문항 추출 완료 (지문길이: 38자 / 정답: 4번)
[2026-06-28 13:48:04] [SUCCESS]   ✅ [문항 발견] 35번 문항 추출 완료 (지문길이: 41자 / 정답: 3번)
[2026-06-28 13:48:04] [SUCCESS]   ✅ [문항 발견] 36번 문항 추출 완료 (지문길이: 27자 / 정답: 4번)
[2026-06-28 13:48:04] [SUCCESS]   ✅ [문항 발견] 37번 문항 추출 완료 (지문길이: 61자 / 정답: 2번)
[2026-06-28 13:48:04] [SUCCESS]   ✅ [문항 발견] 38번 문항 추출 완료 (지문길이: 40자 / 정답: 4번)
[2026-06-28 13:48:04] [SUCCESS]   ✅ [문항 발견] 39번 문항 추출 완료 (지문길이: 31자 / 정답: 1번)
[2026-06-28 13:48:04] [SUCCESS]   ✅ [문항 발견] 40번 문항 추출 완료 (지문길이: 102자 / 정답: 4번)
[2026-06-28 13:48:04] [SUCCESS]   ✅ [문항 발견] 41번 문항 추출 완료 (지문길이: 36자 / 정답: 1번)
[2026-06-28 13:48:04] [SUCCESS]   ✅ [문항 발견] 42번 문항 추출 완료 (지문길이: 111자 / 정답: 3번)
[2026-06-28 13:48:04] [SUCCESS]   ✅ [문항 발견] 43번 문항 추출 완료 (지문길이: 79자 / 정답: 2번)
[2026-06-28 13:48:04] [SUCCESS]   ✅ [문항 발견] 44번 문항 추출 완료 (지문길이: 32자 / 정답: 1번)
[2026-06-28 13:48:04] [SUCCESS]   ✅ [문항 발견] 45번 문항 추출 완료 (지문길이: 69자 / 정답: 4번)
[2026-06-28 13:48:04] [SUCCESS]   ✅ [문항 발견] 46번 문항 추출 완료 (지문길이: 27자 / 정답: 1번)
[2026-06-28 13:48:04] [SUCCESS]   ✅ [문항 발견] 47번 문항 추출 완료 (지문길이: 18자 / 정답: 3번)
[2026-06-28 13:48:04] [SUCCESS]   ✅ [문항 발견] 48번 문항 추출 완료 (지문길이: 27자 / 정답: 1번)
[2026-06-28 13:48:04] [SUCCESS]   ✅ [문항 발견] 49번 문항 추출 완료 (지문길이: 43자 / 정답: 1번)
[2026-06-28 13:48:04] [SUCCESS]   ✅ [문항 발견] 50번 문항 추출 완료 (지문길이: 21자 / 정답: 4번)
[2026-06-28 13:48:04] [SUCCESS]   ✅ [문항 발견] 51번 문항 추출 완료 (지문길이: 31자 / 정답: 4번)
[2026-06-28 13:48:04] [SUCCESS]   ✅ [문항 발견] 52번 문항 추출 완료 (지문길이: 23자 / 정답: 2번)
[2026-06-28 13:48:04] [SUCCESS]   ✅ [문항 발견] 53번 문항 추출 완료 (지문길이: 29자 / 정답: 2번)
[2026-06-28 13:48:04] [SUCCESS]   ✅ [문항 발견] 54번 문항 추출 완료 (지문길이: 33자 / 정답: 4번)
[2026-06-28 13:48:04] [SUCCESS]   ✅ [문항 발견] 55번 문항 추출 완료 (지문길이: 32자 / 정답: 3번)
[2026-06-28 13:48:04] [SUCCESS]   ✅ [문항 발견] 56번 문항 추출 완료 (지문길이: 19자 / 정답: 1번)
[2026-06-28 13:48:04] [SUCCESS]   ✅ [문항 발견] 57번 문항 추출 완료 (지문길이: 20자 / 정답: 1번)
[2026-06-28 13:48:04] [SUCCESS]   ✅ [문항 발견] 58번 문항 추출 완료 (지문길이: 26자 / 정답: 1번)
[2026-06-28 13:48:04] [SUCCESS]   ✅ [문항 발견] 59번 문항 추출 완료 (지문길이: 25자 / 정답: 4번)
[2026-06-28 13:48:04] [SUCCESS]   ✅ [문항 발견] 60번 문항 추출 완료 (지문길이: 68자 / 정답: 4번)
[2026-06-28 13:48:04] [SUCCESS]   ✅ [문항 발견] 1번 문항 추출 완료 (지문길이: 48자 / 정답: 3번)
[2026-06-28 13:48:04] [SUCCESS]   ✅ [문항 발견] 2번 문항 추출 완료 (지문길이: 54자 / 정답: 1번)
[2026-06-28 13:48:04] [SUCCESS]   ✅ [문항 발견] 3번 문항 추출 완료 (지문길이: 47자 / 정답: 2번)
[2026-06-28 13:48:04] [SUCCESS]   ✅ [문항 발견] 4번 문항 추출 완료 (지문길이: 21자 / 정답: 3번)
[2026-06-28 13:48:04] [SUCCESS]   ✅ [문항 발견] 5번 문항 추출 완료 (지문길이: 26자 / 정답: 4번)
[2026-06-28 13:48:04] [SUCCESS]   ✅ [문항 발견] 6번 문항 추출 완료 (지문길이: 38자 / 정답: 2번)
[2026-06-28 13:48:04] [SUCCESS]   ✅ [문항 발견] 7번 문항 추출 완료 (지문길이: 35자 / 정답: 2번)
[2026-06-28 13:48:04] [SUCCESS]   ✅ [문항 발견] 8번 문항 추출 완료 (지문길이: 39자 / 정답: 2번)
[2026-06-28 13:48:04] [SUCCESS]   ✅ [문항 발견] 9번 문항 추출 완료 (지문길이: 28자 / 정답: 4번)
[2026-06-28 13:48:04] [SUCCESS]   ✅ [문항 발견] 10번 문항 추출 완료 (지문길이: 61자 / 정답: 1번)
[2026-06-28 13:48:04] [SUCCESS]   ✅ [문항 발견] 11번 문항 추출 완료 (지문길이: 30자 / 정답: 4번)
[2026-06-28 13:48:04] [SUCCESS]   ✅ [문항 발견] 12번 문항 추출 완료 (지문길이: 37자 / 정답: 4번)
[2026-06-28 13:48:04] [SUCCESS]   ✅ [문항 발견] 13번 문항 추출 완료 (지문길이: 51자 / 정답: 1번)
[2026-06-28 13:48:04] [SUCCESS]   ✅ [문항 발견] 14번 문항 추출 완료 (지문길이: 91자 / 정답: 2번)
[2026-06-28 13:48:04] [SUCCESS]   ✅ [문항 발견] 15번 문항 추출 완료 (지문길이: 28자 / 정답: 1번)
[2026-06-28 13:48:04] [SUCCESS]   ✅ [문항 발견] 16번 문항 추출 완료 (지문길이: 31자 / 정답: 4번)
[2026-06-28 13:48:04] [SUCCESS]   ✅ [문항 발견] 17번 문항 추출 완료 (지문길이: 37자 / 정답: 4번)
[2026-06-28 13:48:04] [SUCCESS]   ✅ [문항 발견] 18번 문항 추출 완료 (지문길이: 24자 / 정답: 2번)
[2026-06-28 13:48:04] [SUCCESS]   ✅ [문항 발견] 19번 문항 추출 완료 (지문길이: 26자 / 정답: 2번)
[2026-06-28 13:48:04] [SUCCESS]   ✅ [문항 발견] 20번 문항 추출 완료 (지문길이: 74자 / 정답: 4번)
[2026-06-28 13:48:04] [SUCCESS]   ✅ [문항 발견] 21번 문항 추출 완료 (지문길이: 64자 / 정답: 2번)
[2026-06-28 13:48:04] [SUCCESS]   ✅ [문항 발견] 22번 문항 추출 완료 (지문길이: 43자 / 정답: 4번)
[2026-06-28 13:48:04] [SUCCESS]   ✅ [문항 발견] 23번 문항 추출 완료 (지문길이: 39자 / 정답: 2번)
[2026-06-28 13:48:04] [SUCCESS]   ✅ [문항 발견] 24번 문항 추출 완료 (지문길이: 28자 / 정답: 4번)
[2026-06-28 13:48:04] [SUCCESS]   ✅ [문항 발견] 25번 문항 추출 완료 (지문길이: 22자 / 정답: 3번)
[2026-06-28 13:48:04] [SUCCESS]   ✅ [문항 발견] 26번 문항 추출 완료 (지문길이: 35자 / 정답: 4번)
[2026-06-28 13:48:04] [SUCCESS]   ✅ [문항 발견] 27번 문항 추출 완료 (지문길이: 107자 / 정답: 1번)
[2026-06-28 13:48:04] [SUCCESS]   ✅ [문항 발견] 28번 문항 추출 완료 (지문길이: 57자 / 정답: 2번)
[2026-06-28 13:48:04] [SUCCESS]   ✅ [문항 발견] 29번 문항 추출 완료 (지문길이: 49자 / 정답: 3번)
[2026-06-28 13:48:04] [SUCCESS]   ✅ [문항 발견] 30번 문항 추출 완료 (지문길이: 43자 / 정답: 4번)
[2026-06-28 13:48:04] [SUCCESS]   ✅ [문항 발견] 31번 문항 추출 완료 (지문길이: 28자 / 정답: 3번)
[2026-06-28 13:48:04] [SUCCESS]   ✅ [문항 발견] 32번 문항 추출 완료 (지문길이: 32자 / 정답: 4번)
[2026-06-28 13:48:04] [SUCCESS]   ✅ [문항 발견] 33번 문항 추출 완료 (지문길이: 26자 / 정답: 1번)
[2026-06-28 13:48:04] [SUCCESS]   ✅ [문항 발견] 34번 문항 추출 완료 (지문길이: 21자 / 정답: 4번)
[2026-06-28 13:48:04] [SUCCESS]   ✅ [문항 발견] 35번 문항 추출 완료 (지문길이: 41자 / 정답: 1번)
[2026-06-28 13:48:04] [SUCCESS]   ✅ [문항 발견] 36번 문항 추출 완료 (지문길이: 23자 / 정답: 1번)
[2026-06-28 13:48:04] [SUCCESS]   ✅ [문항 발견] 37번 문항 추출 완료 (지문길이: 29자 / 정답: 3번)
[2026-06-28 13:48:04] [SUCCESS]   ✅ [문항 발견] 38번 문항 추출 완료 (지문길이: 49자 / 정답: 1번)
[2026-06-28 13:48:04] [SUCCESS]   ✅ [문항 발견] 39번 문항 추출 완료 (지문길이: 27자 / 정답: 2번)
[2026-06-28 13:48:04] [SUCCESS]   ✅ [문항 발견] 40번 문항 추출 완료 (지문길이: 124자 / 정답: 2번)
[2026-06-28 13:48:04] [SUCCESS]   ✅ [문항 발견] 41번 문항 추출 완료 (지문길이: 38자 / 정답: 2번)
[2026-06-28 13:48:04] [SUCCESS]   ✅ [문항 발견] 42번 문항 추출 완료 (지문길이: 34자 / 정답: 1번)
[2026-06-28 13:48:04] [SUCCESS]   ✅ [문항 발견] 43번 문항 추출 완료 (지문길이: 24자 / 정답: 1번)
[2026-06-28 13:48:04] [SUCCESS]   ✅ [문항 발견] 44번 문항 추출 완료 (지문길이: 101자 / 정답: 1번)
[2026-06-28 13:48:04] [SUCCESS]   ✅ [문항 발견] 45번 문항 추출 완료 (지문길이: 16자 / 정답: 4번)
[2026-06-28 13:48:04] [SUCCESS]   ✅ [문항 발견] 46번 문항 추출 완료 (지문길이: 30자 / 정답: 3번)
[2026-06-28 13:48:04] [SUCCESS]   ✅ [문항 발견] 47번 문항 추출 완료 (지문길이: 75자 / 정답: 3번)
[2026-06-28 13:48:04] [SUCCESS]   ✅ [문항 발견] 48번 문항 추출 완료 (지문길이: 71자 / 정답: 3번)
[2026-06-28 13:48:04] [SUCCESS]   ✅ [문항 발견] 49번 문항 추출 완료 (지문길이: 84자 / 정답: 3번)
[2026-06-28 13:48:04] [SUCCESS]   ✅ [문항 발견] 50번 문항 추출 완료 (지문길이: 97자 / 정답: 0번)
[2026-06-28 13:48:04] [WARNING]   ⚠️ [에러-보기누락] 0번 문항 폐기 (사유: 보기 ①~④ 없음) -> 원문: "0.5 : 250 = 10 : X X = 250×10/0.5 = 5,000[L] = 5[m³] 정답  ②..."
[2026-06-28 13:48:04] [SUCCESS]   ✅ [문항 발견] 51번 문항 추출 완료 (지문길이: 21자 / 정답: 1번)
[2026-06-28 13:48:04] [SUCCESS]   ✅ [문항 발견] 52번 문항 추출 완료 (지문길이: 18자 / 정답: 1번)
[2026-06-28 13:48:04] [SUCCESS]   ✅ [문항 발견] 53번 문항 추출 완료 (지문길이: 27자 / 정답: 1번)
[2026-06-28 13:48:04] [SUCCESS]   ✅ [문항 발견] 54번 문항 추출 완료 (지문길이: 22자 / 정답: 1번)
[2026-06-28 13:48:04] [SUCCESS]   ✅ [문항 발견] 55번 문항 추출 완료 (지문길이: 20자 / 정답: 2번)
[2026-06-28 13:48:04] [SUCCESS]   ✅ [문항 발견] 56번 문항 추출 완료 (지문길이: 10자 / 정답: 1번)
[2026-06-28 13:48:04] [SUCCESS]   ✅ [문항 발견] 57번 문항 추출 완료 (지문길이: 38자 / 정답: 4번)
[2026-06-28 13:48:04] [SUCCESS]   ✅ [문항 발견] 58번 문항 추출 완료 (지문길이: 27자 / 정답: 4번)
[2026-06-28 13:48:04] [SUCCESS]   ✅ [문항 발견] 59번 문항 추출 완료 (지문길이: 22자 / 정답: 1번)
[2026-06-28 13:48:04] [SUCCESS]   ✅ [문항 발견] 60번 문항 추출 완료 (지문길이: 25자 / 정답: 1번)
[2026-06-28 13:48:04] [INFO] -----------------------------------------------------------------
[2026-06-28 13:48:04] [INFO] 
🔄 [3단계] 스마트 그룹핑 (추출된 문항을 회차별로 묶습니다)...
[2026-06-28 13:48:04] [SUCCESS]   📂 [회차 그룹 완성] 2017년 1회 - 총 60문항 묶음 완료
[2026-06-28 13:48:04] [SUCCESS]   📂 [회차 그룹 완성] 2017년 3회 - 총 60문항 묶음 완료
[2026-06-28 13:48:04] [SUCCESS]   📂 [회차 그룹 완성] 2018년 1회 - 총 60문항 묶음 완료
[2026-06-28 13:48:04] [SUCCESS]   📂 [회차 그룹 완성] 2018년 3회 - 총 60문항 묶음 완료
[2026-06-28 13:48:04] [SUCCESS]   📂 [회차 그룹 완성] 2019년 1회 - 총 60문항 묶음 완료
[2026-06-28 13:48:04] [SUCCESS]   📂 [회차 그룹 완성] 2019년 3회 - 총 60문항 묶음 완료
[2026-06-28 13:48:04] [SUCCESS]   📂 [회차 그룹 완성] 2020년 1회 - 총 60문항 묶음 완료
[2026-06-28 13:48:04] [SUCCESS]   📂 [회차 그룹 완성] 2020년 3회 - 총 60문항 묶음 완료
[2026-06-28 13:48:04] [SUCCESS]   📂 [회차 그룹 완성] 2021년 1회 - 총 60문항 묶음 완료
[2026-06-28 13:48:04] [SUCCESS]   📂 [회차 그룹 완성] 2021년 3회 - 총 60문항 묶음 완료
[2026-06-28 13:48:04] [SUCCESS]   📂 [회차 그룹 완성] 2022년 1회 - 총 60문항 묶음 완료
[2026-06-28 13:48:04] [SUCCESS]   📂 [회차 그룹 완성] 2022년 3회 - 총 60문항 묶음 완료
[2026-06-28 13:48:04] [SUCCESS]   📂 [회차 그룹 완성] 2023년 1회 - 총 60문항 묶음 완료
[2026-06-28 13:48:04] [SUCCESS]   📂 [회차 그룹 완성] 2023년 3회 - 총 60문항 묶음 완료
[2026-06-28 13:48:04] [SUCCESS]   📂 [회차 그룹 완성] 2024년 1회 - 총 60문항 묶음 완료
[2026-06-28 13:48:04] [SUCCESS] 
🎉 V11.2 (초정밀 로깅 버전) 스크립트 실행 완료!
[2026-06-28 13:48:04] [INFO] 총 0개의 이미지가 추출되었고, 전체 진행 내역이 '('gas_CBT_2017_2025', '.docx')_20260628_134802.log'에 저장되었습니다.
[2026-06-28 13:48:04] [INFO] 
📊 [각 회차별 문제 변환 상세 보고서]
[2026-06-28 13:48:04] [INFO] -----------------------------------------------------------------
