⏳ [가스기능사] 정밀 디버깅 모드(로그 파일 동시 기록)를 시작합니다...
ℹ️ 입력 파일 경로: gas_CBT_2017_2025.docx
ℹ️ 출력 파일 경로: data/gas/gas_questions.json
ℹ️ 디버그 로그 저장 파일: D:\git\cbt0docx2-json\cbt_conversion_debug.log
---------------------------------------------------------------------------
🛠️ [실시간 파싱 및 상태 전이 로그]
---------------------------------------------------------------------------
🎯 [이름표 상태 전이 포착] 문맥 갱신: 미정년 실전모의 ➔ 2017년 1회
  🔍 문항 스캔 시작 -> [No.2017] 타이틀바인딩: 2017년 1회
🎯 [이름표 상태 전이 포착] 문맥 갱신: 2017년 1회 ➔ 2017년 3회
    ❌ [문항 폐기] 2017번 문항 보기(①~④) 누락으로 최종 구조화 제외.
  🔍 문항 스캔 시작 -> [No.2017] 타이틀바인딩: 2017년 3회
🎯 [이름표 상태 전이 포착] 문맥 갱신: 2017년 3회 ➔ 2018년 1회
    ❌ [문항 폐기] 2017번 문항 보기(①~④) 누락으로 최종 구조화 제외.
  🔍 문항 스캔 시작 -> [No.2018] 타이틀바인딩: 2018년 1회
🎯 [이름표 상태 전이 포착] 문맥 갱신: 2018년 1회 ➔ 2018년 3회
    ❌ [문항 폐기] 2018번 문항 보기(①~④) 누락으로 최종 구조화 제외.
  🔍 문항 스캔 시작 -> [No.2018] 타이틀바인딩: 2018년 3회
ℹ️ [블록 017] 래퍼 표(외곽 틀) 감지 -> 셀 해체 내부 재귀 스캔 수행
    ❌ [문항 폐기] 2018번 문항 보기(①~④) 누락으로 최종 구조화 제외.
  🔍 문항 스캔 시작 -> [No.01] 타이틀바인딩: 2018년 3회
  🔍 문항 스캔 시작 -> [No.02] 타이틀바인딩: 2018년 3회
  🔍 문항 스캔 시작 -> [No.03] 타이틀바인딩: 2018년 3회
  🔍 문항 스캔 시작 -> [No.04] 타이틀바인딩: 2018년 3회
  🔍 문항 스캔 시작 -> [No.05] 타이틀바인딩: 2018년 3회
  🔍 문항 스캔 시작 -> [No.06] 타이틀바인딩: 2018년 3회
  🔍 문항 스캔 시작 -> [No.07] 타이틀바인딩: 2018년 3회
  🔍 문항 스캔 시작 -> [No.08] 타이틀바인딩: 2018년 3회
  🔍 문항 스캔 시작 -> [No.09] 타이틀바인딩: 2018년 3회
  🔍 문항 스캔 시작 -> [No.10] 타이틀바인딩: 2018년 3회
  🔍 문항 스캔 시작 -> [No.11] 타이틀바인딩: 2018년 3회
  🔍 문항 스캔 시작 -> [No.12] 타이틀바인딩: 2018년 3회
  🔍 문항 스캔 시작 -> [No.13] 타이틀바인딩: 2018년 3회
  🔍 문항 스캔 시작 -> [No.44] 타이틀바인딩: 2018년 3회
    ❌ [문항 폐기] 44번 문항 보기(①~④) 누락으로 최종 구조화 제외.
  🔍 문항 스캔 시작 -> [No.14] 타이틀바인딩: 2018년 3회
  🔍 문항 스캔 시작 -> [No.15] 타이틀바인딩: 2018년 3회
  🔍 문항 스캔 시작 -> [No.16] 타이틀바인딩: 2018년 3회
  🔍 문항 스캔 시작 -> [No.17] 타이틀바인딩: 2018년 3회
  🔍 문항 스캔 시작 -> [No.18] 타이틀바인딩: 2018년 3회
  🔍 문항 스캔 시작 -> [No.19] 타이틀바인딩: 2018년 3회
  🔍 문항 스캔 시작 -> [No.20] 타이틀바인딩: 2018년 3회
  🔍 문항 스캔 시작 -> [No.21] 타이틀바인딩: 2018년 3회
  🔍 문항 스캔 시작 -> [No.22] 타이틀바인딩: 2018년 3회
  🔍 문항 스캔 시작 -> [No.23] 타이틀바인딩: 2018년 3회
  🔍 문항 스캔 시작 -> [No.24] 타이틀바인딩: 2018년 3회
  🔍 문항 스캔 시작 -> [No.25] 타이틀바인딩: 2018년 3회
  🔍 문항 스캔 시작 -> [No.500] 타이틀바인딩: 2018년 3회
    ❌ [문항 폐기] 500번 문항 보기(①~④) 누락으로 최종 구조화 제외.
  🔍 문항 스캔 시작 -> [No.01] 타이틀바인딩: 2018년 3회
    ❌ [문항 폐기] 1번 문항 보기(①~④) 누락으로 최종 구조화 제외.
  🔍 문항 스캔 시작 -> [No.26] 타이틀바인딩: 2018년 3회
  🔍 문항 스캔 시작 -> [No.01] 타이틀바인딩: 2018년 3회
    ❌ [문항 폐기] 1번 문항 보기(①~④) 누락으로 최종 구조화 제외.
  🔍 문항 스캔 시작 -> [No.27] 타이틀바인딩: 2018년 3회
  🔍 문항 스캔 시작 -> [No.28] 타이틀바인딩: 2018년 3회
  🔍 문항 스캔 시작 -> [No.100] 타이틀바인딩: 2018년 3회
    ❌ [문항 폐기] 100번 문항 보기(①~④) 누락으로 최종 구조화 제외.
  🔍 문항 스캔 시작 -> [No.29] 타이틀바인딩: 2018년 3회
  🔍 문항 스캔 시작 -> [No.30] 타이틀바인딩: 2018년 3회
  🔍 문항 스캔 시작 -> [No.01] 타이틀바인딩: 2018년 3회
    ❌ [문항 폐기] 1번 문항 보기(①~④) 누락으로 최종 구조화 제외.
  🔍 문항 스캔 시작 -> [No.31] 타이틀바인딩: 2018년 3회
  🔍 문항 스캔 시작 -> [No.32] 타이틀바인딩: 2018년 3회
  🔍 문항 스캔 시작 -> [No.33] 타이틀바인딩: 2018년 3회
  🔍 문항 스캔 시작 -> [No.34] 타이틀바인딩: 2018년 3회
  🔍 문항 스캔 시작 -> [No.35] 타이틀바인딩: 2018년 3회
  🔍 문항 스캔 시작 -> [No.36] 타이틀바인딩: 2018년 3회
  🔍 문항 스캔 시작 -> [No.02] 타이틀바인딩: 2018년 3회
    ❌ [문항 폐기] 2번 문항 보기(①~④) 누락으로 최종 구조화 제외.
  🔍 문항 스캔 시작 -> [No.37] 타이틀바인딩: 2018년 3회
  🔍 문항 스캔 시작 -> [No.38] 타이틀바인딩: 2018년 3회
  🔍 문항 스캔 시작 -> [No.39] 타이틀바인딩: 2018년 3회
  🔍 문항 스캔 시작 -> [No.40] 타이틀바인딩: 2018년 3회
  🔍 문항 스캔 시작 -> [No.41] 타이틀바인딩: 2018년 3회
  🔍 문항 스캔 시작 -> [No.42] 타이틀바인딩: 2018년 3회
  🔍 문항 스캔 시작 -> [No.43] 타이틀바인딩: 2018년 3회
  🔍 문항 스캔 시작 -> [No.44] 타이틀바인딩: 2018년 3회
  🔍 문항 스캔 시작 -> [No.45] 타이틀바인딩: 2018년 3회
  🔍 문항 스캔 시작 -> [No.46] 타이틀바인딩: 2018년 3회
  🔍 문항 스캔 시작 -> [No.47] 타이틀바인딩: 2018년 3회
  🔍 문항 스캔 시작 -> [No.48] 타이틀바인딩: 2018년 3회
  🔍 문항 스캔 시작 -> [No.49] 타이틀바인딩: 2018년 3회
  🔍 문항 스캔 시작 -> [No.50] 타이틀바인딩: 2018년 3회
  🔍 문항 스캔 시작 -> [No.51] 타이틀바인딩: 2018년 3회
  🔍 문항 스캔 시작 -> [No.52] 타이틀바인딩: 2018년 3회
  🔍 문항 스캔 시작 -> [No.53] 타이틀바인딩: 2018년 3회
  🔍 문항 스캔 시작 -> [No.54] 타이틀바인딩: 2018년 3회
  🔍 문항 스캔 시작 -> [No.55] 타이틀바인딩: 2018년 3회
  🔍 문항 스캔 시작 -> [No.56] 타이틀바인딩: 2018년 3회
  🔍 문항 스캔 시작 -> [No.57] 타이틀바인딩: 2018년 3회
  🔍 문항 스캔 시작 -> [No.58] 타이틀바인딩: 2018년 3회
  🔍 문항 스캔 시작 -> [No.59] 타이틀바인딩: 2018년 3회
  🔍 문항 스캔 시작 -> [No.60] 타이틀바인딩: 2018년 3회
🎯 [이름표 상태 전이 포착] 문맥 갱신: 2018년 3회 ➔ 2019년 1회
  🔍 문항 스캔 시작 -> [No.2019] 타이틀바인딩: 2019년 1회
ℹ️ [블록 022] 래퍼 표(외곽 틀) 감지 -> 셀 해체 내부 재귀 스캔 수행
    ❌ [문항 폐기] 2019번 문항 보기(①~④) 누락으로 최종 구조화 제외.
  🔍 문항 스캔 시작 -> [No.01] 타이틀바인딩: 2019년 1회
📦 [회차 마감 동기화] -> 이름표: 2019년 1회 | 포함 문항 수: 60개
  🔍 문항 스캔 시작 -> [No.02] 타이틀바인딩: 2019년 1회
  🔍 문항 스캔 시작 -> [No.03] 타이틀바인딩: 2019년 1회
  🔍 문항 스캔 시작 -> [No.04] 타이틀바인딩: 2019년 1회
  🔍 문항 스캔 시작 -> [No.05] 타이틀바인딩: 2019년 1회
  🔍 문항 스캔 시작 -> [No.06] 타이틀바인딩: 2019년 1회
  🔍 문항 스캔 시작 -> [No.07] 타이틀바인딩: 2019년 1회
  🔍 문항 스캔 시작 -> [No.08] 타이틀바인딩: 2019년 1회
  🔍 문항 스캔 시작 -> [No.09] 타이틀바인딩: 2019년 1회
  🔍 문항 스캔 시작 -> [No.10] 타이틀바인딩: 2019년 1회
  🔍 문항 스캔 시작 -> [No.11] 타이틀바인딩: 2019년 1회
  🔍 문항 스캔 시작 -> [No.12] 타이틀바인딩: 2019년 1회
  🔍 문항 스캔 시작 -> [No.13] 타이틀바인딩: 2019년 1회
  🔍 문항 스캔 시작 -> [No.14] 타이틀바인딩: 2019년 1회
  🔍 문항 스캔 시작 -> [No.15] 타이틀바인딩: 2019년 1회
  🔍 문항 스캔 시작 -> [No.16] 타이틀바인딩: 2019년 1회
  🔍 문항 스캔 시작 -> [No.17] 타이틀바인딩: 2019년 1회
  🔍 문항 스캔 시작 -> [No.18] 타이틀바인딩: 2019년 1회
  🔍 문항 스캔 시작 -> [No.19] 타이틀바인딩: 2019년 1회
  🔍 문항 스캔 시작 -> [No.20] 타이틀바인딩: 2019년 1회
  🔍 문항 스캔 시작 -> [No.21] 타이틀바인딩: 2019년 1회
  🔍 문항 스캔 시작 -> [No.22] 타이틀바인딩: 2019년 1회
  🔍 문항 스캔 시작 -> [No.23] 타이틀바인딩: 2019년 1회
  🔍 문항 스캔 시작 -> [No.24] 타이틀바인딩: 2019년 1회
  🔍 문항 스캔 시작 -> [No.25] 타이틀바인딩: 2019년 1회
  🔍 문항 스캔 시작 -> [No.26] 타이틀바인딩: 2019년 1회
  🔍 문항 스캔 시작 -> [No.27] 타이틀바인딩: 2019년 1회
  🔍 문항 스캔 시작 -> [No.28] 타이틀바인딩: 2019년 1회
  🔍 문항 스캔 시작 -> [No.29] 타이틀바인딩: 2019년 1회
  🔍 문항 스캔 시작 -> [No.30] 타이틀바인딩: 2019년 1회
  🔍 문항 스캔 시작 -> [No.31] 타이틀바인딩: 2019년 1회
  🔍 문항 스캔 시작 -> [No.32] 타이틀바인딩: 2019년 1회
  🔍 문항 스캔 시작 -> [No.33] 타이틀바인딩: 2019년 1회
  🔍 문항 스캔 시작 -> [No.34] 타이틀바인딩: 2019년 1회
  🔍 문항 스캔 시작 -> [No.35] 타이틀바인딩: 2019년 1회
  🔍 문항 스캔 시작 -> [No.01] 타이틀바인딩: 2019년 1회
    ❌ [문항 폐기] 1번 문항 보기(①~④) 누락으로 최종 구조화 제외.
  🔍 문항 스캔 시작 -> [No.02] 타이틀바인딩: 2019년 1회
    ❌ [문항 폐기] 2번 문항 보기(①~④) 누락으로 최종 구조화 제외.
  🔍 문항 스캔 시작 -> [No.36] 타이틀바인딩: 2019년 1회
  🔍 문항 스캔 시작 -> [No.37] 타이틀바인딩: 2019년 1회
  🔍 문항 스캔 시작 -> [No.38] 타이틀바인딩: 2019년 1회
  🔍 문항 스캔 시작 -> [No.39] 타이틀바인딩: 2019년 1회
  🔍 문항 스캔 시작 -> [No.40] 타이틀바인딩: 2019년 1회
  🔍 문항 스캔 시작 -> [No.41] 타이틀바인딩: 2019년 1회
  🔍 문항 스캔 시작 -> [No.42] 타이틀바인딩: 2019년 1회
  🔍 문항 스캔 시작 -> [No.01] 타이틀바인딩: 2019년 1회
    ❌ [문항 폐기] 1번 문항 보기(①~④) 누락으로 최종 구조화 제외.
  🔍 문항 스캔 시작 -> [No.43] 타이틀바인딩: 2019년 1회
  🔍 문항 스캔 시작 -> [No.44] 타이틀바인딩: 2019년 1회
  🔍 문항 스캔 시작 -> [No.45] 타이틀바인딩: 2019년 1회
  🔍 문항 스캔 시작 -> [No.46] 타이틀바인딩: 2019년 1회
  🔍 문항 스캔 시작 -> [No.47] 타이틀바인딩: 2019년 1회
  🔍 문항 스캔 시작 -> [No.48] 타이틀바인딩: 2019년 1회
  🔍 문항 스캔 시작 -> [No.49] 타이틀바인딩: 2019년 1회
  🔍 문항 스캔 시작 -> [No.50] 타이틀바인딩: 2019년 1회
  🔍 문항 스캔 시작 -> [No.10] 타이틀바인딩: 2019년 1회
    ❌ [문항 폐기] 10번 문항 보기(①~④) 누락으로 최종 구조화 제외.
  🔍 문항 스캔 시작 -> [No.51] 타이틀바인딩: 2019년 1회
  🔍 문항 스캔 시작 -> [No.52] 타이틀바인딩: 2019년 1회
  🔍 문항 스캔 시작 -> [No.53] 타이틀바인딩: 2019년 1회
  🔍 문항 스캔 시작 -> [No.54] 타이틀바인딩: 2019년 1회
  🔍 문항 스캔 시작 -> [No.55] 타이틀바인딩: 2019년 1회
  🔍 문항 스캔 시작 -> [No.56] 타이틀바인딩: 2019년 1회
  🔍 문항 스캔 시작 -> [No.57] 타이틀바인딩: 2019년 1회
  🔍 문항 스캔 시작 -> [No.58] 타이틀바인딩: 2019년 1회
  🔍 문항 스캔 시작 -> [No.59] 타이틀바인딩: 2019년 1회
  🔍 문항 스캔 시작 -> [No.60] 타이틀바인딩: 2019년 1회
🎯 [이름표 상태 전이 포착] 문맥 갱신: 2019년 1회 ➔ 2019년 3회
  🔍 문항 스캔 시작 -> [No.2019] 타이틀바인딩: 2019년 3회
ℹ️ [블록 027] 래퍼 표(외곽 틀) 감지 -> 셀 해체 내부 재귀 스캔 수행
    ❌ [문항 폐기] 2019번 문항 보기(①~④) 누락으로 최종 구조화 제외.
  🔍 문항 스캔 시작 -> [No.01] 타이틀바인딩: 2019년 3회
📦 [회차 마감 동기화] -> 이름표: 2019년 3회 | 포함 문항 수: 60개
  🔍 문항 스캔 시작 -> [No.02] 타이틀바인딩: 2019년 3회
  🔍 문항 스캔 시작 -> [No.03] 타이틀바인딩: 2019년 3회
  🔍 문항 스캔 시작 -> [No.04] 타이틀바인딩: 2019년 3회
  🔍 문항 스캔 시작 -> [No.05] 타이틀바인딩: 2019년 3회
  🔍 문항 스캔 시작 -> [No.06] 타이틀바인딩: 2019년 3회
  🔍 문항 스캔 시작 -> [No.50] 타이틀바인딩: 2019년 3회
    ❌ [문항 폐기] 50번 문항 보기(①~④) 누락으로 최종 구조화 제외.
  🔍 문항 스캔 시작 -> [No.07] 타이틀바인딩: 2019년 3회
  🔍 문항 스캔 시작 -> [No.08] 타이틀바인딩: 2019년 3회
  🔍 문항 스캔 시작 -> [No.09] 타이틀바인딩: 2019년 3회
  🔍 문항 스캔 시작 -> [No.10] 타이틀바인딩: 2019년 3회
  🔍 문항 스캔 시작 -> [No.11] 타이틀바인딩: 2019년 3회
  🔍 문항 스캔 시작 -> [No.12] 타이틀바인딩: 2019년 3회
  🔍 문항 스캔 시작 -> [No.13] 타이틀바인딩: 2019년 3회
  🔍 문항 스캔 시작 -> [No.14] 타이틀바인딩: 2019년 3회
  🔍 문항 스캔 시작 -> [No.15] 타이틀바인딩: 2019년 3회
  🔍 문항 스캔 시작 -> [No.16] 타이틀바인딩: 2019년 3회
  🔍 문항 스캔 시작 -> [No.17] 타이틀바인딩: 2019년 3회
  🔍 문항 스캔 시작 -> [No.18] 타이틀바인딩: 2019년 3회
  🔍 문항 스캔 시작 -> [No.19] 타이틀바인딩: 2019년 3회
  🔍 문항 스캔 시작 -> [No.20] 타이틀바인딩: 2019년 3회
  🔍 문항 스캔 시작 -> [No.21] 타이틀바인딩: 2019년 3회
  🔍 문항 스캔 시작 -> [No.22] 타이틀바인딩: 2019년 3회
  🔍 문항 스캔 시작 -> [No.23] 타이틀바인딩: 2019년 3회
  🔍 문항 스캔 시작 -> [No.24] 타이틀바인딩: 2019년 3회
  🔍 문항 스캔 시작 -> [No.25] 타이틀바인딩: 2019년 3회
  🔍 문항 스캔 시작 -> [No.26] 타이틀바인딩: 2019년 3회
  🔍 문항 스캔 시작 -> [No.27] 타이틀바인딩: 2019년 3회
  🔍 문항 스캔 시작 -> [No.28] 타이틀바인딩: 2019년 3회
  🔍 문항 스캔 시작 -> [No.29] 타이틀바인딩: 2019년 3회
  🔍 문항 스캔 시작 -> [No.01] 타이틀바인딩: 2019년 3회
    ❌ [문항 폐기] 1번 문항 보기(①~④) 누락으로 최종 구조화 제외.
  🔍 문항 스캔 시작 -> [No.30] 타이틀바인딩: 2019년 3회
  🔍 문항 스캔 시작 -> [No.31] 타이틀바인딩: 2019년 3회
  🔍 문항 스캔 시작 -> [No.32] 타이틀바인딩: 2019년 3회
  🔍 문항 스캔 시작 -> [No.33] 타이틀바인딩: 2019년 3회
  🔍 문항 스캔 시작 -> [No.34] 타이틀바인딩: 2019년 3회
  🔍 문항 스캔 시작 -> [No.35] 타이틀바인딩: 2019년 3회
  🔍 문항 스캔 시작 -> [No.36] 타이틀바인딩: 2019년 3회
  🔍 문항 스캔 시작 -> [No.37] 타이틀바인딩: 2019년 3회
  🔍 문항 스캔 시작 -> [No.38] 타이틀바인딩: 2019년 3회
  🔍 문항 스캔 시작 -> [No.39] 타이틀바인딩: 2019년 3회
  🔍 문항 스캔 시작 -> [No.40] 타이틀바인딩: 2019년 3회
  🔍 문항 스캔 시작 -> [No.41] 타이틀바인딩: 2019년 3회
  🔍 문항 스캔 시작 -> [No.42] 타이틀바인딩: 2019년 3회
  🔍 문항 스캔 시작 -> [No.43] 타이틀바인딩: 2019년 3회
  🔍 문항 스캔 시작 -> [No.44] 타이틀바인딩: 2019년 3회
  🔍 문항 스캔 시작 -> [No.45] 타이틀바인딩: 2019년 3회
  🔍 문항 스캔 시작 -> [No.46] 타이틀바인딩: 2019년 3회
  🔍 문항 스캔 시작 -> [No.47] 타이틀바인딩: 2019년 3회
  🔍 문항 스캔 시작 -> [No.48] 타이틀바인딩: 2019년 3회
  🔍 문항 스캔 시작 -> [No.49] 타이틀바인딩: 2019년 3회
  🔍 문항 스캔 시작 -> [No.50] 타이틀바인딩: 2019년 3회
  🔍 문항 스캔 시작 -> [No.51] 타이틀바인딩: 2019년 3회
  🔍 문항 스캔 시작 -> [No.01] 타이틀바인딩: 2019년 3회
    ❌ [문항 폐기] 1번 문항 보기(①~④) 누락으로 최종 구조화 제외.
  🔍 문항 스캔 시작 -> [No.52] 타이틀바인딩: 2019년 3회
  🔍 문항 스캔 시작 -> [No.08] 타이틀바인딩: 2019년 3회
    ❌ [문항 폐기] 8번 문항 보기(①~④) 누락으로 최종 구조화 제외.
  🔍 문항 스캔 시작 -> [No.53] 타이틀바인딩: 2019년 3회
  🔍 문항 스캔 시작 -> [No.54] 타이틀바인딩: 2019년 3회
  🔍 문항 스캔 시작 -> [No.55] 타이틀바인딩: 2019년 3회
  🔍 문항 스캔 시작 -> [No.56] 타이틀바인딩: 2019년 3회
  🔍 문항 스캔 시작 -> [No.44] 타이틀바인딩: 2019년 3회
    ❌ [문항 폐기] 44번 문항 보기(①~④) 누락으로 최종 구조화 제외.
  🔍 문항 스캔 시작 -> [No.57] 타이틀바인딩: 2019년 3회
  🔍 문항 스캔 시작 -> [No.58] 타이틀바인딩: 2019년 3회
  🔍 문항 스캔 시작 -> [No.59] 타이틀바인딩: 2019년 3회
  🔍 문항 스캔 시작 -> [No.10] 타이틀바인딩: 2019년 3회
    ❌ [문항 폐기] 10번 문항 보기(①~④) 누락으로 최종 구조화 제외.
  🔍 문항 스캔 시작 -> [No.00] 타이틀바인딩: 2019년 3회
    ❌ [문항 폐기] 0번 문항 보기(①~④) 누락으로 최종 구조화 제외.
  🔍 문항 스캔 시작 -> [No.60] 타이틀바인딩: 2019년 3회
🎯 [이름표 상태 전이 포착] 문맥 갱신: 2019년 3회 ➔ 2020년 1회
  🔍 문항 스캔 시작 -> [No.2020] 타이틀바인딩: 2020년 1회
ℹ️ [블록 032] 래퍼 표(외곽 틀) 감지 -> 셀 해체 내부 재귀 스캔 수행
    ❌ [문항 폐기] 2020번 문항 보기(①~④) 누락으로 최종 구조화 제외.
  🔍 문항 스캔 시작 -> [No.01] 타이틀바인딩: 2020년 1회
📦 [회차 마감 동기화] -> 이름표: 2020년 1회 | 포함 문항 수: 60개
  🔍 문항 스캔 시작 -> [No.02] 타이틀바인딩: 2020년 1회
  🔍 문항 스캔 시작 -> [No.03] 타이틀바인딩: 2020년 1회
  🔍 문항 스캔 시작 -> [No.01] 타이틀바인딩: 2020년 1회
    ❌ [문항 폐기] 1번 문항 보기(①~④) 누락으로 최종 구조화 제외.
  🔍 문항 스캔 시작 -> [No.04] 타이틀바인딩: 2020년 1회
  🔍 문항 스캔 시작 -> [No.05] 타이틀바인딩: 2020년 1회
  🔍 문항 스캔 시작 -> [No.06] 타이틀바인딩: 2020년 1회
  🔍 문항 스캔 시작 -> [No.07] 타이틀바인딩: 2020년 1회
  🔍 문항 스캔 시작 -> [No.08] 타이틀바인딩: 2020년 1회
  🔍 문항 스캔 시작 -> [No.09] 타이틀바인딩: 2020년 1회
  🔍 문항 스캔 시작 -> [No.10] 타이틀바인딩: 2020년 1회
  🔍 문항 스캔 시작 -> [No.11] 타이틀바인딩: 2020년 1회
  🔍 문항 스캔 시작 -> [No.12] 타이틀바인딩: 2020년 1회
  🔍 문항 스캔 시작 -> [No.13] 타이틀바인딩: 2020년 1회
  🔍 문항 스캔 시작 -> [No.14] 타이틀바인딩: 2020년 1회
  🔍 문항 스캔 시작 -> [No.15] 타이틀바인딩: 2020년 1회
  🔍 문항 스캔 시작 -> [No.16] 타이틀바인딩: 2020년 1회
  🔍 문항 스캔 시작 -> [No.17] 타이틀바인딩: 2020년 1회
  🔍 문항 스캔 시작 -> [No.18] 타이틀바인딩: 2020년 1회
  🔍 문항 스캔 시작 -> [No.19] 타이틀바인딩: 2020년 1회
  🔍 문항 스캔 시작 -> [No.20] 타이틀바인딩: 2020년 1회
  🔍 문항 스캔 시작 -> [No.21] 타이틀바인딩: 2020년 1회
  🔍 문항 스캔 시작 -> [No.22] 타이틀바인딩: 2020년 1회
  🔍 문항 스캔 시작 -> [No.23] 타이틀바인딩: 2020년 1회
  🔍 문항 스캔 시작 -> [No.24] 타이틀바인딩: 2020년 1회
  🔍 문항 스캔 시작 -> [No.02] 타이틀바인딩: 2020년 1회
    ❌ [문항 폐기] 2번 문항 보기(①~④) 누락으로 최종 구조화 제외.
  🔍 문항 스캔 시작 -> [No.25] 타이틀바인딩: 2020년 1회
  🔍 문항 스캔 시작 -> [No.26] 타이틀바인딩: 2020년 1회
  🔍 문항 스캔 시작 -> [No.27] 타이틀바인딩: 2020년 1회
  🔍 문항 스캔 시작 -> [No.28] 타이틀바인딩: 2020년 1회
  🔍 문항 스캔 시작 -> [No.29] 타이틀바인딩: 2020년 1회
  🔍 문항 스캔 시작 -> [No.30] 타이틀바인딩: 2020년 1회
  🔍 문항 스캔 시작 -> [No.00] 타이틀바인딩: 2020년 1회
    ❌ [문항 폐기] 0번 문항 보기(①~④) 누락으로 최종 구조화 제외.
  🔍 문항 스캔 시작 -> [No.01] 타이틀바인딩: 2020년 1회
    ❌ [문항 폐기] 1번 문항 보기(①~④) 누락으로 최종 구조화 제외.
  🔍 문항 스캔 시작 -> [No.02] 타이틀바인딩: 2020년 1회
    ❌ [문항 폐기] 2번 문항 보기(①~④) 누락으로 최종 구조화 제외.
  🔍 문항 스캔 시작 -> [No.31] 타이틀바인딩: 2020년 1회
  🔍 문항 스캔 시작 -> [No.32] 타이틀바인딩: 2020년 1회
  🔍 문항 스캔 시작 -> [No.33] 타이틀바인딩: 2020년 1회
  🔍 문항 스캔 시작 -> [No.760] 타이틀바인딩: 2020년 1회
    ❌ [문항 폐기] 760번 문항 보기(①~④) 누락으로 최종 구조화 제외.
  🔍 문항 스캔 시작 -> [No.34] 타이틀바인딩: 2020년 1회
  🔍 문항 스캔 시작 -> [No.35] 타이틀바인딩: 2020년 1회
  🔍 문항 스캔 시작 -> [No.36] 타이틀바인딩: 2020년 1회
  🔍 문항 스캔 시작 -> [No.37] 타이틀바인딩: 2020년 1회
  🔍 문항 스캔 시작 -> [No.38] 타이틀바인딩: 2020년 1회
  🔍 문항 스캔 시작 -> [No.39] 타이틀바인딩: 2020년 1회
  🔍 문항 스캔 시작 -> [No.40] 타이틀바인딩: 2020년 1회
  🔍 문항 스캔 시작 -> [No.41] 타이틀바인딩: 2020년 1회
  🔍 문항 스캔 시작 -> [No.42] 타이틀바인딩: 2020년 1회
  🔍 문항 스캔 시작 -> [No.43] 타이틀바인딩: 2020년 1회
  🔍 문항 스캔 시작 -> [No.44] 타이틀바인딩: 2020년 1회
  🔍 문항 스캔 시작 -> [No.45] 타이틀바인딩: 2020년 1회
  🔍 문항 스캔 시작 -> [No.46] 타이틀바인딩: 2020년 1회
  🔍 문항 스캔 시작 -> [No.47] 타이틀바인딩: 2020년 1회
  🔍 문항 스캔 시작 -> [No.48] 타이틀바인딩: 2020년 1회
  🔍 문항 스캔 시작 -> [No.49] 타이틀바인딩: 2020년 1회
  🔍 문항 스캔 시작 -> [No.50] 타이틀바인딩: 2020년 1회
  🔍 문항 스캔 시작 -> [No.51] 타이틀바인딩: 2020년 1회
  🔍 문항 스캔 시작 -> [No.52] 타이틀바인딩: 2020년 1회
  🔍 문항 스캔 시작 -> [No.53] 타이틀바인딩: 2020년 1회
  🔍 문항 스캔 시작 -> [No.54] 타이틀바인딩: 2020년 1회
  🔍 문항 스캔 시작 -> [No.55] 타이틀바인딩: 2020년 1회
  🔍 문항 스캔 시작 -> [No.56] 타이틀바인딩: 2020년 1회
  🔍 문항 스캔 시작 -> [No.57] 타이틀바인딩: 2020년 1회
  🔍 문항 스캔 시작 -> [No.58] 타이틀바인딩: 2020년 1회
  🔍 문항 스캔 시작 -> [No.59] 타이틀바인딩: 2020년 1회
  🔍 문항 스캔 시작 -> [No.60] 타이틀바인딩: 2020년 1회
🎯 [이름표 상태 전이 포착] 문맥 갱신: 2020년 1회 ➔ 2020년 3회
  🔍 문항 스캔 시작 -> [No.2020] 타이틀바인딩: 2020년 3회
ℹ️ [블록 036] 래퍼 표(외곽 틀) 감지 -> 셀 해체 내부 재귀 스캔 수행
    ❌ [문항 폐기] 2020번 문항 보기(①~④) 누락으로 최종 구조화 제외.
  🔍 문항 스캔 시작 -> [No.01] 타이틀바인딩: 2020년 3회
📦 [회차 마감 동기화] -> 이름표: 2020년 3회 | 포함 문항 수: 60개
  🔍 문항 스캔 시작 -> [No.02] 타이틀바인딩: 2020년 3회
  🔍 문항 스캔 시작 -> [No.03] 타이틀바인딩: 2020년 3회
  🔍 문항 스캔 시작 -> [No.04] 타이틀바인딩: 2020년 3회
  🔍 문항 스캔 시작 -> [No.05] 타이틀바인딩: 2020년 3회
  🔍 문항 스캔 시작 -> [No.06] 타이틀바인딩: 2020년 3회
  🔍 문항 스캔 시작 -> [No.07] 타이틀바인딩: 2020년 3회
  🔍 문항 스캔 시작 -> [No.02] 타이틀바인딩: 2020년 3회
    ❌ [문항 폐기] 2번 문항 보기(①~④) 누락으로 최종 구조화 제외.
  🔍 문항 스캔 시작 -> [No.02] 타이틀바인딩: 2020년 3회
    ❌ [문항 폐기] 2번 문항 보기(①~④) 누락으로 최종 구조화 제외.
  🔍 문항 스캔 시작 -> [No.80] 타이틀바인딩: 2020년 3회
    ❌ [문항 폐기] 80번 문항 보기(①~④) 누락으로 최종 구조화 제외.
  🔍 문항 스캔 시작 -> [No.08] 타이틀바인딩: 2020년 3회
  🔍 문항 스캔 시작 -> [No.09] 타이틀바인딩: 2020년 3회
  🔍 문항 스캔 시작 -> [No.10] 타이틀바인딩: 2020년 3회
  🔍 문항 스캔 시작 -> [No.11] 타이틀바인딩: 2020년 3회
  🔍 문항 스캔 시작 -> [No.12] 타이틀바인딩: 2020년 3회
  🔍 문항 스캔 시작 -> [No.13] 타이틀바인딩: 2020년 3회
  🔍 문항 스캔 시작 -> [No.14] 타이틀바인딩: 2020년 3회
  🔍 문항 스캔 시작 -> [No.15] 타이틀바인딩: 2020년 3회
  🔍 문항 스캔 시작 -> [No.16] 타이틀바인딩: 2020년 3회
  🔍 문항 스캔 시작 -> [No.17] 타이틀바인딩: 2020년 3회
  🔍 문항 스캔 시작 -> [No.18] 타이틀바인딩: 2020년 3회
  🔍 문항 스캔 시작 -> [No.19] 타이틀바인딩: 2020년 3회
  🔍 문항 스캔 시작 -> [No.20] 타이틀바인딩: 2020년 3회
  🔍 문항 스캔 시작 -> [No.21] 타이틀바인딩: 2020년 3회
  🔍 문항 스캔 시작 -> [No.22] 타이틀바인딩: 2020년 3회
  🔍 문항 스캔 시작 -> [No.23] 타이틀바인딩: 2020년 3회
  🔍 문항 스캔 시작 -> [No.24] 타이틀바인딩: 2020년 3회
  🔍 문항 스캔 시작 -> [No.25] 타이틀바인딩: 2020년 3회
  🔍 문항 스캔 시작 -> [No.26] 타이틀바인딩: 2020년 3회
  🔍 문항 스캔 시작 -> [No.27] 타이틀바인딩: 2020년 3회
  🔍 문항 스캔 시작 -> [No.28] 타이틀바인딩: 2020년 3회
  🔍 문항 스캔 시작 -> [No.08] 타이틀바인딩: 2020년 3회
    ❌ [문항 폐기] 8번 문항 보기(①~④) 누락으로 최종 구조화 제외.
  🔍 문항 스캔 시작 -> [No.29] 타이틀바인딩: 2020년 3회
  🔍 문항 스캔 시작 -> [No.30] 타이틀바인딩: 2020년 3회
  🔍 문항 스캔 시작 -> [No.31] 타이틀바인딩: 2020년 3회
  🔍 문항 스캔 시작 -> [No.32] 타이틀바인딩: 2020년 3회
  🔍 문항 스캔 시작 -> [No.33] 타이틀바인딩: 2020년 3회
  🔍 문항 스캔 시작 -> [No.34] 타이틀바인딩: 2020년 3회
  🔍 문항 스캔 시작 -> [No.35] 타이틀바인딩: 2020년 3회
  🔍 문항 스캔 시작 -> [No.36] 타이틀바인딩: 2020년 3회
  🔍 문항 스캔 시작 -> [No.37] 타이틀바인딩: 2020년 3회
  🔍 문항 스캔 시작 -> [No.38] 타이틀바인딩: 2020년 3회
  🔍 문항 스캔 시작 -> [No.39] 타이틀바인딩: 2020년 3회
  🔍 문항 스캔 시작 -> [No.40] 타이틀바인딩: 2020년 3회
  🔍 문항 스캔 시작 -> [No.41] 타이틀바인딩: 2020년 3회
  🔍 문항 스캔 시작 -> [No.42] 타이틀바인딩: 2020년 3회
  🔍 문항 스캔 시작 -> [No.43] 타이틀바인딩: 2020년 3회
  🔍 문항 스캔 시작 -> [No.44] 타이틀바인딩: 2020년 3회
  🔍 문항 스캔 시작 -> [No.45] 타이틀바인딩: 2020년 3회
  🔍 문항 스캔 시작 -> [No.46] 타이틀바인딩: 2020년 3회
  🔍 문항 스캔 시작 -> [No.47] 타이틀바인딩: 2020년 3회
  🔍 문항 스캔 시작 -> [No.48] 타이틀바인딩: 2020년 3회
  🔍 문항 스캔 시작 -> [No.49] 타이틀바인딩: 2020년 3회
  🔍 문항 스캔 시작 -> [No.50] 타이틀바인딩: 2020년 3회
  🔍 문항 스캔 시작 -> [No.51] 타이틀바인딩: 2020년 3회
  🔍 문항 스캔 시작 -> [No.52] 타이틀바인딩: 2020년 3회
  🔍 문항 스캔 시작 -> [No.53] 타이틀바인딩: 2020년 3회
  🔍 문항 스캔 시작 -> [No.54] 타이틀바인딩: 2020년 3회
  🔍 문항 스캔 시작 -> [No.01] 타이틀바인딩: 2020년 3회
    ❌ [문항 폐기] 1번 문항 보기(①~④) 누락으로 최종 구조화 제외.
  🔍 문항 스캔 시작 -> [No.55] 타이틀바인딩: 2020년 3회
  🔍 문항 스캔 시작 -> [No.56] 타이틀바인딩: 2020년 3회
  🔍 문항 스캔 시작 -> [No.57] 타이틀바인딩: 2020년 3회
  🔍 문항 스캔 시작 -> [No.58] 타이틀바인딩: 2020년 3회
  🔍 문항 스캔 시작 -> [No.59] 타이틀바인딩: 2020년 3회
  🔍 문항 스캔 시작 -> [No.60] 타이틀바인딩: 2020년 3회
🎯 [이름표 상태 전이 포착] 문맥 갱신: 2020년 3회 ➔ 2021년 1회
  🔍 문항 스캔 시작 -> [No.2021] 타이틀바인딩: 2021년 1회
ℹ️ [블록 041] 래퍼 표(외곽 틀) 감지 -> 셀 해체 내부 재귀 스캔 수행
    ❌ [문항 폐기] 2021번 문항 보기(①~④) 누락으로 최종 구조화 제외.
  🔍 문항 스캔 시작 -> [No.01] 타이틀바인딩: 2021년 1회
📦 [회차 마감 동기화] -> 이름표: 2021년 1회 | 포함 문항 수: 60개
  🔍 문항 스캔 시작 -> [No.02] 타이틀바인딩: 2021년 1회
  🔍 문항 스캔 시작 -> [No.03] 타이틀바인딩: 2021년 1회
  🔍 문항 스캔 시작 -> [No.04] 타이틀바인딩: 2021년 1회
  🔍 문항 스캔 시작 -> [No.05] 타이틀바인딩: 2021년 1회
  🔍 문항 스캔 시작 -> [No.06] 타이틀바인딩: 2021년 1회
  🔍 문항 스캔 시작 -> [No.07] 타이틀바인딩: 2021년 1회
  🔍 문항 스캔 시작 -> [No.08] 타이틀바인딩: 2021년 1회
  🔍 문항 스캔 시작 -> [No.09] 타이틀바인딩: 2021년 1회
  🔍 문항 스캔 시작 -> [No.10] 타이틀바인딩: 2021년 1회
  🔍 문항 스캔 시작 -> [No.11] 타이틀바인딩: 2021년 1회
  🔍 문항 스캔 시작 -> [No.12] 타이틀바인딩: 2021년 1회
  🔍 문항 스캔 시작 -> [No.13] 타이틀바인딩: 2021년 1회
  🔍 문항 스캔 시작 -> [No.14] 타이틀바인딩: 2021년 1회
  🔍 문항 스캔 시작 -> [No.15] 타이틀바인딩: 2021년 1회
  🔍 문항 스캔 시작 -> [No.16] 타이틀바인딩: 2021년 1회
  🔍 문항 스캔 시작 -> [No.17] 타이틀바인딩: 2021년 1회
  🔍 문항 스캔 시작 -> [No.18] 타이틀바인딩: 2021년 1회
  🔍 문항 스캔 시작 -> [No.01] 타이틀바인딩: 2021년 1회
    ❌ [문항 폐기] 1번 문항 보기(①~④) 누락으로 최종 구조화 제외.
  🔍 문항 스캔 시작 -> [No.19] 타이틀바인딩: 2021년 1회
  🔍 문항 스캔 시작 -> [No.20] 타이틀바인딩: 2021년 1회
  🔍 문항 스캔 시작 -> [No.21] 타이틀바인딩: 2021년 1회
  🔍 문항 스캔 시작 -> [No.22] 타이틀바인딩: 2021년 1회
  🔍 문항 스캔 시작 -> [No.23] 타이틀바인딩: 2021년 1회
  🔍 문항 스캔 시작 -> [No.24] 타이틀바인딩: 2021년 1회
  🔍 문항 스캔 시작 -> [No.200] 타이틀바인딩: 2021년 1회
    ❌ [문항 폐기] 200번 문항 보기(①~④) 누락으로 최종 구조화 제외.
  🔍 문항 스캔 시작 -> [No.25] 타이틀바인딩: 2021년 1회
  🔍 문항 스캔 시작 -> [No.26] 타이틀바인딩: 2021년 1회
  🔍 문항 스캔 시작 -> [No.27] 타이틀바인딩: 2021년 1회
  🔍 문항 스캔 시작 -> [No.28] 타이틀바인딩: 2021년 1회
  🔍 문항 스캔 시작 -> [No.29] 타이틀바인딩: 2021년 1회
  🔍 문항 스캔 시작 -> [No.30] 타이틀바인딩: 2021년 1회
  🔍 문항 스캔 시작 -> [No.31] 타이틀바인딩: 2021년 1회
  🔍 문항 스캔 시작 -> [No.32] 타이틀바인딩: 2021년 1회
  🔍 문항 스캔 시작 -> [No.33] 타이틀바인딩: 2021년 1회
  🔍 문항 스캔 시작 -> [No.34] 타이틀바인딩: 2021년 1회
  🔍 문항 스캔 시작 -> [No.35] 타이틀바인딩: 2021년 1회
  🔍 문항 스캔 시작 -> [No.36] 타이틀바인딩: 2021년 1회
  🔍 문항 스캔 시작 -> [No.08] 타이틀바인딩: 2021년 1회
    ❌ [문항 폐기] 8번 문항 보기(①~④) 누락으로 최종 구조화 제외.
  🔍 문항 스캔 시작 -> [No.37] 타이틀바인딩: 2021년 1회
  🔍 문항 스캔 시작 -> [No.38] 타이틀바인딩: 2021년 1회
  🔍 문항 스캔 시작 -> [No.39] 타이틀바인딩: 2021년 1회
  🔍 문항 스캔 시작 -> [No.40] 타이틀바인딩: 2021년 1회
  🔍 문항 스캔 시작 -> [No.01] 타이틀바인딩: 2021년 1회
    ❌ [문항 폐기] 1번 문항 보기(①~④) 누락으로 최종 구조화 제외.
  🔍 문항 스캔 시작 -> [No.41] 타이틀바인딩: 2021년 1회
  🔍 문항 스캔 시작 -> [No.42] 타이틀바인딩: 2021년 1회
  🔍 문항 스캔 시작 -> [No.43] 타이틀바인딩: 2021년 1회
  🔍 문항 스캔 시작 -> [No.44] 타이틀바인딩: 2021년 1회
  🔍 문항 스캔 시작 -> [No.45] 타이틀바인딩: 2021년 1회
  🔍 문항 스캔 시작 -> [No.760] 타이틀바인딩: 2021년 1회
    ❌ [문항 폐기] 760번 문항 보기(①~④) 누락으로 최종 구조화 제외.
  🔍 문항 스캔 시작 -> [No.46] 타이틀바인딩: 2021년 1회
  🔍 문항 스캔 시작 -> [No.47] 타이틀바인딩: 2021년 1회
  🔍 문항 스캔 시작 -> [No.48] 타이틀바인딩: 2021년 1회
  🔍 문항 스캔 시작 -> [No.49] 타이틀바인딩: 2021년 1회
  🔍 문항 스캔 시작 -> [No.50] 타이틀바인딩: 2021년 1회
  🔍 문항 스캔 시작 -> [No.51] 타이틀바인딩: 2021년 1회
  🔍 문항 스캔 시작 -> [No.52] 타이틀바인딩: 2021년 1회
  🔍 문항 스캔 시작 -> [No.53] 타이틀바인딩: 2021년 1회
  🔍 문항 스캔 시작 -> [No.54] 타이틀바인딩: 2021년 1회
  🔍 문항 스캔 시작 -> [No.55] 타이틀바인딩: 2021년 1회
  🔍 문항 스캔 시작 -> [No.56] 타이틀바인딩: 2021년 1회
  🔍 문항 스캔 시작 -> [No.57] 타이틀바인딩: 2021년 1회
  🔍 문항 스캔 시작 -> [No.58] 타이틀바인딩: 2021년 1회
  🔍 문항 스캔 시작 -> [No.59] 타이틀바인딩: 2021년 1회
  🔍 문항 스캔 시작 -> [No.60] 타이틀바인딩: 2021년 1회
🎯 [이름표 상태 전이 포착] 문맥 갱신: 2021년 1회 ➔ 2021년 3회
  🔍 문항 스캔 시작 -> [No.2021] 타이틀바인딩: 2021년 3회
ℹ️ [블록 046] 래퍼 표(외곽 틀) 감지 -> 셀 해체 내부 재귀 스캔 수행
    ❌ [문항 폐기] 2021번 문항 보기(①~④) 누락으로 최종 구조화 제외.
  🔍 문항 스캔 시작 -> [No.01] 타이틀바인딩: 2021년 3회
📦 [회차 마감 동기화] -> 이름표: 2021년 3회 | 포함 문항 수: 60개
  🔍 문항 스캔 시작 -> [No.02] 타이틀바인딩: 2021년 3회
  🔍 문항 스캔 시작 -> [No.03] 타이틀바인딩: 2021년 3회
  🔍 문항 스캔 시작 -> [No.04] 타이틀바인딩: 2021년 3회
  🔍 문항 스캔 시작 -> [No.05] 타이틀바인딩: 2021년 3회
  🔍 문항 스캔 시작 -> [No.06] 타이틀바인딩: 2021년 3회
  🔍 문항 스캔 시작 -> [No.07] 타이틀바인딩: 2021년 3회
  🔍 문항 스캔 시작 -> [No.08] 타이틀바인딩: 2021년 3회
  🔍 문항 스캔 시작 -> [No.09] 타이틀바인딩: 2021년 3회
  🔍 문항 스캔 시작 -> [No.10] 타이틀바인딩: 2021년 3회
  🔍 문항 스캔 시작 -> [No.11] 타이틀바인딩: 2021년 3회
  🔍 문항 스캔 시작 -> [No.12] 타이틀바인딩: 2021년 3회
  🔍 문항 스캔 시작 -> [No.13] 타이틀바인딩: 2021년 3회
  🔍 문항 스캔 시작 -> [No.14] 타이틀바인딩: 2021년 3회
  🔍 문항 스캔 시작 -> [No.15] 타이틀바인딩: 2021년 3회
  🔍 문항 스캔 시작 -> [No.16] 타이틀바인딩: 2021년 3회
  🔍 문항 스캔 시작 -> [No.17] 타이틀바인딩: 2021년 3회
  🔍 문항 스캔 시작 -> [No.18] 타이틀바인딩: 2021년 3회
  🔍 문항 스캔 시작 -> [No.19] 타이틀바인딩: 2021년 3회
  🔍 문항 스캔 시작 -> [No.20] 타이틀바인딩: 2021년 3회
  🔍 문항 스캔 시작 -> [No.21] 타이틀바인딩: 2021년 3회
  🔍 문항 스캔 시작 -> [No.22] 타이틀바인딩: 2021년 3회
  🔍 문항 스캔 시작 -> [No.23] 타이틀바인딩: 2021년 3회
  🔍 문항 스캔 시작 -> [No.24] 타이틀바인딩: 2021년 3회
  🔍 문항 스캔 시작 -> [No.25] 타이틀바인딩: 2021년 3회
  🔍 문항 스캔 시작 -> [No.26] 타이틀바인딩: 2021년 3회
  🔍 문항 스캔 시작 -> [No.05] 타이틀바인딩: 2021년 3회
    ❌ [문항 폐기] 5번 문항 보기(①~④) 누락으로 최종 구조화 제외.
  🔍 문항 스캔 시작 -> [No.27] 타이틀바인딩: 2021년 3회
  🔍 문항 스캔 시작 -> [No.28] 타이틀바인딩: 2021년 3회
  🔍 문항 스캔 시작 -> [No.29] 타이틀바인딩: 2021년 3회
  🔍 문항 스캔 시작 -> [No.30] 타이틀바인딩: 2021년 3회
  🔍 문항 스캔 시작 -> [No.31] 타이틀바인딩: 2021년 3회
  🔍 문항 스캔 시작 -> [No.32] 타이틀바인딩: 2021년 3회
  🔍 문항 스캔 시작 -> [No.33] 타이틀바인딩: 2021년 3회
  🔍 문항 스캔 시작 -> [No.34] 타이틀바인딩: 2021년 3회
  🔍 문항 스캔 시작 -> [No.100] 타이틀바인딩: 2021년 3회
    ❌ [문항 폐기] 100번 문항 보기(①~④) 누락으로 최종 구조화 제외.
  🔍 문항 스캔 시작 -> [No.35] 타이틀바인딩: 2021년 3회
  🔍 문항 스캔 시작 -> [No.01] 타이틀바인딩: 2021년 3회
    ❌ [문항 폐기] 1번 문항 보기(①~④) 누락으로 최종 구조화 제외.
  🔍 문항 스캔 시작 -> [No.36] 타이틀바인딩: 2021년 3회
  🔍 문항 스캔 시작 -> [No.37] 타이틀바인딩: 2021년 3회
  🔍 문항 스캔 시작 -> [No.38] 타이틀바인딩: 2021년 3회
  🔍 문항 스캔 시작 -> [No.39] 타이틀바인딩: 2021년 3회
  🔍 문항 스캔 시작 -> [No.40] 타이틀바인딩: 2021년 3회
  🔍 문항 스캔 시작 -> [No.41] 타이틀바인딩: 2021년 3회
  🔍 문항 스캔 시작 -> [No.42] 타이틀바인딩: 2021년 3회
  🔍 문항 스캔 시작 -> [No.43] 타이틀바인딩: 2021년 3회
  🔍 문항 스캔 시작 -> [No.44] 타이틀바인딩: 2021년 3회
  🔍 문항 스캔 시작 -> [No.45] 타이틀바인딩: 2021년 3회
  🔍 문항 스캔 시작 -> [No.46] 타이틀바인딩: 2021년 3회
  🔍 문항 스캔 시작 -> [No.47] 타이틀바인딩: 2021년 3회
  🔍 문항 스캔 시작 -> [No.48] 타이틀바인딩: 2021년 3회
  🔍 문항 스캔 시작 -> [No.49] 타이틀바인딩: 2021년 3회
  🔍 문항 스캔 시작 -> [No.50] 타이틀바인딩: 2021년 3회
  🔍 문항 스캔 시작 -> [No.51] 타이틀바인딩: 2021년 3회
  🔍 문항 스캔 시작 -> [No.52] 타이틀바인딩: 2021년 3회
  🔍 문항 스캔 시작 -> [No.53] 타이틀바인딩: 2021년 3회
  🔍 문항 스캔 시작 -> [No.54] 타이틀바인딩: 2021년 3회
  🔍 문항 스캔 시작 -> [No.55] 타이틀바인딩: 2021년 3회
  🔍 문항 스캔 시작 -> [No.56] 타이틀바인딩: 2021년 3회
  🔍 문항 스캔 시작 -> [No.57] 타이틀바인딩: 2021년 3회
  🔍 문항 스캔 시작 -> [No.58] 타이틀바인딩: 2021년 3회
  🔍 문항 스캔 시작 -> [No.59] 타이틀바인딩: 2021년 3회
  🔍 문항 스캔 시작 -> [No.60] 타이틀바인딩: 2021년 3회
🎯 [이름표 상태 전이 포착] 문맥 갱신: 2021년 3회 ➔ 2022년 1회
  🔍 문항 스캔 시작 -> [No.2022] 타이틀바인딩: 2022년 1회
ℹ️ [블록 051] 래퍼 표(외곽 틀) 감지 -> 셀 해체 내부 재귀 스캔 수행
    ❌ [문항 폐기] 2022번 문항 보기(①~④) 누락으로 최종 구조화 제외.
  🔍 문항 스캔 시작 -> [No.01] 타이틀바인딩: 2022년 1회
📦 [회차 마감 동기화] -> 이름표: 2022년 1회 | 포함 문항 수: 60개
  🔍 문항 스캔 시작 -> [No.02] 타이틀바인딩: 2022년 1회
  🔍 문항 스캔 시작 -> [No.03] 타이틀바인딩: 2022년 1회
  🔍 문항 스캔 시작 -> [No.04] 타이틀바인딩: 2022년 1회
  🔍 문항 스캔 시작 -> [No.05] 타이틀바인딩: 2022년 1회
  🔍 문항 스캔 시작 -> [No.06] 타이틀바인딩: 2022년 1회
  🔍 문항 스캔 시작 -> [No.07] 타이틀바인딩: 2022년 1회
  🔍 문항 스캔 시작 -> [No.08] 타이틀바인딩: 2022년 1회
  🔍 문항 스캔 시작 -> [No.09] 타이틀바인딩: 2022년 1회
  🔍 문항 스캔 시작 -> [No.10] 타이틀바인딩: 2022년 1회
  🔍 문항 스캔 시작 -> [No.11] 타이틀바인딩: 2022년 1회
  🔍 문항 스캔 시작 -> [No.12] 타이틀바인딩: 2022년 1회
  🔍 문항 스캔 시작 -> [No.13] 타이틀바인딩: 2022년 1회
  🔍 문항 스캔 시작 -> [No.14] 타이틀바인딩: 2022년 1회
  🔍 문항 스캔 시작 -> [No.200] 타이틀바인딩: 2022년 1회
    ❌ [문항 폐기] 200번 문항 보기(①~④) 누락으로 최종 구조화 제외.
  🔍 문항 스캔 시작 -> [No.15] 타이틀바인딩: 2022년 1회
  🔍 문항 스캔 시작 -> [No.16] 타이틀바인딩: 2022년 1회
  🔍 문항 스캔 시작 -> [No.17] 타이틀바인딩: 2022년 1회
  🔍 문항 스캔 시작 -> [No.18] 타이틀바인딩: 2022년 1회
  🔍 문항 스캔 시작 -> [No.19] 타이틀바인딩: 2022년 1회
  🔍 문항 스캔 시작 -> [No.20] 타이틀바인딩: 2022년 1회
  🔍 문항 스캔 시작 -> [No.21] 타이틀바인딩: 2022년 1회
  🔍 문항 스캔 시작 -> [No.22] 타이틀바인딩: 2022년 1회
  🔍 문항 스캔 시작 -> [No.23] 타이틀바인딩: 2022년 1회
  🔍 문항 스캔 시작 -> [No.24] 타이틀바인딩: 2022년 1회
  🔍 문항 스캔 시작 -> [No.25] 타이틀바인딩: 2022년 1회
  🔍 문항 스캔 시작 -> [No.26] 타이틀바인딩: 2022년 1회
  🔍 문항 스캔 시작 -> [No.50] 타이틀바인딩: 2022년 1회
    ❌ [문항 폐기] 50번 문항 보기(①~④) 누락으로 최종 구조화 제외.
  🔍 문항 스캔 시작 -> [No.27] 타이틀바인딩: 2022년 1회
  🔍 문항 스캔 시작 -> [No.28] 타이틀바인딩: 2022년 1회
  🔍 문항 스캔 시작 -> [No.29] 타이틀바인딩: 2022년 1회
  🔍 문항 스캔 시작 -> [No.30] 타이틀바인딩: 2022년 1회
  🔍 문항 스캔 시작 -> [No.31] 타이틀바인딩: 2022년 1회
  🔍 문항 스캔 시작 -> [No.32] 타이틀바인딩: 2022년 1회
  🔍 문항 스캔 시작 -> [No.33] 타이틀바인딩: 2022년 1회
  🔍 문항 스캔 시작 -> [No.34] 타이틀바인딩: 2022년 1회
  🔍 문항 스캔 시작 -> [No.35] 타이틀바인딩: 2022년 1회
  🔍 문항 스캔 시작 -> [No.36] 타이틀바인딩: 2022년 1회
  🔍 문항 스캔 시작 -> [No.37] 타이틀바인딩: 2022년 1회
  🔍 문항 스캔 시작 -> [No.38] 타이틀바인딩: 2022년 1회
  🔍 문항 스캔 시작 -> [No.39] 타이틀바인딩: 2022년 1회
  🔍 문항 스캔 시작 -> [No.40] 타이틀바인딩: 2022년 1회
  🔍 문항 스캔 시작 -> [No.41] 타이틀바인딩: 2022년 1회
  🔍 문항 스캔 시작 -> [No.01] 타이틀바인딩: 2022년 1회
    ❌ [문항 폐기] 1번 문항 보기(①~④) 누락으로 최종 구조화 제외.
  🔍 문항 스캔 시작 -> [No.42] 타이틀바인딩: 2022년 1회
  🔍 문항 스캔 시작 -> [No.43] 타이틀바인딩: 2022년 1회
  🔍 문항 스캔 시작 -> [No.44] 타이틀바인딩: 2022년 1회
  🔍 문항 스캔 시작 -> [No.45] 타이틀바인딩: 2022년 1회
  🔍 문항 스캔 시작 -> [No.46] 타이틀바인딩: 2022년 1회
  🔍 문항 스캔 시작 -> [No.47] 타이틀바인딩: 2022년 1회
  🔍 문항 스캔 시작 -> [No.48] 타이틀바인딩: 2022년 1회
  🔍 문항 스캔 시작 -> [No.49] 타이틀바인딩: 2022년 1회
  🔍 문항 스캔 시작 -> [No.50] 타이틀바인딩: 2022년 1회
  🔍 문항 스캔 시작 -> [No.51] 타이틀바인딩: 2022년 1회
  🔍 문항 스캔 시작 -> [No.52] 타이틀바인딩: 2022년 1회
  🔍 문항 스캔 시작 -> [No.53] 타이틀바인딩: 2022년 1회
  🔍 문항 스캔 시작 -> [No.02] 타이틀바인딩: 2022년 1회
    ❌ [문항 폐기] 2번 문항 보기(①~④) 누락으로 최종 구조화 제외.
  🔍 문항 스캔 시작 -> [No.54] 타이틀바인딩: 2022년 1회
  🔍 문항 스캔 시작 -> [No.55] 타이틀바인딩: 2022년 1회
  🔍 문항 스캔 시작 -> [No.56] 타이틀바인딩: 2022년 1회
  🔍 문항 스캔 시작 -> [No.57] 타이틀바인딩: 2022년 1회
  🔍 문항 스캔 시작 -> [No.58] 타이틀바인딩: 2022년 1회
  🔍 문항 스캔 시작 -> [No.59] 타이틀바인딩: 2022년 1회
  🔍 문항 스캔 시작 -> [No.60] 타이틀바인딩: 2022년 1회
🎯 [이름표 상태 전이 포착] 문맥 갱신: 2022년 1회 ➔ 2022년 3회
  🔍 문항 스캔 시작 -> [No.2022] 타이틀바인딩: 2022년 3회
ℹ️ [블록 056] 래퍼 표(외곽 틀) 감지 -> 셀 해체 내부 재귀 스캔 수행
    ❌ [문항 폐기] 2022번 문항 보기(①~④) 누락으로 최종 구조화 제외.
  🔍 문항 스캔 시작 -> [No.01] 타이틀바인딩: 2022년 3회
📦 [회차 마감 동기화] -> 이름표: 2022년 3회 | 포함 문항 수: 60개
  🔍 문항 스캔 시작 -> [No.01] 타이틀바인딩: 2022년 3회
    ❌ [문항 폐기] 1번 문항 보기(①~④) 누락으로 최종 구조화 제외.
  🔍 문항 스캔 시작 -> [No.02] 타이틀바인딩: 2022년 3회
  🔍 문항 스캔 시작 -> [No.03] 타이틀바인딩: 2022년 3회
  🔍 문항 스캔 시작 -> [No.04] 타이틀바인딩: 2022년 3회
  🔍 문항 스캔 시작 -> [No.05] 타이틀바인딩: 2022년 3회
  🔍 문항 스캔 시작 -> [No.06] 타이틀바인딩: 2022년 3회
  🔍 문항 스캔 시작 -> [No.07] 타이틀바인딩: 2022년 3회
  🔍 문항 스캔 시작 -> [No.08] 타이틀바인딩: 2022년 3회
  🔍 문항 스캔 시작 -> [No.09] 타이틀바인딩: 2022년 3회
  🔍 문항 스캔 시작 -> [No.10] 타이틀바인딩: 2022년 3회
  🔍 문항 스캔 시작 -> [No.11] 타이틀바인딩: 2022년 3회
  🔍 문항 스캔 시작 -> [No.03] 타이틀바인딩: 2022년 3회
    ❌ [문항 폐기] 3번 문항 보기(①~④) 누락으로 최종 구조화 제외.
  🔍 문항 스캔 시작 -> [No.12] 타이틀바인딩: 2022년 3회
  🔍 문항 스캔 시작 -> [No.13] 타이틀바인딩: 2022년 3회
  🔍 문항 스캔 시작 -> [No.14] 타이틀바인딩: 2022년 3회
  🔍 문항 스캔 시작 -> [No.15] 타이틀바인딩: 2022년 3회
  🔍 문항 스캔 시작 -> [No.16] 타이틀바인딩: 2022년 3회
  🔍 문항 스캔 시작 -> [No.17] 타이틀바인딩: 2022년 3회
  🔍 문항 스캔 시작 -> [No.18] 타이틀바인딩: 2022년 3회
  🔍 문항 스캔 시작 -> [No.19] 타이틀바인딩: 2022년 3회
  🔍 문항 스캔 시작 -> [No.02] 타이틀바인딩: 2022년 3회
    ❌ [문항 폐기] 2번 문항 보기(①~④) 누락으로 최종 구조화 제외.
  🔍 문항 스캔 시작 -> [No.20] 타이틀바인딩: 2022년 3회
  🔍 문항 스캔 시작 -> [No.21] 타이틀바인딩: 2022년 3회
  🔍 문항 스캔 시작 -> [No.22] 타이틀바인딩: 2022년 3회
  🔍 문항 스캔 시작 -> [No.23] 타이틀바인딩: 2022년 3회
  🔍 문항 스캔 시작 -> [No.02] 타이틀바인딩: 2022년 3회
    ❌ [문항 폐기] 2번 문항 보기(①~④) 누락으로 최종 구조화 제외.
  🔍 문항 스캔 시작 -> [No.24] 타이틀바인딩: 2022년 3회
  🔍 문항 스캔 시작 -> [No.25] 타이틀바인딩: 2022년 3회
  🔍 문항 스캔 시작 -> [No.26] 타이틀바인딩: 2022년 3회
  🔍 문항 스캔 시작 -> [No.50] 타이틀바인딩: 2022년 3회
    ❌ [문항 폐기] 50번 문항 보기(①~④) 누락으로 최종 구조화 제외.
  🔍 문항 스캔 시작 -> [No.27] 타이틀바인딩: 2022년 3회
  🔍 문항 스캔 시작 -> [No.28] 타이틀바인딩: 2022년 3회
  🔍 문항 스캔 시작 -> [No.29] 타이틀바인딩: 2022년 3회
  🔍 문항 스캔 시작 -> [No.30] 타이틀바인딩: 2022년 3회
  🔍 문항 스캔 시작 -> [No.31] 타이틀바인딩: 2022년 3회
  🔍 문항 스캔 시작 -> [No.16] 타이틀바인딩: 2022년 3회
    ❌ [문항 폐기] 16번 문항 보기(①~④) 누락으로 최종 구조화 제외.
  🔍 문항 스캔 시작 -> [No.32] 타이틀바인딩: 2022년 3회
  🔍 문항 스캔 시작 -> [No.33] 타이틀바인딩: 2022년 3회
  🔍 문항 스캔 시작 -> [No.34] 타이틀바인딩: 2022년 3회
  🔍 문항 스캔 시작 -> [No.35] 타이틀바인딩: 2022년 3회
  🔍 문항 스캔 시작 -> [No.36] 타이틀바인딩: 2022년 3회
  🔍 문항 스캔 시작 -> [No.37] 타이틀바인딩: 2022년 3회
  🔍 문항 스캔 시작 -> [No.38] 타이틀바인딩: 2022년 3회
  🔍 문항 스캔 시작 -> [No.39] 타이틀바인딩: 2022년 3회
  🔍 문항 스캔 시작 -> [No.40] 타이틀바인딩: 2022년 3회
  🔍 문항 스캔 시작 -> [No.41] 타이틀바인딩: 2022년 3회
  🔍 문항 스캔 시작 -> [No.42] 타이틀바인딩: 2022년 3회
  🔍 문항 스캔 시작 -> [No.43] 타이틀바인딩: 2022년 3회
  🔍 문항 스캔 시작 -> [No.44] 타이틀바인딩: 2022년 3회
  🔍 문항 스캔 시작 -> [No.45] 타이틀바인딩: 2022년 3회
  🔍 문항 스캔 시작 -> [No.46] 타이틀바인딩: 2022년 3회
  🔍 문항 스캔 시작 -> [No.47] 타이틀바인딩: 2022년 3회
  🔍 문항 스캔 시작 -> [No.48] 타이틀바인딩: 2022년 3회
  🔍 문항 스캔 시작 -> [No.00] 타이틀바인딩: 2022년 3회
    ❌ [문항 폐기] 0번 문항 보기(①~④) 누락으로 최종 구조화 제외.
  🔍 문항 스캔 시작 -> [No.49] 타이틀바인딩: 2022년 3회
  🔍 문항 스캔 시작 -> [No.50] 타이틀바인딩: 2022년 3회
  🔍 문항 스캔 시작 -> [No.51] 타이틀바인딩: 2022년 3회
  🔍 문항 스캔 시작 -> [No.52] 타이틀바인딩: 2022년 3회
  🔍 문항 스캔 시작 -> [No.53] 타이틀바인딩: 2022년 3회
  🔍 문항 스캔 시작 -> [No.44] 타이틀바인딩: 2022년 3회
    ❌ [문항 폐기] 44번 문항 보기(①~④) 누락으로 최종 구조화 제외.
  🔍 문항 스캔 시작 -> [No.54] 타이틀바인딩: 2022년 3회
  🔍 문항 스캔 시작 -> [No.55] 타이틀바인딩: 2022년 3회
  🔍 문항 스캔 시작 -> [No.56] 타이틀바인딩: 2022년 3회
  🔍 문항 스캔 시작 -> [No.57] 타이틀바인딩: 2022년 3회
  🔍 문항 스캔 시작 -> [No.58] 타이틀바인딩: 2022년 3회
  🔍 문항 스캔 시작 -> [No.59] 타이틀바인딩: 2022년 3회
  🔍 문항 스캔 시작 -> [No.60] 타이틀바인딩: 2022년 3회
🎯 [이름표 상태 전이 포착] 문맥 갱신: 2022년 3회 ➔ 2023년 1회
  🔍 문항 스캔 시작 -> [No.2023] 타이틀바인딩: 2023년 1회
ℹ️ [블록 061] 래퍼 표(외곽 틀) 감지 -> 셀 해체 내부 재귀 스캔 수행
    ❌ [문항 폐기] 2023번 문항 보기(①~④) 누락으로 최종 구조화 제외.
  🔍 문항 스캔 시작 -> [No.01] 타이틀바인딩: 2023년 1회
📦 [회차 마감 동기화] -> 이름표: 2023년 1회 | 포함 문항 수: 60개
  🔍 문항 스캔 시작 -> [No.02] 타이틀바인딩: 2023년 1회
  🔍 문항 스캔 시작 -> [No.03] 타이틀바인딩: 2023년 1회
  🔍 문항 스캔 시작 -> [No.04] 타이틀바인딩: 2023년 1회
  🔍 문항 스캔 시작 -> [No.05] 타이틀바인딩: 2023년 1회
  🔍 문항 스캔 시작 -> [No.06] 타이틀바인딩: 2023년 1회
  🔍 문항 스캔 시작 -> [No.07] 타이틀바인딩: 2023년 1회
  🔍 문항 스캔 시작 -> [No.08] 타이틀바인딩: 2023년 1회
  🔍 문항 스캔 시작 -> [No.09] 타이틀바인딩: 2023년 1회
  🔍 문항 스캔 시작 -> [No.10] 타이틀바인딩: 2023년 1회
  🔍 문항 스캔 시작 -> [No.11] 타이틀바인딩: 2023년 1회
  🔍 문항 스캔 시작 -> [No.12] 타이틀바인딩: 2023년 1회
  🔍 문항 스캔 시작 -> [No.13] 타이틀바인딩: 2023년 1회
  🔍 문항 스캔 시작 -> [No.14] 타이틀바인딩: 2023년 1회
  🔍 문항 스캔 시작 -> [No.15] 타이틀바인딩: 2023년 1회
  🔍 문항 스캔 시작 -> [No.16] 타이틀바인딩: 2023년 1회
  🔍 문항 스캔 시작 -> [No.17] 타이틀바인딩: 2023년 1회
  🔍 문항 스캔 시작 -> [No.18] 타이틀바인딩: 2023년 1회
  🔍 문항 스캔 시작 -> [No.01] 타이틀바인딩: 2023년 1회
    ❌ [문항 폐기] 1번 문항 보기(①~④) 누락으로 최종 구조화 제외.
  🔍 문항 스캔 시작 -> [No.19] 타이틀바인딩: 2023년 1회
  🔍 문항 스캔 시작 -> [No.20] 타이틀바인딩: 2023년 1회
  🔍 문항 스캔 시작 -> [No.44] 타이틀바인딩: 2023년 1회
    ❌ [문항 폐기] 44번 문항 보기(①~④) 누락으로 최종 구조화 제외.
  🔍 문항 스캔 시작 -> [No.21] 타이틀바인딩: 2023년 1회
  🔍 문항 스캔 시작 -> [No.22] 타이틀바인딩: 2023년 1회
  🔍 문항 스캔 시작 -> [No.23] 타이틀바인딩: 2023년 1회
  🔍 문항 스캔 시작 -> [No.24] 타이틀바인딩: 2023년 1회
  🔍 문항 스캔 시작 -> [No.25] 타이틀바인딩: 2023년 1회
  🔍 문항 스캔 시작 -> [No.26] 타이틀바인딩: 2023년 1회
  🔍 문항 스캔 시작 -> [No.27] 타이틀바인딩: 2023년 1회
  🔍 문항 스캔 시작 -> [No.02] 타이틀바인딩: 2023년 1회
    ❌ [문항 폐기] 2번 문항 보기(①~④) 누락으로 최종 구조화 제외.
  🔍 문항 스캔 시작 -> [No.28] 타이틀바인딩: 2023년 1회
  🔍 문항 스캔 시작 -> [No.29] 타이틀바인딩: 2023년 1회
  🔍 문항 스캔 시작 -> [No.30] 타이틀바인딩: 2023년 1회
  🔍 문항 스캔 시작 -> [No.31] 타이틀바인딩: 2023년 1회
  🔍 문항 스캔 시작 -> [No.32] 타이틀바인딩: 2023년 1회
  🔍 문항 스캔 시작 -> [No.33] 타이틀바인딩: 2023년 1회
  🔍 문항 스캔 시작 -> [No.34] 타이틀바인딩: 2023년 1회
  🔍 문항 스캔 시작 -> [No.35] 타이틀바인딩: 2023년 1회
  🔍 문항 스캔 시작 -> [No.36] 타이틀바인딩: 2023년 1회
  🔍 문항 스캔 시작 -> [No.37] 타이틀바인딩: 2023년 1회
  🔍 문항 스캔 시작 -> [No.38] 타이틀바인딩: 2023년 1회
  🔍 문항 스캔 시작 -> [No.39] 타이틀바인딩: 2023년 1회
  🔍 문항 스캔 시작 -> [No.40] 타이틀바인딩: 2023년 1회
  🔍 문항 스캔 시작 -> [No.41] 타이틀바인딩: 2023년 1회
  🔍 문항 스캔 시작 -> [No.42] 타이틀바인딩: 2023년 1회
  🔍 문항 스캔 시작 -> [No.43] 타이틀바인딩: 2023년 1회
  🔍 문항 스캔 시작 -> [No.44] 타이틀바인딩: 2023년 1회
  🔍 문항 스캔 시작 -> [No.45] 타이틀바인딩: 2023년 1회
  🔍 문항 스캔 시작 -> [No.46] 타이틀바인딩: 2023년 1회
  🔍 문항 스캔 시작 -> [No.47] 타이틀바인딩: 2023년 1회
  🔍 문항 스캔 시작 -> [No.48] 타이틀바인딩: 2023년 1회
  🔍 문항 스캔 시작 -> [No.49] 타이틀바인딩: 2023년 1회
  🔍 문항 스캔 시작 -> [No.200] 타이틀바인딩: 2023년 1회
    ❌ [문항 폐기] 200번 문항 보기(①~④) 누락으로 최종 구조화 제외.
  🔍 문항 스캔 시작 -> [No.50] 타이틀바인딩: 2023년 1회
  🔍 문항 스캔 시작 -> [No.51] 타이틀바인딩: 2023년 1회
  🔍 문항 스캔 시작 -> [No.52] 타이틀바인딩: 2023년 1회
  🔍 문항 스캔 시작 -> [No.53] 타이틀바인딩: 2023년 1회
  🔍 문항 스캔 시작 -> [No.50] 타이틀바인딩: 2023년 1회
    ❌ [문항 폐기] 50번 문항 보기(①~④) 누락으로 최종 구조화 제외.
  🔍 문항 스캔 시작 -> [No.01] 타이틀바인딩: 2023년 1회
    ❌ [문항 폐기] 1번 문항 보기(①~④) 누락으로 최종 구조화 제외.
  🔍 문항 스캔 시작 -> [No.54] 타이틀바인딩: 2023년 1회
  🔍 문항 스캔 시작 -> [No.55] 타이틀바인딩: 2023년 1회
  🔍 문항 스캔 시작 -> [No.56] 타이틀바인딩: 2023년 1회
  🔍 문항 스캔 시작 -> [No.57] 타이틀바인딩: 2023년 1회
  🔍 문항 스캔 시작 -> [No.58] 타이틀바인딩: 2023년 1회
  🔍 문항 스캔 시작 -> [No.59] 타이틀바인딩: 2023년 1회
  🔍 문항 스캔 시작 -> [No.60] 타이틀바인딩: 2023년 1회
🎯 [이름표 상태 전이 포착] 문맥 갱신: 2023년 1회 ➔ 2023년 3회
  🔍 문항 스캔 시작 -> [No.2023] 타이틀바인딩: 2023년 3회
ℹ️ [블록 066] 래퍼 표(외곽 틀) 감지 -> 셀 해체 내부 재귀 스캔 수행
    ❌ [문항 폐기] 2023번 문항 보기(①~④) 누락으로 최종 구조화 제외.
  🔍 문항 스캔 시작 -> [No.01] 타이틀바인딩: 2023년 3회
📦 [회차 마감 동기화] -> 이름표: 2023년 3회 | 포함 문항 수: 60개
  🔍 문항 스캔 시작 -> [No.02] 타이틀바인딩: 2023년 3회
  🔍 문항 스캔 시작 -> [No.03] 타이틀바인딩: 2023년 3회
  🔍 문항 스캔 시작 -> [No.04] 타이틀바인딩: 2023년 3회
  🔍 문항 스캔 시작 -> [No.05] 타이틀바인딩: 2023년 3회
  🔍 문항 스캔 시작 -> [No.06] 타이틀바인딩: 2023년 3회
  🔍 문항 스캔 시작 -> [No.07] 타이틀바인딩: 2023년 3회
  🔍 문항 스캔 시작 -> [No.08] 타이틀바인딩: 2023년 3회
  🔍 문항 스캔 시작 -> [No.09] 타이틀바인딩: 2023년 3회
  🔍 문항 스캔 시작 -> [No.10] 타이틀바인딩: 2023년 3회
  🔍 문항 스캔 시작 -> [No.44] 타이틀바인딩: 2023년 3회
    ❌ [문항 폐기] 44번 문항 보기(①~④) 누락으로 최종 구조화 제외.
  🔍 문항 스캔 시작 -> [No.11] 타이틀바인딩: 2023년 3회
  🔍 문항 스캔 시작 -> [No.12] 타이틀바인딩: 2023년 3회
  🔍 문항 스캔 시작 -> [No.13] 타이틀바인딩: 2023년 3회
  🔍 문항 스캔 시작 -> [No.14] 타이틀바인딩: 2023년 3회
  🔍 문항 스캔 시작 -> [No.15] 타이틀바인딩: 2023년 3회
  🔍 문항 스캔 시작 -> [No.16] 타이틀바인딩: 2023년 3회
  🔍 문항 스캔 시작 -> [No.50] 타이틀바인딩: 2023년 3회
    ❌ [문항 폐기] 50번 문항 보기(①~④) 누락으로 최종 구조화 제외.
  🔍 문항 스캔 시작 -> [No.17] 타이틀바인딩: 2023년 3회
  🔍 문항 스캔 시작 -> [No.18] 타이틀바인딩: 2023년 3회
  🔍 문항 스캔 시작 -> [No.19] 타이틀바인딩: 2023년 3회
  🔍 문항 스캔 시작 -> [No.20] 타이틀바인딩: 2023년 3회
  🔍 문항 스캔 시작 -> [No.21] 타이틀바인딩: 2023년 3회
  🔍 문항 스캔 시작 -> [No.22] 타이틀바인딩: 2023년 3회
  🔍 문항 스캔 시작 -> [No.23] 타이틀바인딩: 2023년 3회
  🔍 문항 스캔 시작 -> [No.24] 타이틀바인딩: 2023년 3회
  🔍 문항 스캔 시작 -> [No.25] 타이틀바인딩: 2023년 3회
  🔍 문항 스캔 시작 -> [No.26] 타이틀바인딩: 2023년 3회
  🔍 문항 스캔 시작 -> [No.27] 타이틀바인딩: 2023년 3회
  🔍 문항 스캔 시작 -> [No.28] 타이틀바인딩: 2023년 3회
  🔍 문항 스캔 시작 -> [No.29] 타이틀바인딩: 2023년 3회
  🔍 문항 스캔 시작 -> [No.30] 타이틀바인딩: 2023년 3회
  🔍 문항 스캔 시작 -> [No.31] 타이틀바인딩: 2023년 3회
  🔍 문항 스캔 시작 -> [No.32] 타이틀바인딩: 2023년 3회
  🔍 문항 스캔 시작 -> [No.33] 타이틀바인딩: 2023년 3회
  🔍 문항 스캔 시작 -> [No.34] 타이틀바인딩: 2023년 3회
  🔍 문항 스캔 시작 -> [No.35] 타이틀바인딩: 2023년 3회
  🔍 문항 스캔 시작 -> [No.36] 타이틀바인딩: 2023년 3회
  🔍 문항 스캔 시작 -> [No.37] 타이틀바인딩: 2023년 3회
  🔍 문항 스캔 시작 -> [No.38] 타이틀바인딩: 2023년 3회
  🔍 문항 스캔 시작 -> [No.39] 타이틀바인딩: 2023년 3회
  🔍 문항 스캔 시작 -> [No.40] 타이틀바인딩: 2023년 3회
  🔍 문항 스캔 시작 -> [No.41] 타이틀바인딩: 2023년 3회
  🔍 문항 스캔 시작 -> [No.42] 타이틀바인딩: 2023년 3회
  🔍 문항 스캔 시작 -> [No.43] 타이틀바인딩: 2023년 3회
  🔍 문항 스캔 시작 -> [No.44] 타이틀바인딩: 2023년 3회
  🔍 문항 스캔 시작 -> [No.45] 타이틀바인딩: 2023년 3회
  🔍 문항 스캔 시작 -> [No.46] 타이틀바인딩: 2023년 3회
  🔍 문항 스캔 시작 -> [No.47] 타이틀바인딩: 2023년 3회
  🔍 문항 스캔 시작 -> [No.48] 타이틀바인딩: 2023년 3회
  🔍 문항 스캔 시작 -> [No.00] 타이틀바인딩: 2023년 3회
    ❌ [문항 폐기] 0번 문항 보기(①~④) 누락으로 최종 구조화 제외.
  🔍 문항 스캔 시작 -> [No.49] 타이틀바인딩: 2023년 3회
  🔍 문항 스캔 시작 -> [No.50] 타이틀바인딩: 2023년 3회
  🔍 문항 스캔 시작 -> [No.05] 타이틀바인딩: 2023년 3회
    ❌ [문항 폐기] 5번 문항 보기(①~④) 누락으로 최종 구조화 제외.
  🔍 문항 스캔 시작 -> [No.51] 타이틀바인딩: 2023년 3회
  🔍 문항 스캔 시작 -> [No.52] 타이틀바인딩: 2023년 3회
  🔍 문항 스캔 시작 -> [No.08] 타이틀바인딩: 2023년 3회
    ❌ [문항 폐기] 8번 문항 보기(①~④) 누락으로 최종 구조화 제외.
  🔍 문항 스캔 시작 -> [No.53] 타이틀바인딩: 2023년 3회
  🔍 문항 스캔 시작 -> [No.54] 타이틀바인딩: 2023년 3회
  🔍 문항 스캔 시작 -> [No.55] 타이틀바인딩: 2023년 3회
  🔍 문항 스캔 시작 -> [No.56] 타이틀바인딩: 2023년 3회
  🔍 문항 스캔 시작 -> [No.50] 타이틀바인딩: 2023년 3회
    ❌ [문항 폐기] 50번 문항 보기(①~④) 누락으로 최종 구조화 제외.
  🔍 문항 스캔 시작 -> [No.57] 타이틀바인딩: 2023년 3회
  🔍 문항 스캔 시작 -> [No.58] 타이틀바인딩: 2023년 3회
  🔍 문항 스캔 시작 -> [No.59] 타이틀바인딩: 2023년 3회
  🔍 문항 스캔 시작 -> [No.10] 타이틀바인딩: 2023년 3회
    ❌ [문항 폐기] 10번 문항 보기(①~④) 누락으로 최종 구조화 제외.
  🔍 문항 스캔 시작 -> [No.60] 타이틀바인딩: 2023년 3회
🎯 [이름표 상태 전이 포착] 문맥 갱신: 2023년 3회 ➔ 2024년 1회
  🔍 문항 스캔 시작 -> [No.2024] 타이틀바인딩: 2024년 1회
ℹ️ [블록 071] 래퍼 표(외곽 틀) 감지 -> 셀 해체 내부 재귀 스캔 수행
    ❌ [문항 폐기] 2024번 문항 보기(①~④) 누락으로 최종 구조화 제외.
  🔍 문항 스캔 시작 -> [No.01] 타이틀바인딩: 2024년 1회
📦 [회차 마감 동기화] -> 이름표: 2024년 1회 | 포함 문항 수: 60개
  🔍 문항 스캔 시작 -> [No.02] 타이틀바인딩: 2024년 1회
  🔍 문항 스캔 시작 -> [No.03] 타이틀바인딩: 2024년 1회
  🔍 문항 스캔 시작 -> [No.04] 타이틀바인딩: 2024년 1회
  🔍 문항 스캔 시작 -> [No.05] 타이틀바인딩: 2024년 1회
  🔍 문항 스캔 시작 -> [No.06] 타이틀바인딩: 2024년 1회
  🔍 문항 스캔 시작 -> [No.07] 타이틀바인딩: 2024년 1회
  🔍 문항 스캔 시작 -> [No.08] 타이틀바인딩: 2024년 1회
  🔍 문항 스캔 시작 -> [No.09] 타이틀바인딩: 2024년 1회
  🔍 문항 스캔 시작 -> [No.10] 타이틀바인딩: 2024년 1회
  🔍 문항 스캔 시작 -> [No.11] 타이틀바인딩: 2024년 1회
  🔍 문항 스캔 시작 -> [No.12] 타이틀바인딩: 2024년 1회
  🔍 문항 스캔 시작 -> [No.13] 타이틀바인딩: 2024년 1회
  🔍 문항 스캔 시작 -> [No.14] 타이틀바인딩: 2024년 1회
  🔍 문항 스캔 시작 -> [No.15] 타이틀바인딩: 2024년 1회
  🔍 문항 스캔 시작 -> [No.16] 타이틀바인딩: 2024년 1회
  🔍 문항 스캔 시작 -> [No.17] 타이틀바인딩: 2024년 1회
  🔍 문항 스캔 시작 -> [No.18] 타이틀바인딩: 2024년 1회
  🔍 문항 스캔 시작 -> [No.19] 타이틀바인딩: 2024년 1회
  🔍 문항 스캔 시작 -> [No.20] 타이틀바인딩: 2024년 1회
  🔍 문항 스캔 시작 -> [No.21] 타이틀바인딩: 2024년 1회
  🔍 문항 스캔 시작 -> [No.01] 타이틀바인딩: 2024년 1회
    ❌ [문항 폐기] 1번 문항 보기(①~④) 누락으로 최종 구조화 제외.
  🔍 문항 스캔 시작 -> [No.03] 타이틀바인딩: 2024년 1회
    ❌ [문항 폐기] 3번 문항 보기(①~④) 누락으로 최종 구조화 제외.
  🔍 문항 스캔 시작 -> [No.22] 타이틀바인딩: 2024년 1회
  🔍 문항 스캔 시작 -> [No.23] 타이틀바인딩: 2024년 1회
  🔍 문항 스캔 시작 -> [No.24] 타이틀바인딩: 2024년 1회
  🔍 문항 스캔 시작 -> [No.300] 타이틀바인딩: 2024년 1회
    ❌ [문항 폐기] 300번 문항 보기(①~④) 누락으로 최종 구조화 제외.
  🔍 문항 스캔 시작 -> [No.25] 타이틀바인딩: 2024년 1회
  🔍 문항 스캔 시작 -> [No.26] 타이틀바인딩: 2024년 1회
  🔍 문항 스캔 시작 -> [No.27] 타이틀바인딩: 2024년 1회
  🔍 문항 스캔 시작 -> [No.06] 타이틀바인딩: 2024년 1회
    ❌ [문항 폐기] 6번 문항 보기(①~④) 누락으로 최종 구조화 제외.
  🔍 문항 스캔 시작 -> [No.28] 타이틀바인딩: 2024년 1회
  🔍 문항 스캔 시작 -> [No.29] 타이틀바인딩: 2024년 1회
  🔍 문항 스캔 시작 -> [No.30] 타이틀바인딩: 2024년 1회
  🔍 문항 스캔 시작 -> [No.31] 타이틀바인딩: 2024년 1회
  🔍 문항 스캔 시작 -> [No.32] 타이틀바인딩: 2024년 1회
  🔍 문항 스캔 시작 -> [No.33] 타이틀바인딩: 2024년 1회
  🔍 문항 스캔 시작 -> [No.34] 타이틀바인딩: 2024년 1회
  🔍 문항 스캔 시작 -> [No.35] 타이틀바인딩: 2024년 1회
  🔍 문항 스캔 시작 -> [No.36] 타이틀바인딩: 2024년 1회
  🔍 문항 스캔 시작 -> [No.37] 타이틀바인딩: 2024년 1회
  🔍 문항 스캔 시작 -> [No.38] 타이틀바인딩: 2024년 1회
  🔍 문항 스캔 시작 -> [No.39] 타이틀바인딩: 2024년 1회
  🔍 문항 스캔 시작 -> [No.40] 타이틀바인딩: 2024년 1회
  🔍 문항 스캔 시작 -> [No.41] 타이틀바인딩: 2024년 1회
  🔍 문항 스캔 시작 -> [No.42] 타이틀바인딩: 2024년 1회
  🔍 문항 스캔 시작 -> [No.43] 타이틀바인딩: 2024년 1회
  🔍 문항 스캔 시작 -> [No.44] 타이틀바인딩: 2024년 1회
  🔍 문항 스캔 시작 -> [No.45] 타이틀바인딩: 2024년 1회
  🔍 문항 스캔 시작 -> [No.46] 타이틀바인딩: 2024년 1회
  🔍 문항 스캔 시작 -> [No.47] 타이틀바인딩: 2024년 1회
  🔍 문항 스캔 시작 -> [No.48] 타이틀바인딩: 2024년 1회
  🔍 문항 스캔 시작 -> [No.49] 타이틀바인딩: 2024년 1회
  🔍 문항 스캔 시작 -> [No.50] 타이틀바인딩: 2024년 1회
  🔍 문항 스캔 시작 -> [No.01] 타이틀바인딩: 2024년 1회
    ❌ [문항 폐기] 1번 문항 보기(①~④) 누락으로 최종 구조화 제외.
  🔍 문항 스캔 시작 -> [No.51] 타이틀바인딩: 2024년 1회
  🔍 문항 스캔 시작 -> [No.52] 타이틀바인딩: 2024년 1회
  🔍 문항 스캔 시작 -> [No.53] 타이틀바인딩: 2024년 1회
  🔍 문항 스캔 시작 -> [No.54] 타이틀바인딩: 2024년 1회
  🔍 문항 스캔 시작 -> [No.01] 타이틀바인딩: 2024년 1회
    ❌ [문항 폐기] 1번 문항 보기(①~④) 누락으로 최종 구조화 제외.
  🔍 문항 스캔 시작 -> [No.55] 타이틀바인딩: 2024년 1회
  🔍 문항 스캔 시작 -> [No.56] 타이틀바인딩: 2024년 1회
  🔍 문항 스캔 시작 -> [No.57] 타이틀바인딩: 2024년 1회
  🔍 문항 스캔 시작 -> [No.58] 타이틀바인딩: 2024년 1회
  🔍 문항 스캔 시작 -> [No.59] 타이틀바인딩: 2024년 1회
  🔍 문항 스캔 시작 -> [No.60] 타이틀바인딩: 2024년 1회
🎯 [이름표 상태 전이 포착] 문맥 갱신: 2024년 1회 ➔ 2024년 3회
  🔍 문항 스캔 시작 -> [No.2024] 타이틀바인딩: 2024년 3회
ℹ️ [블록 076] 래퍼 표(외곽 틀) 감지 -> 셀 해체 내부 재귀 스캔 수행
    ❌ [문항 폐기] 2024번 문항 보기(①~④) 누락으로 최종 구조화 제외.
  🔍 문항 스캔 시작 -> [No.01] 타이틀바인딩: 2024년 3회
📦 [회차 마감 동기화] -> 이름표: 2024년 3회 | 포함 문항 수: 60개
  🔍 문항 스캔 시작 -> [No.02] 타이틀바인딩: 2024년 3회
  🔍 문항 스캔 시작 -> [No.03] 타이틀바인딩: 2024년 3회
  🔍 문항 스캔 시작 -> [No.04] 타이틀바인딩: 2024년 3회
  🔍 문항 스캔 시작 -> [No.01] 타이틀바인딩: 2024년 3회
    ❌ [문항 폐기] 1번 문항 보기(①~④) 누락으로 최종 구조화 제외.
  🔍 문항 스캔 시작 -> [No.02] 타이틀바인딩: 2024년 3회
    ❌ [문항 폐기] 2번 문항 보기(①~④) 누락으로 최종 구조화 제외.
  🔍 문항 스캔 시작 -> [No.05] 타이틀바인딩: 2024년 3회
  🔍 문항 스캔 시작 -> [No.06] 타이틀바인딩: 2024년 3회
  🔍 문항 스캔 시작 -> [No.07] 타이틀바인딩: 2024년 3회
  🔍 문항 스캔 시작 -> [No.08] 타이틀바인딩: 2024년 3회
  🔍 문항 스캔 시작 -> [No.09] 타이틀바인딩: 2024년 3회
  🔍 문항 스캔 시작 -> [No.10] 타이틀바인딩: 2024년 3회
  🔍 문항 스캔 시작 -> [No.11] 타이틀바인딩: 2024년 3회
  🔍 문항 스캔 시작 -> [No.12] 타이틀바인딩: 2024년 3회
  🔍 문항 스캔 시작 -> [No.13] 타이틀바인딩: 2024년 3회
  🔍 문항 스캔 시작 -> [No.14] 타이틀바인딩: 2024년 3회
  🔍 문항 스캔 시작 -> [No.15] 타이틀바인딩: 2024년 3회
  🔍 문항 스캔 시작 -> [No.16] 타이틀바인딩: 2024년 3회
  🔍 문항 스캔 시작 -> [No.17] 타이틀바인딩: 2024년 3회
  🔍 문항 스캔 시작 -> [No.18] 타이틀바인딩: 2024년 3회
  🔍 문항 스캔 시작 -> [No.19] 타이틀바인딩: 2024년 3회
  🔍 문항 스캔 시작 -> [No.20] 타이틀바인딩: 2024년 3회
  🔍 문항 스캔 시작 -> [No.21] 타이틀바인딩: 2024년 3회
  🔍 문항 스캔 시작 -> [No.22] 타이틀바인딩: 2024년 3회
  🔍 문항 스캔 시작 -> [No.23] 타이틀바인딩: 2024년 3회
  🔍 문항 스캔 시작 -> [No.24] 타이틀바인딩: 2024년 3회
  🔍 문항 스캔 시작 -> [No.02] 타이틀바인딩: 2024년 3회
    ❌ [문항 폐기] 2번 문항 보기(①~④) 누락으로 최종 구조화 제외.
  🔍 문항 스캔 시작 -> [No.25] 타이틀바인딩: 2024년 3회
  🔍 문항 스캔 시작 -> [No.01] 타이틀바인딩: 2024년 3회
    ❌ [문항 폐기] 1번 문항 보기(①~④) 누락으로 최종 구조화 제외.
  🔍 문항 스캔 시작 -> [No.26] 타이틀바인딩: 2024년 3회
  🔍 문항 스캔 시작 -> [No.65] 타이틀바인딩: 2024년 3회
    ❌ [문항 폐기] 65번 문항 보기(①~④) 누락으로 최종 구조화 제외.
  🔍 문항 스캔 시작 -> [No.27] 타이틀바인딩: 2024년 3회
  🔍 문항 스캔 시작 -> [No.28] 타이틀바인딩: 2024년 3회
  🔍 문항 스캔 시작 -> [No.29] 타이틀바인딩: 2024년 3회
  🔍 문항 스캔 시작 -> [No.30] 타이틀바인딩: 2024년 3회
  🔍 문항 스캔 시작 -> [No.31] 타이틀바인딩: 2024년 3회
  🔍 문항 스캔 시작 -> [No.32] 타이틀바인딩: 2024년 3회
  🔍 문항 스캔 시작 -> [No.33] 타이틀바인딩: 2024년 3회
  🔍 문항 스캔 시작 -> [No.34] 타이틀바인딩: 2024년 3회
  🔍 문항 스캔 시작 -> [No.35] 타이틀바인딩: 2024년 3회
  🔍 문항 스캔 시작 -> [No.36] 타이틀바인딩: 2024년 3회
  🔍 문항 스캔 시작 -> [No.37] 타이틀바인딩: 2024년 3회
  🔍 문항 스캔 시작 -> [No.38] 타이틀바인딩: 2024년 3회
  🔍 문항 스캔 시작 -> [No.39] 타이틀바인딩: 2024년 3회
  🔍 문항 스캔 시작 -> [No.40] 타이틀바인딩: 2024년 3회
  🔍 문항 스캔 시작 -> [No.41] 타이틀바인딩: 2024년 3회
  🔍 문항 스캔 시작 -> [No.42] 타이틀바인딩: 2024년 3회
  🔍 문항 스캔 시작 -> [No.43] 타이틀바인딩: 2024년 3회
  🔍 문항 스캔 시작 -> [No.44] 타이틀바인딩: 2024년 3회
  🔍 문항 스캔 시작 -> [No.45] 타이틀바인딩: 2024년 3회
  🔍 문항 스캔 시작 -> [No.46] 타이틀바인딩: 2024년 3회
  🔍 문항 스캔 시작 -> [No.02] 타이틀바인딩: 2024년 3회
    ❌ [문항 폐기] 2번 문항 보기(①~④) 누락으로 최종 구조화 제외.
  🔍 문항 스캔 시작 -> [No.47] 타이틀바인딩: 2024년 3회
  🔍 문항 스캔 시작 -> [No.48] 타이틀바인딩: 2024년 3회
  🔍 문항 스캔 시작 -> [No.49] 타이틀바인딩: 2024년 3회
  🔍 문항 스캔 시작 -> [No.50] 타이틀바인딩: 2024년 3회
  🔍 문항 스캔 시작 -> [No.51] 타이틀바인딩: 2024년 3회
  🔍 문항 스캔 시작 -> [No.52] 타이틀바인딩: 2024년 3회
  🔍 문항 스캔 시작 -> [No.53] 타이틀바인딩: 2024년 3회
  🔍 문항 스캔 시작 -> [No.54] 타이틀바인딩: 2024년 3회
  🔍 문항 스캔 시작 -> [No.55] 타이틀바인딩: 2024년 3회
  🔍 문항 스캔 시작 -> [No.56] 타이틀바인딩: 2024년 3회
  🔍 문항 스캔 시작 -> [No.57] 타이틀바인딩: 2024년 3회
  🔍 문항 스캔 시작 -> [No.58] 타이틀바인딩: 2024년 3회
  🔍 문항 스캔 시작 -> [No.01] 타이틀바인딩: 2024년 3회
    ❌ [문항 폐기] 1번 문항 보기(①~④) 누락으로 최종 구조화 제외.
  🔍 문항 스캔 시작 -> [No.59] 타이틀바인딩: 2024년 3회
  🔍 문항 스캔 시작 -> [No.60] 타이틀바인딩: 2024년 3회
🎯 [이름표 상태 전이 포착] 문맥 갱신: 2024년 3회 ➔ 2025년 1회
  🔍 문항 스캔 시작 -> [No.2025] 타이틀바인딩: 2025년 1회
ℹ️ [블록 081] 래퍼 표(외곽 틀) 감지 -> 셀 해체 내부 재귀 스캔 수행
    ❌ [문항 폐기] 2025번 문항 보기(①~④) 누락으로 최종 구조화 제외.
  🔍 문항 스캔 시작 -> [No.01] 타이틀바인딩: 2025년 1회
📦 [회차 마감 동기화] -> 이름표: 2025년 1회 | 포함 문항 수: 60개
  🔍 문항 스캔 시작 -> [No.02] 타이틀바인딩: 2025년 1회
  🔍 문항 스캔 시작 -> [No.03] 타이틀바인딩: 2025년 1회
  🔍 문항 스캔 시작 -> [No.04] 타이틀바인딩: 2025년 1회
  🔍 문항 스캔 시작 -> [No.05] 타이틀바인딩: 2025년 1회
  🔍 문항 스캔 시작 -> [No.06] 타이틀바인딩: 2025년 1회
  🔍 문항 스캔 시작 -> [No.07] 타이틀바인딩: 2025년 1회
  🔍 문항 스캔 시작 -> [No.08] 타이틀바인딩: 2025년 1회
  🔍 문항 스캔 시작 -> [No.09] 타이틀바인딩: 2025년 1회
  🔍 문항 스캔 시작 -> [No.10] 타이틀바인딩: 2025년 1회
  🔍 문항 스캔 시작 -> [No.11] 타이틀바인딩: 2025년 1회
  🔍 문항 스캔 시작 -> [No.01] 타이틀바인딩: 2025년 1회
    ❌ [문항 폐기] 1번 문항 보기(①~④) 누락으로 최종 구조화 제외.
  🔍 문항 스캔 시작 -> [No.12] 타이틀바인딩: 2025년 1회
  🔍 문항 스캔 시작 -> [No.13] 타이틀바인딩: 2025년 1회
  🔍 문항 스캔 시작 -> [No.14] 타이틀바인딩: 2025년 1회
  🔍 문항 스캔 시작 -> [No.15] 타이틀바인딩: 2025년 1회
  🔍 문항 스캔 시작 -> [No.16] 타이틀바인딩: 2025년 1회
  🔍 문항 스캔 시작 -> [No.17] 타이틀바인딩: 2025년 1회
  🔍 문항 스캔 시작 -> [No.18] 타이틀바인딩: 2025년 1회
  🔍 문항 스캔 시작 -> [No.19] 타이틀바인딩: 2025년 1회
  🔍 문항 스캔 시작 -> [No.20] 타이틀바인딩: 2025년 1회
  🔍 문항 스캔 시작 -> [No.21] 타이틀바인딩: 2025년 1회
  🔍 문항 스캔 시작 -> [No.22] 타이틀바인딩: 2025년 1회
  🔍 문항 스캔 시작 -> [No.23] 타이틀바인딩: 2025년 1회
  🔍 문항 스캔 시작 -> [No.24] 타이틀바인딩: 2025년 1회
  🔍 문항 스캔 시작 -> [No.25] 타이틀바인딩: 2025년 1회
  🔍 문항 스캔 시작 -> [No.26] 타이틀바인딩: 2025년 1회
  🔍 문항 스캔 시작 -> [No.27] 타이틀바인딩: 2025년 1회
  🔍 문항 스캔 시작 -> [No.28] 타이틀바인딩: 2025년 1회
  🔍 문항 스캔 시작 -> [No.29] 타이틀바인딩: 2025년 1회
  🔍 문항 스캔 시작 -> [No.30] 타이틀바인딩: 2025년 1회
  🔍 문항 스캔 시작 -> [No.31] 타이틀바인딩: 2025년 1회
  🔍 문항 스캔 시작 -> [No.32] 타이틀바인딩: 2025년 1회
  🔍 문항 스캔 시작 -> [No.33] 타이틀바인딩: 2025년 1회
  🔍 문항 스캔 시작 -> [No.34] 타이틀바인딩: 2025년 1회
  🔍 문항 스캔 시작 -> [No.35] 타이틀바인딩: 2025년 1회
  🔍 문항 스캔 시작 -> [No.36] 타이틀바인딩: 2025년 1회
  🔍 문항 스캔 시작 -> [No.37] 타이틀바인딩: 2025년 1회
  🔍 문항 스캔 시작 -> [No.38] 타이틀바인딩: 2025년 1회
  🔍 문항 스캔 시작 -> [No.39] 타이틀바인딩: 2025년 1회
  🔍 문항 스캔 시작 -> [No.40] 타이틀바인딩: 2025년 1회
  🔍 문항 스캔 시작 -> [No.41] 타이틀바인딩: 2025년 1회
  🔍 문항 스캔 시작 -> [No.42] 타이틀바인딩: 2025년 1회
  🔍 문항 스캔 시작 -> [No.43] 타이틀바인딩: 2025년 1회
  🔍 문항 스캔 시작 -> [No.44] 타이틀바인딩: 2025년 1회
  🔍 문항 스캔 시작 -> [No.45] 타이틀바인딩: 2025년 1회
  🔍 문항 스캔 시작 -> [No.46] 타이틀바인딩: 2025년 1회
  🔍 문항 스캔 시작 -> [No.47] 타이틀바인딩: 2025년 1회
  🔍 문항 스캔 시작 -> [No.48] 타이틀바인딩: 2025년 1회
  🔍 문항 스캔 시작 -> [No.49] 타이틀바인딩: 2025년 1회
  🔍 문항 스캔 시작 -> [No.01] 타이틀바인딩: 2025년 1회
    ❌ [문항 폐기] 1번 문항 보기(①~④) 누락으로 최종 구조화 제외.
  🔍 문항 스캔 시작 -> [No.50] 타이틀바인딩: 2025년 1회
  🔍 문항 스캔 시작 -> [No.51] 타이틀바인딩: 2025년 1회
  🔍 문항 스캔 시작 -> [No.52] 타이틀바인딩: 2025년 1회
  🔍 문항 스캔 시작 -> [No.53] 타이틀바인딩: 2025년 1회
  🔍 문항 스캔 시작 -> [No.54] 타이틀바인딩: 2025년 1회
  🔍 문항 스캔 시작 -> [No.55] 타이틀바인딩: 2025년 1회
  🔍 문항 스캔 시작 -> [No.56] 타이틀바인딩: 2025년 1회
  🔍 문항 스캔 시작 -> [No.57] 타이틀바인딩: 2025년 1회
  🔍 문항 스캔 시작 -> [No.02] 타이틀바인딩: 2025년 1회
    ❌ [문항 폐기] 2번 문항 보기(①~④) 누락으로 최종 구조화 제외.
  🔍 문항 스캔 시작 -> [No.58] 타이틀바인딩: 2025년 1회
  🔍 문항 스캔 시작 -> [No.59] 타이틀바인딩: 2025년 1회
  🔍 문항 스캔 시작 -> [No.01] 타이틀바인딩: 2025년 1회
    ❌ [문항 폐기] 1번 문항 보기(①~④) 누락으로 최종 구조화 제외.
  🔍 문항 스캔 시작 -> [No.01] 타이틀바인딩: 2025년 1회
    ❌ [문항 폐기] 1번 문항 보기(①~④) 누락으로 최종 구조화 제외.
  🔍 문항 스캔 시작 -> [No.60] 타이틀바인딩: 2025년 1회
🎯 [이름표 상태 전이 포착] 문맥 갱신: 2025년 1회 ➔ 2025년 3회
  🔍 문항 스캔 시작 -> [No.2025] 타이틀바인딩: 2025년 3회
ℹ️ [블록 086] 래퍼 표(외곽 틀) 감지 -> 셀 해체 내부 재귀 스캔 수행
    ❌ [문항 폐기] 2025번 문항 보기(①~④) 누락으로 최종 구조화 제외.
  🔍 문항 스캔 시작 -> [No.01] 타이틀바인딩: 2025년 3회
📦 [회차 마감 동기화] -> 이름표: 2025년 3회 | 포함 문항 수: 60개
  🔍 문항 스캔 시작 -> [No.02] 타이틀바인딩: 2025년 3회
  🔍 문항 스캔 시작 -> [No.03] 타이틀바인딩: 2025년 3회
  🔍 문항 스캔 시작 -> [No.04] 타이틀바인딩: 2025년 3회
  🔍 문항 스캔 시작 -> [No.05] 타이틀바인딩: 2025년 3회
  🔍 문항 스캔 시작 -> [No.06] 타이틀바인딩: 2025년 3회
  🔍 문항 스캔 시작 -> [No.07] 타이틀바인딩: 2025년 3회
  🔍 문항 스캔 시작 -> [No.08] 타이틀바인딩: 2025년 3회
  🔍 문항 스캔 시작 -> [No.09] 타이틀바인딩: 2025년 3회
  🔍 문항 스캔 시작 -> [No.10] 타이틀바인딩: 2025년 3회
  🔍 문항 스캔 시작 -> [No.11] 타이틀바인딩: 2025년 3회
  🔍 문항 스캔 시작 -> [No.12] 타이틀바인딩: 2025년 3회
  🔍 문항 스캔 시작 -> [No.13] 타이틀바인딩: 2025년 3회
  🔍 문항 스캔 시작 -> [No.14] 타이틀바인딩: 2025년 3회
  🔍 문항 스캔 시작 -> [No.15] 타이틀바인딩: 2025년 3회
  🔍 문항 스캔 시작 -> [No.16] 타이틀바인딩: 2025년 3회
  🔍 문항 스캔 시작 -> [No.17] 타이틀바인딩: 2025년 3회
  🔍 문항 스캔 시작 -> [No.18] 타이틀바인딩: 2025년 3회
  🔍 문항 스캔 시작 -> [No.19] 타이틀바인딩: 2025년 3회
  🔍 문항 스캔 시작 -> [No.20] 타이틀바인딩: 2025년 3회
  🔍 문항 스캔 시작 -> [No.21] 타이틀바인딩: 2025년 3회
  🔍 문항 스캔 시작 -> [No.22] 타이틀바인딩: 2025년 3회
  🔍 문항 스캔 시작 -> [No.23] 타이틀바인딩: 2025년 3회
  🔍 문항 스캔 시작 -> [No.24] 타이틀바인딩: 2025년 3회
  🔍 문항 스캔 시작 -> [No.25] 타이틀바인딩: 2025년 3회
  🔍 문항 스캔 시작 -> [No.26] 타이틀바인딩: 2025년 3회
  🔍 문항 스캔 시작 -> [No.27] 타이틀바인딩: 2025년 3회
  🔍 문항 스캔 시작 -> [No.28] 타이틀바인딩: 2025년 3회
  🔍 문항 스캔 시작 -> [No.29] 타이틀바인딩: 2025년 3회
  🔍 문항 스캔 시작 -> [No.30] 타이틀바인딩: 2025년 3회
  🔍 문항 스캔 시작 -> [No.31] 타이틀바인딩: 2025년 3회
  🔍 문항 스캔 시작 -> [No.32] 타이틀바인딩: 2025년 3회
  🔍 문항 스캔 시작 -> [No.33] 타이틀바인딩: 2025년 3회
  🔍 문항 스캔 시작 -> [No.34] 타이틀바인딩: 2025년 3회
  🔍 문항 스캔 시작 -> [No.35] 타이틀바인딩: 2025년 3회
  🔍 문항 스캔 시작 -> [No.36] 타이틀바인딩: 2025년 3회
  🔍 문항 스캔 시작 -> [No.37] 타이틀바인딩: 2025년 3회
  🔍 문항 스캔 시작 -> [No.38] 타이틀바인딩: 2025년 3회
  🔍 문항 스캔 시작 -> [No.39] 타이틀바인딩: 2025년 3회
  🔍 문항 스캔 시작 -> [No.40] 타이틀바인딩: 2025년 3회
  🔍 문항 스캔 시작 -> [No.41] 타이틀바인딩: 2025년 3회
  🔍 문항 스캔 시작 -> [No.42] 타이틀바인딩: 2025년 3회
  🔍 문항 스캔 시작 -> [No.43] 타이틀바인딩: 2025년 3회
  🔍 문항 스캔 시작 -> [No.44] 타이틀바인딩: 2025년 3회
  🔍 문항 스캔 시작 -> [No.45] 타이틀바인딩: 2025년 3회
  🔍 문항 스캔 시작 -> [No.46] 타이틀바인딩: 2025년 3회
  🔍 문항 스캔 시작 -> [No.47] 타이틀바인딩: 2025년 3회
  🔍 문항 스캔 시작 -> [No.500] 타이틀바인딩: 2025년 3회
    ❌ [문항 폐기] 500번 문항 보기(①~④) 누락으로 최종 구조화 제외.
  🔍 문항 스캔 시작 -> [No.48] 타이틀바인딩: 2025년 3회
  🔍 문항 스캔 시작 -> [No.49] 타이틀바인딩: 2025년 3회
  🔍 문항 스캔 시작 -> [No.50] 타이틀바인딩: 2025년 3회
  🔍 문항 스캔 시작 -> [No.00] 타이틀바인딩: 2025년 3회
    ❌ [문항 폐기] 0번 문항 보기(①~④) 누락으로 최종 구조화 제외.
  🔍 문항 스캔 시작 -> [No.51] 타이틀바인딩: 2025년 3회
  🔍 문항 스캔 시작 -> [No.52] 타이틀바인딩: 2025년 3회
  🔍 문항 스캔 시작 -> [No.53] 타이틀바인딩: 2025년 3회
  🔍 문항 스캔 시작 -> [No.54] 타이틀바인딩: 2025년 3회
  🔍 문항 스캔 시작 -> [No.55] 타이틀바인딩: 2025년 3회
  🔍 문항 스캔 시작 -> [No.56] 타이틀바인딩: 2025년 3회
  🔍 문항 스캔 시작 -> [No.57] 타이틀바인딩: 2025년 3회
  🔍 문항 스캔 시작 -> [No.58] 타이틀바인딩: 2025년 3회
  🔍 문항 스캔 시작 -> [No.59] 타이틀바인딩: 2025년 3회
  🔍 문항 스캔 시작 -> [No.60] 타이틀바인딩: 2025년 3회
📦 [최종 회차 최종 동기화] -> 이름표: 2025년 3회 | 포함 문항 수: 60개
---------------------------------------------------------------------------
🎉 V10.3 디버깅 가공 엔진 프로세스 완료!
추출 완료 이미지 리소스: 0개
---------------------------------------------------------------------------

📊 [각 회차별 최종 덤프 검증 결과 레포트]
---------------------------------------------------------------------------
 2019년 1회     | 총 60문항 | 파싱 범위: 1~60                 | 상태: ✅ 정상 완료
 2019년 3회     | 총 60문항 | 파싱 범위: 1~60                 | 상태: ✅ 정상 완료
 2020년 1회     | 총 60문항 | 파싱 범위: 1~60                 | 상태: ✅ 정상 완료
 2020년 3회     | 총 60문항 | 파싱 범위: 1~60                 | 상태: ✅ 정상 완료
 2021년 1회     | 총 60문항 | 파싱 범위: 1~60                 | 상태: ✅ 정상 완료
 2021년 3회     | 총 60문항 | 파싱 범위: 1~60                 | 상태: ✅ 정상 완료
 2022년 1회     | 총 60문항 | 파싱 범위: 1~60                 | 상태: ✅ 정상 완료
 2022년 3회     | 총 60문항 | 파싱 범위: 1~60                 | 상태: ✅ 정상 완료
 2023년 1회     | 총 60문항 | 파싱 범위: 1~60                 | 상태: ✅ 정상 완료
 2023년 3회     | 총 60문항 | 파싱 범위: 1~60                 | 상태: ✅ 정상 완료
 2024년 1회     | 총 60문항 | 파싱 범위: 1~60                 | 상태: ✅ 정상 완료
 2024년 3회     | 총 60문항 | 파싱 범위: 1~60                 | 상태: ✅ 정상 완료
 2025년 1회     | 총 60문항 | 파싱 범위: 1~60                 | 상태: ✅ 정상 완료
 2025년 3회     | 총 60문항 | 파싱 범위: 1~60                 | 상태: ✅ 정상 완료
 2025년 3회     | 총 60문항 | 파싱 범위: 1~60                 | 상태: ✅ 정상 완료
---------------------------------------------------------------------------
🎯 [최종 정산] 총 15개 기출 회차, 전체 900문항 컨버전 완료!
---------------------------------------------------------------------------
